[INFO] Scanning for projects...
[INFO] ------------------------------------------------------------------------
[INFO] Reactor Build Order:
[INFO] 
[INFO] Keycloak Documentation Parent
[INFO] github-maven-plugin
[INFO] API Documentation
[INFO] Authorization Services
[INFO] Getting Started
[INFO] Securing Applications and Services
[INFO] Server Administration
[INFO] Server Developer
[INFO] Server Installation and Configuration
[INFO] Release Notes
[INFO] Upgrading Guide
[INFO] Aggregation
[INFO] Tests
[INFO]                                                                         
[INFO] ------------------------------------------------------------------------
[INFO] Building Keycloak Documentation Parent 1.0.0-SNAPSHOT
[INFO] ------------------------------------------------------------------------
[INFO] Downloading: https://repo.maven.apache.org/maven2/org/apache/maven/plugins/maven-install-plugin/2.5.2/maven-install-plugin-2.5.2.pom
[INFO] Downloaded: https://repo.maven.apache.org/maven2/org/apache/maven/plugins/maven-install-plugin/2.5.2/maven-install-plugin-2.5.2.pom (7 KB at 10.5 KB/sec)
[INFO] Downloading: https://repo.maven.apache.org/maven2/org/apache/maven/plugins/maven-plugins/25/maven-plugins-25.pom
[INFO] Downloaded: https://repo.maven.apache.org/maven2/org/apache/maven/plugins/maven-plugins/25/maven-plugins-25.pom (10 KB at 91.4 KB/sec)
[INFO] Downloading: https://repo.maven.apache.org/maven2/org/apache/maven/maven-parent/24/maven-parent-24.pom
[INFO] Downloaded: https://repo.maven.apache.org/maven2/org/apache/maven/maven-parent/24/maven-parent-24.pom (37 KB at 318.9 KB/sec)
[INFO] Downloading: https://repo.maven.apache.org/maven2/org/apache/apache/14/apache-14.pom
[INFO] Downloaded: https://repo.maven.apache.org/maven2/org/apache/apache/14/apache-14.pom (15 KB at 298.8 KB/sec)
[INFO] Downloading: https://repo.maven.apache.org/maven2/org/apache/maven/plugins/maven-install-plugin/2.5.2/maven-install-plugin-2.5.2.jar
[INFO] Downloaded: https://repo.maven.apache.org/maven2/org/apache/maven/plugins/maven-install-plugin/2.5.2/maven-install-plugin-2.5.2.jar (33 KB at 808.5 KB/sec)
[INFO] 
[INFO] --- maven-install-plugin:2.5.2:install (default-install) @ documentation-parent ---
[INFO] Downloading: https://repo.maven.apache.org/maven2/org/apache/maven/maven-plugin-api/2.2.1/maven-plugin-api-2.2.1.pom
[INFO] Downloaded: https://repo.maven.apache.org/maven2/org/apache/maven/maven-plugin-api/2.2.1/maven-plugin-api-2.2.1.pom (2 KB at 34.8 KB/sec)
[INFO] Downloading: https://repo.maven.apache.org/maven2/org/apache/maven/maven/2.2.1/maven-2.2.1.pom
[INFO] Downloaded: https://repo.maven.apache.org/maven2/org/apache/maven/maven/2.2.1/maven-2.2.1.pom (22 KB at 625.3 KB/sec)
[INFO] Downloading: https://repo.maven.apache.org/maven2/org/apache/maven/maven-parent/11/maven-parent-11.pom
[INFO] Downloaded: https://repo.maven.apache.org/maven2/org/apache/maven/maven-parent/11/maven-parent-11.pom (32 KB at 1172.2 KB/sec)
[INFO] Downloading: https://repo.maven.apache.org/maven2/org/apache/apache/5/apache-5.pom
[INFO] Downloaded: https://repo.maven.apache.org/maven2/org/apache/apache/5/apache-5.pom (5 KB at 100.0 KB/sec)
[INFO] Downloading: https://repo.maven.apache.org/maven2/org/apache/maven/maven-project/2.2.1/maven-project-2.2.1.pom
[INFO] Downloaded: https://repo.maven.apache.org/maven2/org/apache/maven/maven-project/2.2.1/maven-project-2.2.1.pom (3 KB at 108.3 KB/sec)
[INFO] Downloading: https://repo.maven.apache.org/maven2/org/apache/maven/maven-settings/2.2.1/maven-settings-2.2.1.pom
[INFO] Downloaded: https://repo.maven.apache.org/maven2/org/apache/maven/maven-settings/2.2.1/maven-settings-2.2.1.pom (3 KB at 81.8 KB/sec)
[INFO] Downloading: https://repo.maven.apache.org/maven2/org/apache/maven/maven-model/2.2.1/maven-model-2.2.1.pom
[INFO] Downloaded: https://repo.maven.apache.org/maven2/org/apache/maven/maven-model/2.2.1/maven-model-2.2.1.pom (4 KB at 166.5 KB/sec)
[INFO] Downloading: https://repo.maven.apache.org/maven2/org/codehaus/plexus/plexus-utils/1.5.15/plexus-utils-1.5.15.pom
[INFO] Downloaded: https://repo.maven.apache.org/maven2/org/codehaus/plexus/plexus-utils/1.5.15/plexus-utils-1.5.15.pom (7 KB at 304.0 KB/sec)
[INFO] Downloading: https://repo.maven.apache.org/maven2/org/codehaus/plexus/plexus/2.0.2/plexus-2.0.2.pom
[INFO] Downloaded: https://repo.maven.apache.org/maven2/org/codehaus/plexus/plexus/2.0.2/plexus-2.0.2.pom (12 KB at 354.3 KB/sec)
[INFO] Downloading: https://repo.maven.apache.org/maven2/org/codehaus/plexus/plexus-interpolation/1.11/plexus-interpolation-1.11.pom
[INFO] Downloaded: https://repo.maven.apache.org/maven2/org/codehaus/plexus/plexus-interpolation/1.11/plexus-interpolation-1.11.pom (889 B at 31.0 KB/sec)
[INFO] Downloading: https://repo.maven.apache.org/maven2/org/codehaus/plexus/plexus-components/1.1.14/plexus-components-1.1.14.pom
[INFO] Downloaded: https://repo.maven.apache.org/maven2/org/codehaus/plexus/plexus-components/1.1.14/plexus-components-1.1.14.pom (6 KB at 219.4 KB/sec)
[INFO] Downloading: https://repo.maven.apache.org/maven2/org/codehaus/plexus/plexus-container-default/1.0-alpha-9-stable-1/plexus-container-default-1.0-alpha-9-stable-1.pom
[INFO] Downloaded: https://repo.maven.apache.org/maven2/org/codehaus/plexus/plexus-container-default/1.0-alpha-9-stable-1/plexus-container-default-1.0-alpha-9-stable-1.pom (4 KB at 116.9 KB/sec)
[INFO] Downloading: https://repo.maven.apache.org/maven2/org/codehaus/plexus/plexus-containers/1.0.3/plexus-containers-1.0.3.pom
[INFO] Downloaded: https://repo.maven.apache.org/maven2/org/codehaus/plexus/plexus-containers/1.0.3/plexus-containers-1.0.3.pom (492 B at 19.2 KB/sec)
[INFO] Downloading: https://repo.maven.apache.org/maven2/org/codehaus/plexus/plexus/1.0.4/plexus-1.0.4.pom
[INFO] Downloaded: https://repo.maven.apache.org/maven2/org/codehaus/plexus/plexus/1.0.4/plexus-1.0.4.pom (6 KB at 143.7 KB/sec)
[INFO] Downloading: https://repo.maven.apache.org/maven2/junit/junit/3.8.1/junit-3.8.1.pom
[INFO] Downloaded: https://repo.maven.apache.org/maven2/junit/junit/3.8.1/junit-3.8.1.pom (998 B at 25.6 KB/sec)
[INFO] Downloading: https://repo.maven.apache.org/maven2/org/codehaus/plexus/plexus-utils/1.0.4/plexus-utils-1.0.4.pom
[INFO] Downloaded: https://repo.maven.apache.org/maven2/org/codehaus/plexus/plexus-utils/1.0.4/plexus-utils-1.0.4.pom (7 KB at 209.2 KB/sec)
[INFO] Downloading: https://repo.maven.apache.org/maven2/classworlds/classworlds/1.1-alpha-2/classworlds-1.1-alpha-2.pom
[INFO] Downloaded: https://repo.maven.apache.org/maven2/classworlds/classworlds/1.1-alpha-2/classworlds-1.1-alpha-2.pom (4 KB at 203.6 KB/sec)
[INFO] Downloading: https://repo.maven.apache.org/maven2/org/apache/maven/maven-profile/2.2.1/maven-profile-2.2.1.pom
[INFO] Downloaded: https://repo.maven.apache.org/maven2/org/apache/maven/maven-profile/2.2.1/maven-profile-2.2.1.pom (3 KB at 124.7 KB/sec)
[INFO] Downloading: https://repo.maven.apache.org/maven2/org/apache/maven/maven-artifact-manager/2.2.1/maven-artifact-manager-2.2.1.pom
[INFO] Downloaded: https://repo.maven.apache.org/maven2/org/apache/maven/maven-artifact-manager/2.2.1/maven-artifact-manager-2.2.1.pom (4 KB at 233.1 KB/sec)
[INFO] Downloading: https://repo.maven.apache.org/maven2/org/apache/maven/maven-repository-metadata/2.2.1/maven-repository-metadata-2.2.1.pom
[INFO] Downloaded: https://repo.maven.apache.org/maven2/org/apache/maven/maven-repository-metadata/2.2.1/maven-repository-metadata-2.2.1.pom (2 KB at 60.9 KB/sec)
[INFO] Downloading: https://repo.maven.apache.org/maven2/org/apache/maven/maven-artifact/2.2.1/maven-artifact-2.2.1.pom
[INFO] Downloaded: https://repo.maven.apache.org/maven2/org/apache/maven/maven-artifact/2.2.1/maven-artifact-2.2.1.pom (2 KB at 81.3 KB/sec)
[INFO] Downloading: https://repo.maven.apache.org/maven2/backport-util-concurrent/backport-util-concurrent/3.1/backport-util-concurrent-3.1.pom
[INFO] Downloaded: https://repo.maven.apache.org/maven2/backport-util-concurrent/backport-util-concurrent/3.1/backport-util-concurrent-3.1.pom (880 B at 14.8 KB/sec)
[INFO] Downloading: https://repo.maven.apache.org/maven2/org/apache/maven/maven-plugin-registry/2.2.1/maven-plugin-registry-2.2.1.pom
[INFO] Downloaded: https://repo.maven.apache.org/maven2/org/apache/maven/maven-plugin-registry/2.2.1/maven-plugin-registry-2.2.1.pom (2 KB at 67.3 KB/sec)
[INFO] Downloading: https://repo.maven.apache.org/maven2/commons-codec/commons-codec/1.6/commons-codec-1.6.pom
[INFO] Downloaded: https://repo.maven.apache.org/maven2/commons-codec/commons-codec/1.6/commons-codec-1.6.pom (11 KB at 320.5 KB/sec)
[INFO] Downloading: https://repo.maven.apache.org/maven2/org/apache/commons/commons-parent/22/commons-parent-22.pom
[INFO] Downloaded: https://repo.maven.apache.org/maven2/org/apache/commons/commons-parent/22/commons-parent-22.pom (41 KB at 1320.5 KB/sec)
[INFO] Downloading: https://repo.maven.apache.org/maven2/org/apache/apache/9/apache-9.pom
[INFO] Downloaded: https://repo.maven.apache.org/maven2/org/apache/apache/9/apache-9.pom (15 KB at 493.5 KB/sec)
[INFO] Downloading: https://repo.maven.apache.org/maven2/org/apache/maven/shared/maven-shared-utils/0.4/maven-shared-utils-0.4.pom
[INFO] Downloaded: https://repo.maven.apache.org/maven2/org/apache/maven/shared/maven-shared-utils/0.4/maven-shared-utils-0.4.pom (4 KB at 158.1 KB/sec)
[INFO] Downloading: https://repo.maven.apache.org/maven2/org/apache/maven/shared/maven-shared-components/19/maven-shared-components-19.pom
[INFO] Downloaded: https://repo.maven.apache.org/maven2/org/apache/maven/shared/maven-shared-components/19/maven-shared-components-19.pom (7 KB at 238.8 KB/sec)
[INFO] Downloading: https://repo.maven.apache.org/maven2/org/apache/maven/maven-parent/23/maven-parent-23.pom
[INFO] Downloaded: https://repo.maven.apache.org/maven2/org/apache/maven/maven-parent/23/maven-parent-23.pom (32 KB at 1272.9 KB/sec)
[INFO] Downloading: https://repo.maven.apache.org/maven2/org/apache/apache/13/apache-13.pom
[INFO] Downloaded: https://repo.maven.apache.org/maven2/org/apache/apache/13/apache-13.pom (14 KB at 389.9 KB/sec)
[INFO] Downloading: https://repo.maven.apache.org/maven2/com/google/code/findbugs/jsr305/2.0.1/jsr305-2.0.1.pom
[INFO] Downloaded: https://repo.maven.apache.org/maven2/com/google/code/findbugs/jsr305/2.0.1/jsr305-2.0.1.pom (965 B at 34.9 KB/sec)
[INFO] Downloading: https://repo.maven.apache.org/maven2/org/codehaus/plexus/plexus-utils/3.0.15/plexus-utils-3.0.15.pom
[INFO] Downloaded: https://repo.maven.apache.org/maven2/org/codehaus/plexus/plexus-utils/3.0.15/plexus-utils-3.0.15.pom (4 KB at 161.7 KB/sec)
[INFO] Downloading: https://repo.maven.apache.org/maven2/org/codehaus/plexus/plexus/3.3.1/plexus-3.3.1.pom
[INFO] Downloaded: https://repo.maven.apache.org/maven2/org/codehaus/plexus/plexus/3.3.1/plexus-3.3.1.pom (20 KB at 831.9 KB/sec)
[INFO] Downloading: https://repo.maven.apache.org/maven2/org/sonatype/spice/spice-parent/17/spice-parent-17.pom
[INFO] Downloaded: https://repo.maven.apache.org/maven2/org/sonatype/spice/spice-parent/17/spice-parent-17.pom (7 KB at 287.0 KB/sec)
[INFO] Downloading: https://repo.maven.apache.org/maven2/org/sonatype/forge/forge-parent/10/forge-parent-10.pom
[INFO] Downloaded: https://repo.maven.apache.org/maven2/org/sonatype/forge/forge-parent/10/forge-parent-10.pom (14 KB at 662.1 KB/sec)
[INFO] Downloading: https://repo.maven.apache.org/maven2/org/apache/maven/maven-plugin-api/2.2.1/maven-plugin-api-2.2.1.jar
[INFO] Downloading: https://repo.maven.apache.org/maven2/org/apache/maven/maven-project/2.2.1/maven-project-2.2.1.jar
[INFO] Downloading: https://repo.maven.apache.org/maven2/org/apache/maven/maven-settings/2.2.1/maven-settings-2.2.1.jar
[INFO] Downloading: https://repo.maven.apache.org/maven2/org/apache/maven/maven-profile/2.2.1/maven-profile-2.2.1.jar
[INFO] Downloading: https://repo.maven.apache.org/maven2/org/apache/maven/maven-plugin-registry/2.2.1/maven-plugin-registry-2.2.1.jar
[INFO] Downloaded: https://repo.maven.apache.org/maven2/org/apache/maven/maven-settings/2.2.1/maven-settings-2.2.1.jar (48 KB at 694.1 KB/sec)
[INFO] Downloading: https://repo.maven.apache.org/maven2/org/codehaus/plexus/plexus-interpolation/1.11/plexus-interpolation-1.11.jar
[INFO] Downloaded: https://repo.maven.apache.org/maven2/org/apache/maven/maven-plugin-api/2.2.1/maven-plugin-api-2.2.1.jar (13 KB at 120.8 KB/sec)
[INFO] Downloading: https://repo.maven.apache.org/maven2/org/codehaus/plexus/plexus-container-default/1.0-alpha-9-stable-1/plexus-container-default-1.0-alpha-9-stable-1.jar
[INFO] Downloaded: https://repo.maven.apache.org/maven2/org/apache/maven/maven-plugin-registry/2.2.1/maven-plugin-registry-2.2.1.jar (30 KB at 259.1 KB/sec)
[INFO] Downloading: https://repo.maven.apache.org/maven2/junit/junit/3.8.1/junit-3.8.1.jar
[INFO] Downloaded: https://repo.maven.apache.org/maven2/org/apache/maven/maven-profile/2.2.1/maven-profile-2.2.1.jar (35 KB at 305.6 KB/sec)
[INFO] Downloading: https://repo.maven.apache.org/maven2/classworlds/classworlds/1.1-alpha-2/classworlds-1.1-alpha-2.jar
[INFO] Downloaded: https://repo.maven.apache.org/maven2/org/codehaus/plexus/plexus-interpolation/1.11/plexus-interpolation-1.11.jar (50 KB at 371.2 KB/sec)
[INFO] Downloading: https://repo.maven.apache.org/maven2/org/apache/maven/maven-model/2.2.1/maven-model-2.2.1.jar
[INFO] Downloaded: https://repo.maven.apache.org/maven2/classworlds/classworlds/1.1-alpha-2/classworlds-1.1-alpha-2.jar (37 KB at 216.8 KB/sec)
[INFO] Downloading: https://repo.maven.apache.org/maven2/org/apache/maven/maven-artifact-manager/2.2.1/maven-artifact-manager-2.2.1.jar
[INFO] Downloaded: https://repo.maven.apache.org/maven2/org/apache/maven/maven-project/2.2.1/maven-project-2.2.1.jar (153 KB at 872.1 KB/sec)
[INFO] Downloading: https://repo.maven.apache.org/maven2/org/apache/maven/maven-repository-metadata/2.2.1/maven-repository-metadata-2.2.1.jar
[INFO] Downloaded: https://repo.maven.apache.org/maven2/org/apache/maven/maven-model/2.2.1/maven-model-2.2.1.jar (86 KB at 415.2 KB/sec)
[INFO] Downloading: https://repo.maven.apache.org/maven2/backport-util-concurrent/backport-util-concurrent/3.1/backport-util-concurrent-3.1.jar
[INFO] Downloaded: https://repo.maven.apache.org/maven2/junit/junit/3.8.1/junit-3.8.1.jar (119 KB at 565.7 KB/sec)
[INFO] Downloading: https://repo.maven.apache.org/maven2/org/apache/maven/maven-artifact/2.2.1/maven-artifact-2.2.1.jar
[INFO] Downloaded: https://repo.maven.apache.org/maven2/org/apache/maven/maven-artifact-manager/2.2.1/maven-artifact-manager-2.2.1.jar (66 KB at 256.8 KB/sec)
[INFO] Downloading: https://repo.maven.apache.org/maven2/commons-codec/commons-codec/1.6/commons-codec-1.6.jar
[INFO] Downloaded: https://repo.maven.apache.org/maven2/org/codehaus/plexus/plexus-container-default/1.0-alpha-9-stable-1/plexus-container-default-1.0-alpha-9-stable-1.jar (190 KB at 718.3 KB/sec)
[INFO] Downloading: https://repo.maven.apache.org/maven2/org/apache/maven/shared/maven-shared-utils/0.4/maven-shared-utils-0.4.jar
[INFO] Downloaded: https://repo.maven.apache.org/maven2/org/apache/maven/maven-repository-metadata/2.2.1/maven-repository-metadata-2.2.1.jar (26 KB at 94.9 KB/sec)
[INFO] Downloading: https://repo.maven.apache.org/maven2/com/google/code/findbugs/jsr305/2.0.1/jsr305-2.0.1.jar
[INFO] Downloaded: https://repo.maven.apache.org/maven2/org/apache/maven/maven-artifact/2.2.1/maven-artifact-2.2.1.jar (79 KB at 296.0 KB/sec)
[INFO] Downloading: https://repo.maven.apache.org/maven2/org/codehaus/plexus/plexus-utils/3.0.15/plexus-utils-3.0.15.jar
[INFO] Downloaded: https://repo.maven.apache.org/maven2/com/google/code/findbugs/jsr305/2.0.1/jsr305-2.0.1.jar (32 KB at 104.1 KB/sec)
[INFO] Downloaded: https://repo.maven.apache.org/maven2/commons-codec/commons-codec/1.6/commons-codec-1.6.jar (228 KB at 664.7 KB/sec)
[INFO] Downloaded: https://repo.maven.apache.org/maven2/org/apache/maven/shared/maven-shared-utils/0.4/maven-shared-utils-0.4.jar (152 KB at 428.8 KB/sec)
[INFO] Downloaded: https://repo.maven.apache.org/maven2/org/codehaus/plexus/plexus-utils/3.0.15/plexus-utils-3.0.15.jar (234 KB at 657.3 KB/sec)
[INFO] Downloaded: https://repo.maven.apache.org/maven2/backport-util-concurrent/backport-util-concurrent/3.1/backport-util-concurrent-3.1.jar (324 KB at 899.8 KB/sec)
[INFO] Installing /tmp/build/pom.xml to /home/maven/.m2/repository/org/keycloak/documentation/documentation-parent/1.0.0-SNAPSHOT/documentation-parent-1.0.0-SNAPSHOT.pom
[INFO]                                                                         
[INFO] ------------------------------------------------------------------------
[INFO] Building github-maven-plugin 1.0.0-SNAPSHOT
[INFO] ------------------------------------------------------------------------
[INFO] Downloading: https://repo.maven.apache.org/maven2/org/apache/maven/plugins/maven-plugin-plugin/3.4/maven-plugin-plugin-3.4.pom
[INFO] Downloaded: https://repo.maven.apache.org/maven2/org/apache/maven/plugins/maven-plugin-plugin/3.4/maven-plugin-plugin-3.4.pom (14 KB at 843.0 KB/sec)
[INFO] Downloading: https://repo.maven.apache.org/maven2/org/apache/maven/plugin-tools/maven-plugin-tools/3.4/maven-plugin-tools-3.4.pom
[INFO] Downloaded: https://repo.maven.apache.org/maven2/org/apache/maven/plugin-tools/maven-plugin-tools/3.4/maven-plugin-tools-3.4.pom (14 KB at 1206.6 KB/sec)
[INFO] Downloading: https://repo.maven.apache.org/maven2/org/apache/maven/maven-parent/26/maven-parent-26.pom
[INFO] Downloaded: https://repo.maven.apache.org/maven2/org/apache/maven/maven-parent/26/maven-parent-26.pom (39 KB at 1850.1 KB/sec)
[INFO] Downloading: https://repo.maven.apache.org/maven2/org/apache/apache/16/apache-16.pom
[INFO] Downloaded: https://repo.maven.apache.org/maven2/org/apache/apache/16/apache-16.pom (16 KB at 417.7 KB/sec)
[INFO] Downloading: https://repo.maven.apache.org/maven2/org/apache/maven/plugins/maven-plugin-plugin/3.4/maven-plugin-plugin-3.4.jar
[INFO] Downloaded: https://repo.maven.apache.org/maven2/org/apache/maven/plugins/maven-plugin-plugin/3.4/maven-plugin-plugin-3.4.jar (49 KB at 1316.6 KB/sec)
[INFO] Downloading: https://repo.maven.apache.org/maven2/org/apache/maven/plugins/maven-resources-plugin/3.0.2/maven-resources-plugin-3.0.2.pom
[INFO] Downloaded: https://repo.maven.apache.org/maven2/org/apache/maven/plugins/maven-resources-plugin/3.0.2/maven-resources-plugin-3.0.2.pom (7 KB at 387.0 KB/sec)
[INFO] Downloading: https://repo.maven.apache.org/maven2/org/apache/maven/plugins/maven-plugins/30/maven-plugins-30.pom
[INFO] Downloaded: https://repo.maven.apache.org/maven2/org/apache/maven/plugins/maven-plugins/30/maven-plugins-30.pom (10 KB at 662.2 KB/sec)
[INFO] Downloading: https://repo.maven.apache.org/maven2/org/apache/maven/maven-parent/30/maven-parent-30.pom
[INFO] Downloaded: https://repo.maven.apache.org/maven2/org/apache/maven/maven-parent/30/maven-parent-30.pom (41 KB at 2017.6 KB/sec)
[INFO] Downloading: https://repo.maven.apache.org/maven2/org/apache/apache/18/apache-18.pom
[INFO] Downloaded: https://repo.maven.apache.org/maven2/org/apache/apache/18/apache-18.pom (16 KB at 612.0 KB/sec)
[INFO] Downloading: https://repo.maven.apache.org/maven2/org/apache/maven/plugins/maven-resources-plugin/3.0.2/maven-resources-plugin-3.0.2.jar
[INFO] Downloaded: https://repo.maven.apache.org/maven2/org/apache/maven/plugins/maven-resources-plugin/3.0.2/maven-resources-plugin-3.0.2.jar (31 KB at 814.9 KB/sec)
[INFO] Downloading: https://repo.maven.apache.org/maven2/org/apache/maven/plugins/maven-compiler-plugin/3.6.1/maven-compiler-plugin-3.6.1.pom
[INFO] Downloaded: https://repo.maven.apache.org/maven2/org/apache/maven/plugins/maven-compiler-plugin/3.6.1/maven-compiler-plugin-3.6.1.pom (11 KB at 390.6 KB/sec)
[INFO] Downloading: https://repo.maven.apache.org/maven2/org/apache/maven/plugins/maven-compiler-plugin/3.6.1/maven-compiler-plugin-3.6.1.jar
[INFO] Downloaded: https://repo.maven.apache.org/maven2/org/apache/maven/plugins/maven-compiler-plugin/3.6.1/maven-compiler-plugin-3.6.1.jar (58 KB at 1734.8 KB/sec)
[INFO] Downloading: https://repo.maven.apache.org/maven2/org/apache/maven/plugins/maven-surefire-plugin/2.12.4/maven-surefire-plugin-2.12.4.pom
[INFO] Downloaded: https://repo.maven.apache.org/maven2/org/apache/maven/plugins/maven-surefire-plugin/2.12.4/maven-surefire-plugin-2.12.4.pom (11 KB at 444.8 KB/sec)
[INFO] Downloading: https://repo.maven.apache.org/maven2/org/apache/maven/surefire/surefire/2.12.4/surefire-2.12.4.pom
[INFO] Downloaded: https://repo.maven.apache.org/maven2/org/apache/maven/surefire/surefire/2.12.4/surefire-2.12.4.pom (14 KB at 313.2 KB/sec)
[INFO] Downloading: https://repo.maven.apache.org/maven2/org/apache/maven/maven-parent/22/maven-parent-22.pom
[INFO] Downloaded: https://repo.maven.apache.org/maven2/org/apache/maven/maven-parent/22/maven-parent-22.pom (30 KB at 764.4 KB/sec)
[INFO] Downloading: https://repo.maven.apache.org/maven2/org/apache/apache/11/apache-11.pom
[INFO] Downloaded: https://repo.maven.apache.org/maven2/org/apache/apache/11/apache-11.pom (15 KB at 602.7 KB/sec)
[INFO] Downloading: https://repo.maven.apache.org/maven2/org/apache/maven/plugins/maven-surefire-plugin/2.12.4/maven-surefire-plugin-2.12.4.jar
[INFO] Downloaded: https://repo.maven.apache.org/maven2/org/apache/maven/plugins/maven-surefire-plugin/2.12.4/maven-surefire-plugin-2.12.4.jar (30 KB at 826.3 KB/sec)
[INFO] Downloading: https://repo.maven.apache.org/maven2/org/apache/maven/plugins/maven-jar-plugin/3.0.2/maven-jar-plugin-3.0.2.pom
[INFO] Downloaded: https://repo.maven.apache.org/maven2/org/apache/maven/plugins/maven-jar-plugin/3.0.2/maven-jar-plugin-3.0.2.pom (7 KB at 194.6 KB/sec)
[INFO] Downloading: https://repo.maven.apache.org/maven2/org/apache/maven/plugins/maven-jar-plugin/3.0.2/maven-jar-plugin-3.0.2.jar
[INFO] Downloaded: https://repo.maven.apache.org/maven2/org/apache/maven/plugins/maven-jar-plugin/3.0.2/maven-jar-plugin-3.0.2.jar (27 KB at 850.4 KB/sec)
[INFO] Downloading: https://repo.maven.apache.org/maven2/org/apache/maven/wagon/wagon-provider-api/1.0-beta-6/wagon-provider-api-1.0-beta-6.pom
[INFO] Downloaded: https://repo.maven.apache.org/maven2/org/apache/maven/wagon/wagon-provider-api/1.0-beta-6/wagon-provider-api-1.0-beta-6.pom (2 KB at 101.1 KB/sec)
[INFO] Downloading: https://repo.maven.apache.org/maven2/org/apache/maven/wagon/wagon/1.0-beta-6/wagon-1.0-beta-6.pom
[INFO] Downloaded: https://repo.maven.apache.org/maven2/org/apache/maven/wagon/wagon/1.0-beta-6/wagon-1.0-beta-6.pom (13 KB at 576.0 KB/sec)
[INFO] Downloading: https://repo.maven.apache.org/maven2/org/codehaus/plexus/plexus-utils/1.4.2/plexus-utils-1.4.2.pom
[INFO] Downloaded: https://repo.maven.apache.org/maven2/org/codehaus/plexus/plexus-utils/1.4.2/plexus-utils-1.4.2.pom (2 KB at 159.4 KB/sec)
[INFO] Downloading: https://repo.maven.apache.org/maven2/org/codehaus/plexus/plexus/1.0.11/plexus-1.0.11.pom
[INFO] Downloaded: https://repo.maven.apache.org/maven2/org/codehaus/plexus/plexus/1.0.11/plexus-1.0.11.pom (9 KB at 973.2 KB/sec)
[INFO] Downloading: https://repo.maven.apache.org/maven2/org/apache/maven/maven-plugin-api/3.0/maven-plugin-api-3.0.pom
[INFO] Downloaded: https://repo.maven.apache.org/maven2/org/apache/maven/maven-plugin-api/3.0/maven-plugin-api-3.0.pom (3 KB at 111.7 KB/sec)
[INFO] Downloading: https://repo.maven.apache.org/maven2/org/apache/maven/maven/3.0/maven-3.0.pom
[INFO] Downloaded: https://repo.maven.apache.org/maven2/org/apache/maven/maven/3.0/maven-3.0.pom (22 KB at 1942.9 KB/sec)
[INFO] Downloading: https://repo.maven.apache.org/maven2/org/apache/maven/maven-parent/15/maven-parent-15.pom
[INFO] Downloaded: https://repo.maven.apache.org/maven2/org/apache/maven/maven-parent/15/maven-parent-15.pom (24 KB at 1953.4 KB/sec)
[INFO] Downloading: https://repo.maven.apache.org/maven2/org/apache/apache/6/apache-6.pom
[INFO] Downloaded: https://repo.maven.apache.org/maven2/org/apache/apache/6/apache-6.pom (13 KB at 735.1 KB/sec)
[INFO] Downloading: https://repo.maven.apache.org/maven2/org/apache/maven/maven-model/3.0/maven-model-3.0.pom
[INFO] Downloaded: https://repo.maven.apache.org/maven2/org/apache/maven/maven-model/3.0/maven-model-3.0.pom (4 KB at 126.7 KB/sec)
[INFO] Downloading: https://repo.maven.apache.org/maven2/org/codehaus/plexus/plexus-utils/2.0.4/plexus-utils-2.0.4.pom
[INFO] Downloaded: https://repo.maven.apache.org/maven2/org/codehaus/plexus/plexus-utils/2.0.4/plexus-utils-2.0.4.pom (4 KB at 232.6 KB/sec)
[INFO] Downloading: https://repo.maven.apache.org/maven2/org/codehaus/plexus/plexus/2.0.6/plexus-2.0.6.pom
[INFO] Downloaded: https://repo.maven.apache.org/maven2/org/codehaus/plexus/plexus/2.0.6/plexus-2.0.6.pom (17 KB at 1637.0 KB/sec)
[INFO] Downloading: https://repo.maven.apache.org/maven2/org/apache/maven/maven-artifact/3.0/maven-artifact-3.0.pom
[INFO] Downloaded: https://repo.maven.apache.org/maven2/org/apache/maven/maven-artifact/3.0/maven-artifact-3.0.pom (2 KB at 171.2 KB/sec)
[INFO] Downloading: https://repo.maven.apache.org/maven2/org/sonatype/sisu/sisu-inject-plexus/1.4.2/sisu-inject-plexus-1.4.2.pom
[INFO] Downloaded: https://repo.maven.apache.org/maven2/org/sonatype/sisu/sisu-inject-plexus/1.4.2/sisu-inject-plexus-1.4.2.pom (6 KB at 403.3 KB/sec)
[INFO] Downloading: https://repo.maven.apache.org/maven2/org/sonatype/sisu/inject/guice-plexus/1.4.2/guice-plexus-1.4.2.pom
[INFO] Downloaded: https://repo.maven.apache.org/maven2/org/sonatype/sisu/inject/guice-plexus/1.4.2/guice-plexus-1.4.2.pom (4 KB at 122.2 KB/sec)
[INFO] Downloading: https://repo.maven.apache.org/maven2/org/sonatype/sisu/inject/guice-bean/1.4.2/guice-bean-1.4.2.pom
[INFO] Downloaded: https://repo.maven.apache.org/maven2/org/sonatype/sisu/inject/guice-bean/1.4.2/guice-bean-1.4.2.pom (3 KB at 181.8 KB/sec)
[INFO] Downloading: https://repo.maven.apache.org/maven2/org/sonatype/sisu/sisu-inject/1.4.2/sisu-inject-1.4.2.pom
[INFO] Downloaded: https://repo.maven.apache.org/maven2/org/sonatype/sisu/sisu-inject/1.4.2/sisu-inject-1.4.2.pom (2 KB at 135.5 KB/sec)
[INFO] Downloading: https://repo.maven.apache.org/maven2/org/sonatype/sisu/sisu-parent/1.4.2/sisu-parent-1.4.2.pom
[INFO] Downloaded: https://repo.maven.apache.org/maven2/org/sonatype/sisu/sisu-parent/1.4.2/sisu-parent-1.4.2.pom (8 KB at 584.2 KB/sec)
[INFO] Downloading: https://repo.maven.apache.org/maven2/org/sonatype/forge/forge-parent/6/forge-parent-6.pom
[INFO] Downloaded: https://repo.maven.apache.org/maven2/org/sonatype/forge/forge-parent/6/forge-parent-6.pom (11 KB at 954.7 KB/sec)
[INFO] Downloading: https://repo.maven.apache.org/maven2/org/codehaus/plexus/plexus-component-annotations/1.5.4/plexus-component-annotations-1.5.4.pom
[INFO] Downloaded: https://repo.maven.apache.org/maven2/org/codehaus/plexus/plexus-component-annotations/1.5.4/plexus-component-annotations-1.5.4.pom (815 B at 44.2 KB/sec)
[INFO] Downloading: https://repo.maven.apache.org/maven2/org/codehaus/plexus/plexus-containers/1.5.4/plexus-containers-1.5.4.pom
[INFO] Downloaded: https://repo.maven.apache.org/maven2/org/codehaus/plexus/plexus-containers/1.5.4/plexus-containers-1.5.4.pom (5 KB at 217.9 KB/sec)
[INFO] Downloading: https://repo.maven.apache.org/maven2/org/codehaus/plexus/plexus/2.0.5/plexus-2.0.5.pom
[INFO] Downloaded: https://repo.maven.apache.org/maven2/org/codehaus/plexus/plexus/2.0.5/plexus-2.0.5.pom (17 KB at 705.9 KB/sec)
[INFO] Downloading: https://repo.maven.apache.org/maven2/org/codehaus/plexus/plexus-classworlds/2.2.3/plexus-classworlds-2.2.3.pom
[INFO] Downloaded: https://repo.maven.apache.org/maven2/org/codehaus/plexus/plexus-classworlds/2.2.3/plexus-classworlds-2.2.3.pom (4 KB at 278.8 KB/sec)
[INFO] Downloading: https://repo.maven.apache.org/maven2/org/codehaus/plexus/plexus-utils/2.0.5/plexus-utils-2.0.5.pom
[INFO] Downloaded: https://repo.maven.apache.org/maven2/org/codehaus/plexus/plexus-utils/2.0.5/plexus-utils-2.0.5.pom (4 KB at 155.0 KB/sec)
[INFO] Downloading: https://repo.maven.apache.org/maven2/org/sonatype/sisu/sisu-inject-bean/1.4.2/sisu-inject-bean-1.4.2.pom
[INFO] Downloaded: https://repo.maven.apache.org/maven2/org/sonatype/sisu/sisu-inject-bean/1.4.2/sisu-inject-bean-1.4.2.pom (6 KB at 190.3 KB/sec)
[INFO] Downloading: https://repo.maven.apache.org/maven2/org/sonatype/sisu/sisu-guice/2.1.7/sisu-guice-2.1.7.pom
[INFO] Downloaded: https://repo.maven.apache.org/maven2/org/sonatype/sisu/sisu-guice/2.1.7/sisu-guice-2.1.7.pom (11 KB at 982.0 KB/sec)
[INFO] Downloading: https://repo.maven.apache.org/maven2/org/apache/maven/plugin-tools/maven-plugin-annotations/3.1/maven-plugin-annotations-3.1.pom
[INFO] Downloaded: https://repo.maven.apache.org/maven2/org/apache/maven/plugin-tools/maven-plugin-annotations/3.1/maven-plugin-annotations-3.1.pom (2 KB at 44.1 KB/sec)
[INFO] Downloading: https://repo.maven.apache.org/maven2/org/apache/maven/plugin-tools/maven-plugin-tools/3.1/maven-plugin-tools-3.1.pom
[INFO] Downloaded: https://repo.maven.apache.org/maven2/org/apache/maven/plugin-tools/maven-plugin-tools/3.1/maven-plugin-tools-3.1.pom (16 KB at 526.8 KB/sec)
[INFO] Downloading: https://repo.maven.apache.org/maven2/org/apache/maven/maven-parent/21/maven-parent-21.pom
[INFO] Downloaded: https://repo.maven.apache.org/maven2/org/apache/maven/maven-parent/21/maven-parent-21.pom (26 KB at 612.9 KB/sec)
[INFO] Downloading: https://repo.maven.apache.org/maven2/org/apache/apache/10/apache-10.pom
[INFO] Downloaded: https://repo.maven.apache.org/maven2/org/apache/apache/10/apache-10.pom (15 KB at 390.6 KB/sec)
[INFO] Downloading: https://repo.maven.apache.org/maven2/org/codehaus/plexus/plexus-utils/3.0.24/plexus-utils-3.0.24.pom
[INFO] Downloaded: https://repo.maven.apache.org/maven2/org/codehaus/plexus/plexus-utils/3.0.24/plexus-utils-3.0.24.pom (5 KB at 139.0 KB/sec)
[INFO] Downloading: https://repo.maven.apache.org/maven2/org/codehaus/plexus/plexus/4.0/plexus-4.0.pom
[INFO] Downloaded: https://repo.maven.apache.org/maven2/org/codehaus/plexus/plexus/4.0/plexus-4.0.pom (21 KB at 1499.7 KB/sec)
[INFO] Downloading: https://repo.maven.apache.org/maven2/org/apache/maven/wagon/wagon-provider-api/1.0-beta-6/wagon-provider-api-1.0-beta-6.jar
[INFO] Downloading: https://repo.maven.apache.org/maven2/org/apache/maven/maven-plugin-api/3.0/maven-plugin-api-3.0.jar
[INFO] Downloading: https://repo.maven.apache.org/maven2/org/sonatype/sisu/sisu-inject-plexus/1.4.2/sisu-inject-plexus-1.4.2.jar
[INFO] Downloading: https://repo.maven.apache.org/maven2/org/codehaus/plexus/plexus-component-annotations/1.5.4/plexus-component-annotations-1.5.4.jar
[INFO] Downloading: https://repo.maven.apache.org/maven2/org/codehaus/plexus/plexus-classworlds/2.2.3/plexus-classworlds-2.2.3.jar
[INFO] Downloaded: https://repo.maven.apache.org/maven2/org/apache/maven/wagon/wagon-provider-api/1.0-beta-6/wagon-provider-api-1.0-beta-6.jar (52 KB at 590.2 KB/sec)
[INFO] Downloading: https://repo.maven.apache.org/maven2/org/sonatype/sisu/sisu-inject-bean/1.4.2/sisu-inject-bean-1.4.2.jar
[INFO] Downloaded: https://repo.maven.apache.org/maven2/org/apache/maven/maven-plugin-api/3.0/maven-plugin-api-3.0.jar (48 KB at 463.8 KB/sec)
[INFO] Downloading: https://repo.maven.apache.org/maven2/org/sonatype/sisu/sisu-guice/2.1.7/sisu-guice-2.1.7-noaop.jar
[INFO] Downloaded: https://repo.maven.apache.org/maven2/org/codehaus/plexus/plexus-classworlds/2.2.3/plexus-classworlds-2.2.3.jar (46 KB at 366.0 KB/sec)
[INFO] Downloading: https://repo.maven.apache.org/maven2/org/apache/maven/plugin-tools/maven-plugin-annotations/3.1/maven-plugin-annotations-3.1.jar
[INFO] Downloaded: https://repo.maven.apache.org/maven2/org/codehaus/plexus/plexus-component-annotations/1.5.4/plexus-component-annotations-1.5.4.jar (5 KB at 30.9 KB/sec)
[INFO] Downloading: https://repo.maven.apache.org/maven2/org/codehaus/plexus/plexus-utils/3.0.24/plexus-utils-3.0.24.jar
[INFO] Downloaded: https://repo.maven.apache.org/maven2/org/sonatype/sisu/sisu-inject-plexus/1.4.2/sisu-inject-plexus-1.4.2.jar (197 KB at 1459.2 KB/sec)
[INFO] Downloaded: https://repo.maven.apache.org/maven2/org/apache/maven/plugin-tools/maven-plugin-annotations/3.1/maven-plugin-annotations-3.1.jar (14 KB at 90.7 KB/sec)
[INFO] Downloaded: https://repo.maven.apache.org/maven2/org/sonatype/sisu/sisu-inject-bean/1.4.2/sisu-inject-bean-1.4.2.jar (150 KB at 911.0 KB/sec)
[INFO] Downloaded: https://repo.maven.apache.org/maven2/org/codehaus/plexus/plexus-utils/3.0.24/plexus-utils-3.0.24.jar (242 KB at 1284.9 KB/sec)
[INFO] Downloaded: https://repo.maven.apache.org/maven2/org/sonatype/sisu/sisu-guice/2.1.7/sisu-guice-2.1.7-noaop.jar (461 KB at 2269.4 KB/sec)
[INFO] 
[INFO] --- maven-plugin-plugin:3.4:helpmojo (header-goal) @ header-maven-plugin ---
[INFO] Downloading: https://repo.maven.apache.org/maven2/org/apache/maven/plugin-tools/maven-plugin-tools-api/3.4/maven-plugin-tools-api-3.4.pom
[INFO] Downloaded: https://repo.maven.apache.org/maven2/org/apache/maven/plugin-tools/maven-plugin-tools-api/3.4/maven-plugin-tools-api-3.4.pom (3 KB at 105.5 KB/sec)
[INFO] Downloading: https://repo.maven.apache.org/maven2/org/codehaus/plexus/plexus-utils/3.0.20/plexus-utils-3.0.20.pom
[INFO] Downloaded: https://repo.maven.apache.org/maven2/org/codehaus/plexus/plexus-utils/3.0.20/plexus-utils-3.0.20.pom (4 KB at 286.2 KB/sec)
[INFO] Downloading: https://repo.maven.apache.org/maven2/org/apache/maven/maven-plugin-descriptor/2.2.1/maven-plugin-descriptor-2.2.1.pom
[INFO] Downloaded: https://repo.maven.apache.org/maven2/org/apache/maven/maven-plugin-descriptor/2.2.1/maven-plugin-descriptor-2.2.1.pom (3 KB at 96.0 KB/sec)
[INFO] Downloading: https://repo.maven.apache.org/maven2/org/apache/maven/plugin-tools/maven-plugin-tools-generators/3.4/maven-plugin-tools-generators-3.4.pom
[INFO] Downloaded: https://repo.maven.apache.org/maven2/org/apache/maven/plugin-tools/maven-plugin-tools-generators/3.4/maven-plugin-tools-generators-3.4.pom (5 KB at 204.4 KB/sec)
[INFO] Downloading: https://repo.maven.apache.org/maven2/org/apache/maven/reporting/maven-reporting-api/3.0/maven-reporting-api-3.0.pom
[INFO] Downloaded: https://repo.maven.apache.org/maven2/org/apache/maven/reporting/maven-reporting-api/3.0/maven-reporting-api-3.0.pom (3 KB at 136.3 KB/sec)
[INFO] Downloading: https://repo.maven.apache.org/maven2/org/apache/maven/shared/maven-shared-components/15/maven-shared-components-15.pom
[INFO] Downloaded: https://repo.maven.apache.org/maven2/org/apache/maven/shared/maven-shared-components/15/maven-shared-components-15.pom (10 KB at 536.4 KB/sec)
[INFO] Downloading: https://repo.maven.apache.org/maven2/org/apache/maven/maven-parent/16/maven-parent-16.pom
[INFO] Downloaded: https://repo.maven.apache.org/maven2/org/apache/maven/maven-parent/16/maven-parent-16.pom (23 KB at 1893.9 KB/sec)
[INFO] Downloading: https://repo.maven.apache.org/maven2/org/apache/apache/7/apache-7.pom
[INFO] Downloaded: https://repo.maven.apache.org/maven2/org/apache/apache/7/apache-7.pom (15 KB at 880.7 KB/sec)
[INFO] Downloading: https://repo.maven.apache.org/maven2/org/apache/maven/doxia/doxia-sink-api/1.0/doxia-sink-api-1.0.pom
[INFO] Downloaded: https://repo.maven.apache.org/maven2/org/apache/maven/doxia/doxia-sink-api/1.0/doxia-sink-api-1.0.pom (2 KB at 135.4 KB/sec)
[INFO] Downloading: https://repo.maven.apache.org/maven2/org/apache/maven/doxia/doxia/1.0/doxia-1.0.pom
[INFO] Downloaded: https://repo.maven.apache.org/maven2/org/apache/maven/doxia/doxia/1.0/doxia-1.0.pom (10 KB at 428.1 KB/sec)
[INFO] Downloading: https://repo.maven.apache.org/maven2/org/apache/maven/maven-parent/10/maven-parent-10.pom
[INFO] Downloaded: https://repo.maven.apache.org/maven2/org/apache/maven/maven-parent/10/maven-parent-10.pom (31 KB at 2059.6 KB/sec)
[INFO] Downloading: https://repo.maven.apache.org/maven2/org/apache/apache/4/apache-4.pom
[INFO] Downloaded: https://repo.maven.apache.org/maven2/org/apache/apache/4/apache-4.pom (5 KB at 243.9 KB/sec)
[INFO] Downloading: https://repo.maven.apache.org/maven2/org/codehaus/plexus/plexus-velocity/1.1.8/plexus-velocity-1.1.8.pom
[INFO] Downloaded: https://repo.maven.apache.org/maven2/org/codehaus/plexus/plexus-velocity/1.1.8/plexus-velocity-1.1.8.pom (2 KB at 110.4 KB/sec)
[INFO] Downloading: https://repo.maven.apache.org/maven2/org/codehaus/plexus/plexus-components/1.1.15/plexus-components-1.1.15.pom
[INFO] Downloaded: https://repo.maven.apache.org/maven2/org/codehaus/plexus/plexus-components/1.1.15/plexus-components-1.1.15.pom (3 KB at 309.0 KB/sec)
[INFO] Downloading: https://repo.maven.apache.org/maven2/org/codehaus/plexus/plexus/2.0.3/plexus-2.0.3.pom
[INFO] Downloaded: https://repo.maven.apache.org/maven2/org/codehaus/plexus/plexus/2.0.3/plexus-2.0.3.pom (16 KB at 1509.9 KB/sec)
[INFO] Downloading: https://repo.maven.apache.org/maven2/commons-collections/commons-collections/3.1/commons-collections-3.1.pom
[INFO] Downloaded: https://repo.maven.apache.org/maven2/commons-collections/commons-collections/3.1/commons-collections-3.1.pom (6 KB at 424.4 KB/sec)
[INFO] Downloading: https://repo.maven.apache.org/maven2/org/apache/velocity/velocity/1.7/velocity-1.7.pom
[INFO] Downloaded: https://repo.maven.apache.org/maven2/org/apache/velocity/velocity/1.7/velocity-1.7.pom (11 KB at 504.9 KB/sec)
[INFO] Downloading: https://repo.maven.apache.org/maven2/commons-collections/commons-collections/3.2.1/commons-collections-3.2.1.pom
[INFO] Downloaded: https://repo.maven.apache.org/maven2/commons-collections/commons-collections/3.2.1/commons-collections-3.2.1.pom (13 KB at 1110.2 KB/sec)
[INFO] Downloading: https://repo.maven.apache.org/maven2/org/apache/commons/commons-parent/9/commons-parent-9.pom
[INFO] Downloaded: https://repo.maven.apache.org/maven2/org/apache/commons/commons-parent/9/commons-parent-9.pom (22 KB at 2141.6 KB/sec)
[INFO] Downloading: https://repo.maven.apache.org/maven2/commons-lang/commons-lang/2.4/commons-lang-2.4.pom
[INFO] Downloaded: https://repo.maven.apache.org/maven2/commons-lang/commons-lang/2.4/commons-lang-2.4.pom (14 KB at 1364.8 KB/sec)
[INFO] Downloading: https://repo.maven.apache.org/maven2/org/ow2/asm/asm/5.0.2/asm-5.0.2.pom
[INFO] Downloaded: https://repo.maven.apache.org/maven2/org/ow2/asm/asm/5.0.2/asm-5.0.2.pom (2 KB at 99.5 KB/sec)
[INFO] Downloading: https://repo.maven.apache.org/maven2/org/ow2/asm/asm-parent/5.0.2/asm-parent-5.0.2.pom
[INFO] Downloaded: https://repo.maven.apache.org/maven2/org/ow2/asm/asm-parent/5.0.2/asm-parent-5.0.2.pom (6 KB at 596.2 KB/sec)
[INFO] Downloading: https://repo.maven.apache.org/maven2/org/ow2/ow2/1.3/ow2-1.3.pom
[INFO] Downloaded: https://repo.maven.apache.org/maven2/org/ow2/ow2/1.3/ow2-1.3.pom (10 KB at 844.2 KB/sec)
[INFO] Downloading: https://repo.maven.apache.org/maven2/org/ow2/asm/asm-commons/5.0.2/asm-commons-5.0.2.pom
[INFO] Downloaded: https://repo.maven.apache.org/maven2/org/ow2/asm/asm-commons/5.0.2/asm-commons-5.0.2.pom (3 KB at 60.1 KB/sec)
[INFO] Downloading: https://repo.maven.apache.org/maven2/org/ow2/asm/asm-tree/5.0.2/asm-tree-5.0.2.pom
[INFO] Downloaded: https://repo.maven.apache.org/maven2/org/ow2/asm/asm-tree/5.0.2/asm-tree-5.0.2.pom (3 KB at 156.5 KB/sec)
[INFO] Downloading: https://repo.maven.apache.org/maven2/net/sf/jtidy/jtidy/r938/jtidy-r938.pom
[INFO] Downloaded: https://repo.maven.apache.org/maven2/net/sf/jtidy/jtidy/r938/jtidy-r938.pom (10 KB at 360.2 KB/sec)
[INFO] Downloading: https://repo.maven.apache.org/maven2/org/apache/maven/plugin-tools/maven-plugin-tools-java/3.4/maven-plugin-tools-java-3.4.pom
[INFO] Downloaded: https://repo.maven.apache.org/maven2/org/apache/maven/plugin-tools/maven-plugin-tools-java/3.4/maven-plugin-tools-java-3.4.pom (4 KB at 172.5 KB/sec)
[INFO] Downloading: https://repo.maven.apache.org/maven2/org/codehaus/plexus/plexus-component-annotations/1.5.5/plexus-component-annotations-1.5.5.pom
[INFO] Downloaded: https://repo.maven.apache.org/maven2/org/codehaus/plexus/plexus-component-annotations/1.5.5/plexus-component-annotations-1.5.5.pom (815 B at 49.7 KB/sec)
[INFO] Downloading: https://repo.maven.apache.org/maven2/org/codehaus/plexus/plexus-containers/1.5.5/plexus-containers-1.5.5.pom
[INFO] Downloaded: https://repo.maven.apache.org/maven2/org/codehaus/plexus/plexus-containers/1.5.5/plexus-containers-1.5.5.pom (5 KB at 217.9 KB/sec)
[INFO] Downloading: https://repo.maven.apache.org/maven2/org/codehaus/plexus/plexus/2.0.7/plexus-2.0.7.pom
[INFO] Downloaded: https://repo.maven.apache.org/maven2/org/codehaus/plexus/plexus/2.0.7/plexus-2.0.7.pom (17 KB at 625.5 KB/sec)
[INFO] Downloading: https://repo.maven.apache.org/maven2/com/thoughtworks/qdox/qdox/2.0-M3/qdox-2.0-M3.pom
[INFO] Downloaded: https://repo.maven.apache.org/maven2/com/thoughtworks/qdox/qdox/2.0-M3/qdox-2.0-M3.pom (18 KB at 466.4 KB/sec)
[INFO] Downloading: https://repo.maven.apache.org/maven2/org/codehaus/codehaus-parent/4/codehaus-parent-4.pom
[INFO] Downloaded: https://repo.maven.apache.org/maven2/org/codehaus/codehaus-parent/4/codehaus-parent-4.pom (5 KB at 174.4 KB/sec)
[INFO] Downloading: https://repo.maven.apache.org/maven2/org/apache/maven/plugin-tools/maven-plugin-tools-annotations/3.4/maven-plugin-tools-annotations-3.4.pom
[INFO] Downloaded: https://repo.maven.apache.org/maven2/org/apache/maven/plugin-tools/maven-plugin-tools-annotations/3.4/maven-plugin-tools-annotations-3.4.pom (5 KB at 271.3 KB/sec)
[INFO] Downloading: https://repo.maven.apache.org/maven2/org/apache/maven/plugin-tools/maven-plugin-annotations/3.4/maven-plugin-annotations-3.4.pom
[INFO] Downloaded: https://repo.maven.apache.org/maven2/org/apache/maven/plugin-tools/maven-plugin-annotations/3.4/maven-plugin-annotations-3.4.pom (2 KB at 79.5 KB/sec)
[INFO] Downloading: https://repo.maven.apache.org/maven2/org/codehaus/plexus/plexus-archiver/2.1.1/plexus-archiver-2.1.1.pom
[INFO] Downloaded: https://repo.maven.apache.org/maven2/org/codehaus/plexus/plexus-archiver/2.1.1/plexus-archiver-2.1.1.pom (3 KB at 137.3 KB/sec)
[INFO] Downloading: https://repo.maven.apache.org/maven2/org/codehaus/plexus/plexus-io/2.0.3/plexus-io-2.0.3.pom
[INFO] Downloaded: https://repo.maven.apache.org/maven2/org/codehaus/plexus/plexus-io/2.0.3/plexus-io-2.0.3.pom (2 KB at 188.0 KB/sec)
[INFO] Downloading: https://repo.maven.apache.org/maven2/org/codehaus/plexus/plexus-components/1.1.19/plexus-components-1.1.19.pom
[INFO] Downloaded: https://repo.maven.apache.org/maven2/org/codehaus/plexus/plexus-components/1.1.19/plexus-components-1.1.19.pom (3 KB at 188.2 KB/sec)
[INFO] Downloading: https://repo.maven.apache.org/maven2/org/codehaus/plexus/plexus/3.0.1/plexus-3.0.1.pom
[INFO] Downloaded: https://repo.maven.apache.org/maven2/org/codehaus/plexus/plexus/3.0.1/plexus-3.0.1.pom (19 KB at 1652.5 KB/sec)
[INFO] Downloading: https://repo.maven.apache.org/maven2/org/apache/maven/doxia/doxia-sink-api/1.4/doxia-sink-api-1.4.pom
[INFO] Downloaded: https://repo.maven.apache.org/maven2/org/apache/maven/doxia/doxia-sink-api/1.4/doxia-sink-api-1.4.pom (2 KB at 74.8 KB/sec)
[INFO] Downloading: https://repo.maven.apache.org/maven2/org/apache/maven/doxia/doxia/1.4/doxia-1.4.pom
[INFO] Downloaded: https://repo.maven.apache.org/maven2/org/apache/maven/doxia/doxia/1.4/doxia-1.4.pom (18 KB at 1593.9 KB/sec)
[INFO] Downloading: https://repo.maven.apache.org/maven2/org/apache/maven/doxia/doxia-logging-api/1.4/doxia-logging-api-1.4.pom
[INFO] Downloaded: https://repo.maven.apache.org/maven2/org/apache/maven/doxia/doxia-logging-api/1.4/doxia-logging-api-1.4.pom (2 KB at 50.0 KB/sec)
[INFO] Downloading: https://repo.maven.apache.org/maven2/org/codehaus/plexus/plexus-container-default/1.0-alpha-30/plexus-container-default-1.0-alpha-30.pom
[INFO] Downloaded: https://repo.maven.apache.org/maven2/org/codehaus/plexus/plexus-container-default/1.0-alpha-30/plexus-container-default-1.0-alpha-30.pom (4 KB at 113.2 KB/sec)
[INFO] Downloading: https://repo.maven.apache.org/maven2/org/codehaus/plexus/plexus-containers/1.0-alpha-30/plexus-containers-1.0-alpha-30.pom
[INFO] Downloaded: https://repo.maven.apache.org/maven2/org/codehaus/plexus/plexus-containers/1.0-alpha-30/plexus-containers-1.0-alpha-30.pom (2 KB at 84.1 KB/sec)
[INFO] Downloading: https://repo.maven.apache.org/maven2/org/codehaus/plexus/plexus-classworlds/1.2-alpha-9/plexus-classworlds-1.2-alpha-9.pom
[INFO] Downloaded: https://repo.maven.apache.org/maven2/org/codehaus/plexus/plexus-classworlds/1.2-alpha-9/plexus-classworlds-1.2-alpha-9.pom (4 KB at 108.5 KB/sec)
[INFO] Downloading: https://repo.maven.apache.org/maven2/org/codehaus/plexus/plexus/1.0.10/plexus-1.0.10.pom
[INFO] Downloaded: https://repo.maven.apache.org/maven2/org/codehaus/plexus/plexus/1.0.10/plexus-1.0.10.pom (9 KB at 350.3 KB/sec)
[INFO] Downloading: https://repo.maven.apache.org/maven2/org/apache/maven/doxia/doxia-site-renderer/1.4/doxia-site-renderer-1.4.pom
[INFO] Downloaded: https://repo.maven.apache.org/maven2/org/apache/maven/doxia/doxia-site-renderer/1.4/doxia-site-renderer-1.4.pom (6 KB at 259.5 KB/sec)
[INFO] Downloading: https://repo.maven.apache.org/maven2/org/apache/maven/doxia/doxia-sitetools/1.4/doxia-sitetools-1.4.pom
[INFO] Downloaded: https://repo.maven.apache.org/maven2/org/apache/maven/doxia/doxia-sitetools/1.4/doxia-sitetools-1.4.pom (17 KB at 728.8 KB/sec)
[INFO] Downloading: https://repo.maven.apache.org/maven2/org/apache/maven/doxia/doxia-core/1.4/doxia-core-1.4.pom
[INFO] Downloaded: https://repo.maven.apache.org/maven2/org/apache/maven/doxia/doxia-core/1.4/doxia-core-1.4.pom (4 KB at 132.4 KB/sec)
[INFO] Downloading: https://repo.maven.apache.org/maven2/xerces/xercesImpl/2.9.1/xercesImpl-2.9.1.pom
[INFO] Downloaded: https://repo.maven.apache.org/maven2/xerces/xercesImpl/2.9.1/xercesImpl-2.9.1.pom (2 KB at 41.6 KB/sec)
[INFO] Downloading: https://repo.maven.apache.org/maven2/xml-apis/xml-apis/1.3.04/xml-apis-1.3.04.pom
[INFO] Downloaded: https://repo.maven.apache.org/maven2/xml-apis/xml-apis/1.3.04/xml-apis-1.3.04.pom (2 KB at 84.7 KB/sec)
[INFO] Downloading: https://repo.maven.apache.org/maven2/org/apache/apache/3/apache-3.pom
[INFO] Downloaded: https://repo.maven.apache.org/maven2/org/apache/apache/3/apache-3.pom (4 KB at 418.7 KB/sec)
[INFO] Downloading: https://repo.maven.apache.org/maven2/org/apache/httpcomponents/httpclient/4.0.2/httpclient-4.0.2.pom
[INFO] Downloaded: https://repo.maven.apache.org/maven2/org/apache/httpcomponents/httpclient/4.0.2/httpclient-4.0.2.pom (8 KB at 665.4 KB/sec)
[INFO] Downloading: https://repo.maven.apache.org/maven2/org/apache/httpcomponents/httpcomponents-client/4.0.2/httpcomponents-client-4.0.2.pom
[INFO] Downloaded: https://repo.maven.apache.org/maven2/org/apache/httpcomponents/httpcomponents-client/4.0.2/httpcomponents-client-4.0.2.pom (9 KB at 583.7 KB/sec)
[INFO] Downloading: https://repo.maven.apache.org/maven2/org/apache/httpcomponents/project/4.1/project-4.1.pom
[INFO] Downloaded: https://repo.maven.apache.org/maven2/org/apache/httpcomponents/project/4.1/project-4.1.pom (16 KB at 1599.9 KB/sec)
[INFO] Downloading: https://repo.maven.apache.org/maven2/org/apache/httpcomponents/httpcore/4.0.1/httpcore-4.0.1.pom
[INFO] Downloaded: https://repo.maven.apache.org/maven2/org/apache/httpcomponents/httpcore/4.0.1/httpcore-4.0.1.pom (5 KB at 434.0 KB/sec)
[INFO] Downloading: https://repo.maven.apache.org/maven2/org/apache/httpcomponents/httpcomponents-core/4.0.1/httpcomponents-core-4.0.1.pom
[INFO] Downloaded: https://repo.maven.apache.org/maven2/org/apache/httpcomponents/httpcomponents-core/4.0.1/httpcomponents-core-4.0.1.pom (10 KB at 830.3 KB/sec)
[INFO] Downloading: https://repo.maven.apache.org/maven2/org/apache/httpcomponents/project/4.0/project-4.0.pom
[INFO] Downloaded: https://repo.maven.apache.org/maven2/org/apache/httpcomponents/project/4.0/project-4.0.pom (13 KB at 800.4 KB/sec)
[INFO] Downloading: https://repo.maven.apache.org/maven2/commons-logging/commons-logging/1.1.1/commons-logging-1.1.1.pom
[INFO] Downloaded: https://repo.maven.apache.org/maven2/commons-logging/commons-logging/1.1.1/commons-logging-1.1.1.pom (18 KB at 1494.5 KB/sec)
[INFO] Downloading: https://repo.maven.apache.org/maven2/org/apache/commons/commons-parent/5/commons-parent-5.pom
[INFO] Downloaded: https://repo.maven.apache.org/maven2/org/apache/commons/commons-parent/5/commons-parent-5.pom (16 KB at 746.0 KB/sec)
[INFO] Downloading: https://repo.maven.apache.org/maven2/commons-codec/commons-codec/1.3/commons-codec-1.3.pom
[INFO] Downloaded: https://repo.maven.apache.org/maven2/commons-codec/commons-codec/1.3/commons-codec-1.3.pom (6 KB at 313.7 KB/sec)
[INFO] Downloading: https://repo.maven.apache.org/maven2/org/apache/maven/doxia/doxia-decoration-model/1.4/doxia-decoration-model-1.4.pom
[INFO] Downloaded: https://repo.maven.apache.org/maven2/org/apache/maven/doxia/doxia-decoration-model/1.4/doxia-decoration-model-1.4.pom (3 KB at 118.7 KB/sec)
[INFO] Downloading: https://repo.maven.apache.org/maven2/org/apache/maven/doxia/doxia-module-xhtml/1.4/doxia-module-xhtml-1.4.pom
[INFO] Downloaded: https://repo.maven.apache.org/maven2/org/apache/maven/doxia/doxia-module-xhtml/1.4/doxia-module-xhtml-1.4.pom (2 KB at 54.9 KB/sec)
[INFO] Downloading: https://repo.maven.apache.org/maven2/org/apache/maven/doxia/doxia-modules/1.4/doxia-modules-1.4.pom
[INFO] Downloaded: https://repo.maven.apache.org/maven2/org/apache/maven/doxia/doxia-modules/1.4/doxia-modules-1.4.pom (3 KB at 106.7 KB/sec)
[INFO] Downloading: https://repo.maven.apache.org/maven2/org/apache/maven/doxia/doxia-module-fml/1.4/doxia-module-fml-1.4.pom
[INFO] Downloaded: https://repo.maven.apache.org/maven2/org/apache/maven/doxia/doxia-module-fml/1.4/doxia-module-fml-1.4.pom (5 KB at 156.4 KB/sec)
[INFO] Downloading: https://repo.maven.apache.org/maven2/org/codehaus/plexus/plexus-i18n/1.0-beta-7/plexus-i18n-1.0-beta-7.pom
[INFO] Downloaded: https://repo.maven.apache.org/maven2/org/codehaus/plexus/plexus-i18n/1.0-beta-7/plexus-i18n-1.0-beta-7.pom (2 KB at 57.5 KB/sec)
[INFO] Downloading: https://repo.maven.apache.org/maven2/org/codehaus/plexus/plexus-components/1.1.12/plexus-components-1.1.12.pom
[INFO] Downloaded: https://repo.maven.apache.org/maven2/org/codehaus/plexus/plexus-components/1.1.12/plexus-components-1.1.12.pom (3 KB at 122.2 KB/sec)
[INFO] Downloading: https://repo.maven.apache.org/maven2/org/apache/velocity/velocity-tools/2.0/velocity-tools-2.0.pom
[INFO] Downloaded: https://repo.maven.apache.org/maven2/org/apache/velocity/velocity-tools/2.0/velocity-tools-2.0.pom (18 KB at 846.4 KB/sec)
[INFO] Downloading: https://repo.maven.apache.org/maven2/commons-beanutils/commons-beanutils/1.7.0/commons-beanutils-1.7.0.pom
[INFO] Downloaded: https://repo.maven.apache.org/maven2/commons-beanutils/commons-beanutils/1.7.0/commons-beanutils-1.7.0.pom (357 B at 13.4 KB/sec)
[INFO] Downloading: https://repo.maven.apache.org/maven2/commons-logging/commons-logging/1.0.3/commons-logging-1.0.3.pom
[INFO] Downloaded: https://repo.maven.apache.org/maven2/commons-logging/commons-logging/1.0.3/commons-logging-1.0.3.pom (866 B at 52.9 KB/sec)
[INFO] Downloading: https://repo.maven.apache.org/maven2/commons-digester/commons-digester/1.8/commons-digester-1.8.pom
[INFO] Downloaded: https://repo.maven.apache.org/maven2/commons-digester/commons-digester/1.8/commons-digester-1.8.pom (7 KB at 310.9 KB/sec)
[INFO] Downloading: https://repo.maven.apache.org/maven2/commons-logging/commons-logging/1.1/commons-logging-1.1.pom
[INFO] Downloaded: https://repo.maven.apache.org/maven2/commons-logging/commons-logging/1.1/commons-logging-1.1.pom (7 KB at 251.5 KB/sec)
[INFO] Downloading: https://repo.maven.apache.org/maven2/log4j/log4j/1.2.12/log4j-1.2.12.pom
[INFO] Downloaded: https://repo.maven.apache.org/maven2/log4j/log4j/1.2.12/log4j-1.2.12.pom (145 B at 6.2 KB/sec)
[INFO] Downloading: https://repo.maven.apache.org/maven2/logkit/logkit/1.0.1/logkit-1.0.1.pom
[INFO] Downloaded: https://repo.maven.apache.org/maven2/logkit/logkit/1.0.1/logkit-1.0.1.pom (147 B at 6.2 KB/sec)
[INFO] Downloading: https://repo.maven.apache.org/maven2/avalon-framework/avalon-framework/4.1.3/avalon-framework-4.1.3.pom
[INFO] Downloaded: https://repo.maven.apache.org/maven2/avalon-framework/avalon-framework/4.1.3/avalon-framework-4.1.3.pom (167 B at 10.2 KB/sec)
[INFO] Downloading: https://repo.maven.apache.org/maven2/javax/servlet/servlet-api/2.3/servlet-api-2.3.pom
[INFO] Downloaded: https://repo.maven.apache.org/maven2/javax/servlet/servlet-api/2.3/servlet-api-2.3.pom (156 B at 5.6 KB/sec)
[INFO] Downloading: https://repo.maven.apache.org/maven2/commons-chain/commons-chain/1.1/commons-chain-1.1.pom
[INFO] Downloaded: https://repo.maven.apache.org/maven2/commons-chain/commons-chain/1.1/commons-chain-1.1.pom (6 KB at 234.9 KB/sec)
[INFO] Downloading: https://repo.maven.apache.org/maven2/commons-digester/commons-digester/1.6/commons-digester-1.6.pom
[INFO] Downloaded: https://repo.maven.apache.org/maven2/commons-digester/commons-digester/1.6/commons-digester-1.6.pom (974 B at 38.0 KB/sec)
[INFO] Downloading: https://repo.maven.apache.org/maven2/commons-beanutils/commons-beanutils/1.6/commons-beanutils-1.6.pom
[INFO] Downloaded: https://repo.maven.apache.org/maven2/commons-beanutils/commons-beanutils/1.6/commons-beanutils-1.6.pom (3 KB at 86.8 KB/sec)
[INFO] Downloading: https://repo.maven.apache.org/maven2/commons-logging/commons-logging/1.0/commons-logging-1.0.pom
[INFO] Downloaded: https://repo.maven.apache.org/maven2/commons-logging/commons-logging/1.0/commons-logging-1.0.pom (163 B at 6.9 KB/sec)
[INFO] Downloading: https://repo.maven.apache.org/maven2/commons-collections/commons-collections/2.0/commons-collections-2.0.pom
[INFO] Downloaded: https://repo.maven.apache.org/maven2/commons-collections/commons-collections/2.0/commons-collections-2.0.pom (171 B at 6.2 KB/sec)
[INFO] Downloading: https://repo.maven.apache.org/maven2/commons-collections/commons-collections/2.1/commons-collections-2.1.pom
[INFO] Downloaded: https://repo.maven.apache.org/maven2/commons-collections/commons-collections/2.1/commons-collections-2.1.pom (4 KB at 162.9 KB/sec)
[INFO] Downloading: https://repo.maven.apache.org/maven2/xml-apis/xml-apis/1.0.b2/xml-apis-1.0.b2.pom
[INFO] Downloaded: https://repo.maven.apache.org/maven2/xml-apis/xml-apis/1.0.b2/xml-apis-1.0.b2.pom (3 KB at 109.8 KB/sec)
[INFO] Downloading: https://repo.maven.apache.org/maven2/commons-collections/commons-collections/3.2/commons-collections-3.2.pom
[INFO] Downloaded: https://repo.maven.apache.org/maven2/commons-collections/commons-collections/3.2/commons-collections-3.2.pom (11 KB at 673.5 KB/sec)
[INFO] Downloading: https://repo.maven.apache.org/maven2/commons-validator/commons-validator/1.3.1/commons-validator-1.3.1.pom
[INFO] Downloaded: https://repo.maven.apache.org/maven2/commons-validator/commons-validator/1.3.1/commons-validator-1.3.1.pom (9 KB at 419.7 KB/sec)
[INFO] Downloading: https://repo.maven.apache.org/maven2/commons-logging/commons-logging/1.0.4/commons-logging-1.0.4.pom
[INFO] Downloaded: https://repo.maven.apache.org/maven2/commons-logging/commons-logging/1.0.4/commons-logging-1.0.4.pom (6 KB at 467.3 KB/sec)
[INFO] Downloading: https://repo.maven.apache.org/maven2/dom4j/dom4j/1.1/dom4j-1.1.pom
[INFO] Downloaded: https://repo.maven.apache.org/maven2/dom4j/dom4j/1.1/dom4j-1.1.pom (142 B at 13.9 KB/sec)
[INFO] Downloading: https://repo.maven.apache.org/maven2/oro/oro/2.0.8/oro-2.0.8.pom
[INFO] Downloaded: https://repo.maven.apache.org/maven2/oro/oro/2.0.8/oro-2.0.8.pom (140 B at 7.6 KB/sec)
[INFO] Downloading: https://repo.maven.apache.org/maven2/sslext/sslext/1.2-0/sslext-1.2-0.pom
[INFO] Downloaded: https://repo.maven.apache.org/maven2/sslext/sslext/1.2-0/sslext-1.2-0.pom (653 B at 35.4 KB/sec)
[INFO] Downloading: https://repo.maven.apache.org/maven2/org/apache/struts/struts-core/1.3.8/struts-core-1.3.8.pom
[INFO] Downloaded: https://repo.maven.apache.org/maven2/org/apache/struts/struts-core/1.3.8/struts-core-1.3.8.pom (5 KB at 191.4 KB/sec)
[INFO] Downloading: https://repo.maven.apache.org/maven2/org/apache/struts/struts-parent/1.3.8/struts-parent-1.3.8.pom
[INFO] Downloaded: https://repo.maven.apache.org/maven2/org/apache/struts/struts-parent/1.3.8/struts-parent-1.3.8.pom (10 KB at 600.5 KB/sec)
[INFO] Downloading: https://repo.maven.apache.org/maven2/org/apache/struts/struts-master/4/struts-master-4.pom
[INFO] Downloaded: https://repo.maven.apache.org/maven2/org/apache/struts/struts-master/4/struts-master-4.pom (12 KB at 1155.4 KB/sec)
[INFO] Downloading: https://repo.maven.apache.org/maven2/org/apache/apache/2/apache-2.pom
[INFO] Downloaded: https://repo.maven.apache.org/maven2/org/apache/apache/2/apache-2.pom (4 KB at 277.4 KB/sec)
[INFO] Downloading: https://repo.maven.apache.org/maven2/antlr/antlr/2.7.2/antlr-2.7.2.pom
[INFO] Downloaded: https://repo.maven.apache.org/maven2/antlr/antlr/2.7.2/antlr-2.7.2.pom (145 B at 15.7 KB/sec)
[INFO] Downloading: https://repo.maven.apache.org/maven2/org/apache/struts/struts-taglib/1.3.8/struts-taglib-1.3.8.pom
[INFO] Downloaded: https://repo.maven.apache.org/maven2/org/apache/struts/struts-taglib/1.3.8/struts-taglib-1.3.8.pom (4 KB at 333.8 KB/sec)
[INFO] Downloading: https://repo.maven.apache.org/maven2/org/apache/struts/struts-tiles/1.3.8/struts-tiles-1.3.8.pom
[INFO] Downloaded: https://repo.maven.apache.org/maven2/org/apache/struts/struts-tiles/1.3.8/struts-tiles-1.3.8.pom (3 KB at 157.6 KB/sec)
[INFO] Downloading: https://repo.maven.apache.org/maven2/org/apache/maven/reporting/maven-reporting-impl/2.3/maven-reporting-impl-2.3.pom
[INFO] Downloaded: https://repo.maven.apache.org/maven2/org/apache/maven/reporting/maven-reporting-impl/2.3/maven-reporting-impl-2.3.pom (5 KB at 257.0 KB/sec)
[INFO] Downloading: https://repo.maven.apache.org/maven2/org/apache/maven/shared/maven-shared-components/20/maven-shared-components-20.pom
[INFO] Downloaded: https://repo.maven.apache.org/maven2/org/apache/maven/shared/maven-shared-components/20/maven-shared-components-20.pom (5 KB at 293.3 KB/sec)
[INFO] Downloading: https://repo.maven.apache.org/maven2/org/apache/maven/shared/maven-shared-utils/0.6/maven-shared-utils-0.6.pom
[INFO] Downloaded: https://repo.maven.apache.org/maven2/org/apache/maven/shared/maven-shared-utils/0.6/maven-shared-utils-0.6.pom (5 KB at 164.3 KB/sec)
[INFO] Downloading: https://repo.maven.apache.org/maven2/org/apache/maven/doxia/doxia-sink-api/1.2/doxia-sink-api-1.2.pom
[INFO] Downloaded: https://repo.maven.apache.org/maven2/org/apache/maven/doxia/doxia-sink-api/1.2/doxia-sink-api-1.2.pom (2 KB at 84.2 KB/sec)
[INFO] Downloading: https://repo.maven.apache.org/maven2/org/apache/maven/doxia/doxia/1.2/doxia-1.2.pom
[INFO] Downloaded: https://repo.maven.apache.org/maven2/org/apache/maven/doxia/doxia/1.2/doxia-1.2.pom (19 KB at 875.5 KB/sec)
[INFO] Downloading: https://repo.maven.apache.org/maven2/org/apache/maven/maven-parent/19/maven-parent-19.pom
[INFO] Downloaded: https://repo.maven.apache.org/maven2/org/apache/maven/maven-parent/19/maven-parent-19.pom (25 KB at 1162.9 KB/sec)
[INFO] Downloading: https://repo.maven.apache.org/maven2/org/apache/maven/doxia/doxia-logging-api/1.2/doxia-logging-api-1.2.pom
[INFO] Downloaded: https://repo.maven.apache.org/maven2/org/apache/maven/doxia/doxia-logging-api/1.2/doxia-logging-api-1.2.pom (2 KB at 47.3 KB/sec)
[INFO] Downloading: https://repo.maven.apache.org/maven2/org/apache/maven/doxia/doxia-core/1.2/doxia-core-1.2.pom
[INFO] Downloaded: https://repo.maven.apache.org/maven2/org/apache/maven/doxia/doxia-core/1.2/doxia-core-1.2.pom (4 KB at 137.9 KB/sec)
[INFO] Downloading: https://repo.maven.apache.org/maven2/org/apache/maven/doxia/doxia-site-renderer/1.2/doxia-site-renderer-1.2.pom
[INFO] Downloaded: https://repo.maven.apache.org/maven2/org/apache/maven/doxia/doxia-site-renderer/1.2/doxia-site-renderer-1.2.pom (7 KB at 304.6 KB/sec)
[INFO] Downloading: https://repo.maven.apache.org/maven2/org/apache/maven/doxia/doxia-sitetools/1.2/doxia-sitetools-1.2.pom
[INFO] Downloaded: https://repo.maven.apache.org/maven2/org/apache/maven/doxia/doxia-sitetools/1.2/doxia-sitetools-1.2.pom (16 KB at 603.4 KB/sec)
[INFO] Downloading: https://repo.maven.apache.org/maven2/org/apache/maven/doxia/doxia-decoration-model/1.2/doxia-decoration-model-1.2.pom
[INFO] Downloaded: https://repo.maven.apache.org/maven2/org/apache/maven/doxia/doxia-decoration-model/1.2/doxia-decoration-model-1.2.pom (3 KB at 124.4 KB/sec)
[INFO] Downloading: https://repo.maven.apache.org/maven2/org/apache/maven/doxia/doxia-module-xhtml/1.2/doxia-module-xhtml-1.2.pom
[INFO] Downloaded: https://repo.maven.apache.org/maven2/org/apache/maven/doxia/doxia-module-xhtml/1.2/doxia-module-xhtml-1.2.pom (2 KB at 95.5 KB/sec)
[INFO] Downloading: https://repo.maven.apache.org/maven2/org/apache/maven/doxia/doxia-modules/1.2/doxia-modules-1.2.pom
[INFO] Downloaded: https://repo.maven.apache.org/maven2/org/apache/maven/doxia/doxia-modules/1.2/doxia-modules-1.2.pom (3 KB at 305.2 KB/sec)
[INFO] Downloading: https://repo.maven.apache.org/maven2/org/apache/maven/doxia/doxia-module-fml/1.2/doxia-module-fml-1.2.pom
[INFO] Downloaded: https://repo.maven.apache.org/maven2/org/apache/maven/doxia/doxia-module-fml/1.2/doxia-module-fml-1.2.pom (6 KB at 549.4 KB/sec)
[INFO] Downloading: https://repo.maven.apache.org/maven2/org/apache/maven/plugin-tools/maven-plugin-tools-api/3.4/maven-plugin-tools-api-3.4.jar
[INFO] Downloading: https://repo.maven.apache.org/maven2/org/apache/maven/plugin-tools/maven-plugin-tools-generators/3.4/maven-plugin-tools-generators-3.4.jar
[INFO] Downloading: https://repo.maven.apache.org/maven2/org/ow2/asm/asm/5.0.2/asm-5.0.2.jar
[INFO] Downloading: https://repo.maven.apache.org/maven2/org/ow2/asm/asm-commons/5.0.2/asm-commons-5.0.2.jar
[INFO] Downloading: https://repo.maven.apache.org/maven2/org/ow2/asm/asm-tree/5.0.2/asm-tree-5.0.2.jar
[INFO] Downloaded: https://repo.maven.apache.org/maven2/org/apache/maven/plugin-tools/maven-plugin-tools-api/3.4/maven-plugin-tools-api-3.4.jar (23 KB at 580.9 KB/sec)
[INFO] Downloading: https://repo.maven.apache.org/maven2/net/sf/jtidy/jtidy/r938/jtidy-r938.jar
[INFO] Downloaded: https://repo.maven.apache.org/maven2/org/ow2/asm/asm/5.0.2/asm-5.0.2.jar (52 KB at 1332.9 KB/sec)
[INFO] Downloading: https://repo.maven.apache.org/maven2/org/apache/maven/plugin-tools/maven-plugin-tools-java/3.4/maven-plugin-tools-java-3.4.jar
[INFO] Downloaded: https://repo.maven.apache.org/maven2/org/ow2/asm/asm-commons/5.0.2/asm-commons-5.0.2.jar (41 KB at 831.4 KB/sec)
[INFO] Downloading: https://repo.maven.apache.org/maven2/org/codehaus/plexus/plexus-component-annotations/1.5.5/plexus-component-annotations-1.5.5.jar
[INFO] Downloaded: https://repo.maven.apache.org/maven2/org/ow2/asm/asm-tree/5.0.2/asm-tree-5.0.2.jar (29 KB at 373.1 KB/sec)
[INFO] Downloading: https://repo.maven.apache.org/maven2/com/thoughtworks/qdox/qdox/2.0-M3/qdox-2.0-M3.jar
[INFO] Downloaded: https://repo.maven.apache.org/maven2/org/apache/maven/plugin-tools/maven-plugin-tools-generators/3.4/maven-plugin-tools-generators-3.4.jar (46 KB at 476.8 KB/sec)
[INFO] Downloading: https://repo.maven.apache.org/maven2/org/apache/maven/plugin-tools/maven-plugin-tools-annotations/3.4/maven-plugin-tools-annotations-3.4.jar
[INFO] Downloaded: https://repo.maven.apache.org/maven2/org/apache/maven/plugin-tools/maven-plugin-tools-java/3.4/maven-plugin-tools-java-3.4.jar (18 KB at 176.6 KB/sec)
[INFO] Downloading: https://repo.maven.apache.org/maven2/org/apache/maven/plugin-tools/maven-plugin-annotations/3.4/maven-plugin-annotations-3.4.jar
[INFO] Downloaded: https://repo.maven.apache.org/maven2/net/sf/jtidy/jtidy/r938/jtidy-r938.jar (245 KB at 2465.3 KB/sec)
[INFO] Downloading: https://repo.maven.apache.org/maven2/org/codehaus/plexus/plexus-archiver/2.1.1/plexus-archiver-2.1.1.jar
[INFO] Downloaded: https://repo.maven.apache.org/maven2/org/codehaus/plexus/plexus-component-annotations/1.5.5/plexus-component-annotations-1.5.5.jar (5 KB at 37.0 KB/sec)
[INFO] Downloading: https://repo.maven.apache.org/maven2/org/codehaus/plexus/plexus-io/2.0.3/plexus-io-2.0.3.jar
[INFO] Downloaded: https://repo.maven.apache.org/maven2/org/apache/maven/plugin-tools/maven-plugin-annotations/3.4/maven-plugin-annotations-3.4.jar (14 KB at 111.3 KB/sec)
[INFO] Downloading: https://repo.maven.apache.org/maven2/org/apache/maven/doxia/doxia-sink-api/1.4/doxia-sink-api-1.4.jar
[INFO] Downloaded: https://repo.maven.apache.org/maven2/org/codehaus/plexus/plexus-io/2.0.3/plexus-io-2.0.3.jar (57 KB at 395.2 KB/sec)
[INFO] Downloading: https://repo.maven.apache.org/maven2/org/apache/maven/doxia/doxia-logging-api/1.4/doxia-logging-api-1.4.jar
[INFO] Downloaded: https://repo.maven.apache.org/maven2/org/apache/maven/doxia/doxia-sink-api/1.4/doxia-sink-api-1.4.jar (11 KB at 71.5 KB/sec)
[INFO] Downloading: https://repo.maven.apache.org/maven2/org/apache/maven/doxia/doxia-site-renderer/1.4/doxia-site-renderer-1.4.jar
[INFO] Downloaded: https://repo.maven.apache.org/maven2/org/apache/maven/plugin-tools/maven-plugin-tools-annotations/3.4/maven-plugin-tools-annotations-3.4.jar (41 KB at 249.6 KB/sec)
[INFO] Downloading: https://repo.maven.apache.org/maven2/org/apache/maven/doxia/doxia-core/1.4/doxia-core-1.4.jar
[INFO] Downloaded: https://repo.maven.apache.org/maven2/org/apache/maven/doxia/doxia-logging-api/1.4/doxia-logging-api-1.4.jar (12 KB at 66.5 KB/sec)
[INFO] Downloading: https://repo.maven.apache.org/maven2/xerces/xercesImpl/2.9.1/xercesImpl-2.9.1.jar
[INFO] Downloaded: https://repo.maven.apache.org/maven2/org/codehaus/plexus/plexus-archiver/2.1.1/plexus-archiver-2.1.1.jar (181 KB at 1030.3 KB/sec)
[INFO] Downloading: https://repo.maven.apache.org/maven2/xml-apis/xml-apis/1.3.04/xml-apis-1.3.04.jar
[INFO] Downloaded: https://repo.maven.apache.org/maven2/org/apache/maven/doxia/doxia-site-renderer/1.4/doxia-site-renderer-1.4.jar (52 KB at 259.2 KB/sec)
[INFO] Downloading: https://repo.maven.apache.org/maven2/org/apache/httpcomponents/httpclient/4.0.2/httpclient-4.0.2.jar
[INFO] Downloaded: https://repo.maven.apache.org/maven2/com/thoughtworks/qdox/qdox/2.0-M3/qdox-2.0-M3.jar (286 KB at 1303.3 KB/sec)
[INFO] Downloading: https://repo.maven.apache.org/maven2/commons-codec/commons-codec/1.3/commons-codec-1.3.jar
[INFO] Downloaded: https://repo.maven.apache.org/maven2/org/apache/maven/doxia/doxia-core/1.4/doxia-core-1.4.jar (162 KB at 703.2 KB/sec)
[INFO] Downloading: https://repo.maven.apache.org/maven2/org/apache/httpcomponents/httpcore/4.0.1/httpcore-4.0.1.jar
[INFO] Downloaded: https://repo.maven.apache.org/maven2/commons-codec/commons-codec/1.3/commons-codec-1.3.jar (46 KB at 181.8 KB/sec)
[INFO] Downloading: https://repo.maven.apache.org/maven2/org/apache/maven/doxia/doxia-decoration-model/1.4/doxia-decoration-model-1.4.jar
[INFO] Downloaded: https://repo.maven.apache.org/maven2/xml-apis/xml-apis/1.3.04/xml-apis-1.3.04.jar (190 KB at 703.0 KB/sec)
[INFO] Downloading: https://repo.maven.apache.org/maven2/org/apache/maven/doxia/doxia-module-xhtml/1.4/doxia-module-xhtml-1.4.jar
[INFO] Downloaded: https://repo.maven.apache.org/maven2/org/apache/maven/doxia/doxia-decoration-model/1.4/doxia-decoration-model-1.4.jar (60 KB at 207.7 KB/sec)
[INFO] Downloading: https://repo.maven.apache.org/maven2/org/apache/maven/doxia/doxia-module-fml/1.4/doxia-module-fml-1.4.jar
[INFO] Downloaded: https://repo.maven.apache.org/maven2/org/apache/maven/doxia/doxia-module-xhtml/1.4/doxia-module-xhtml-1.4.jar (16 KB at 52.0 KB/sec)
[INFO] Downloading: https://repo.maven.apache.org/maven2/org/codehaus/plexus/plexus-i18n/1.0-beta-7/plexus-i18n-1.0-beta-7.jar
[INFO] Downloaded: https://repo.maven.apache.org/maven2/org/apache/httpcomponents/httpcore/4.0.1/httpcore-4.0.1.jar (169 KB at 582.2 KB/sec)
[INFO] Downloading: https://repo.maven.apache.org/maven2/org/apache/velocity/velocity-tools/2.0/velocity-tools-2.0.jar
[INFO] Downloaded: https://repo.maven.apache.org/maven2/org/codehaus/plexus/plexus-i18n/1.0-beta-7/plexus-i18n-1.0-beta-7.jar (11 KB at 33.6 KB/sec)
[INFO] Downloading: https://repo.maven.apache.org/maven2/commons-beanutils/commons-beanutils/1.7.0/commons-beanutils-1.7.0.jar
[INFO] Downloaded: https://repo.maven.apache.org/maven2/org/apache/maven/doxia/doxia-module-fml/1.4/doxia-module-fml-1.4.jar (37 KB at 118.4 KB/sec)
[INFO] Downloading: https://repo.maven.apache.org/maven2/commons-digester/commons-digester/1.8/commons-digester-1.8.jar
[INFO] Downloaded: https://repo.maven.apache.org/maven2/org/apache/httpcomponents/httpclient/4.0.2/httpclient-4.0.2.jar (287 KB at 893.8 KB/sec)
[INFO] Downloading: https://repo.maven.apache.org/maven2/commons-chain/commons-chain/1.1/commons-chain-1.1.jar
[INFO] Downloaded: https://repo.maven.apache.org/maven2/commons-beanutils/commons-beanutils/1.7.0/commons-beanutils-1.7.0.jar (185 KB at 487.4 KB/sec)
[INFO] Downloading: https://repo.maven.apache.org/maven2/commons-logging/commons-logging/1.1/commons-logging-1.1.jar
[INFO] Downloaded: https://repo.maven.apache.org/maven2/commons-digester/commons-digester/1.8/commons-digester-1.8.jar (141 KB at 368.1 KB/sec)
[INFO] Downloading: https://repo.maven.apache.org/maven2/javax/servlet/servlet-api/2.3/servlet-api-2.3.jar
[INFO] Downloaded: https://repo.maven.apache.org/maven2/commons-chain/commons-chain/1.1/commons-chain-1.1.jar (88 KB at 227.1 KB/sec)
[INFO] Downloading: https://repo.maven.apache.org/maven2/dom4j/dom4j/1.1/dom4j-1.1.jar
[INFO] Downloaded: https://repo.maven.apache.org/maven2/commons-logging/commons-logging/1.1/commons-logging-1.1.jar (52 KB at 123.0 KB/sec)
[INFO] Downloading: https://repo.maven.apache.org/maven2/oro/oro/2.0.8/oro-2.0.8.jar
[INFO] Downloaded: https://repo.maven.apache.org/maven2/org/apache/velocity/velocity-tools/2.0/velocity-tools-2.0.jar (339 KB at 803.9 KB/sec)
[INFO] Downloading: https://repo.maven.apache.org/maven2/sslext/sslext/1.2-0/sslext-1.2-0.jar
[INFO] Downloaded: https://repo.maven.apache.org/maven2/javax/servlet/servlet-api/2.3/servlet-api-2.3.jar (77 KB at 172.7 KB/sec)
[INFO] Downloading: https://repo.maven.apache.org/maven2/org/apache/struts/struts-core/1.3.8/struts-core-1.3.8.jar
[INFO] Downloaded: https://repo.maven.apache.org/maven2/sslext/sslext/1.2-0/sslext-1.2-0.jar (26 KB at 56.4 KB/sec)
[INFO] Downloading: https://repo.maven.apache.org/maven2/antlr/antlr/2.7.2/antlr-2.7.2.jar
[INFO] Downloaded: https://repo.maven.apache.org/maven2/oro/oro/2.0.8/oro-2.0.8.jar (64 KB at 136.8 KB/sec)
[INFO] Downloading: https://repo.maven.apache.org/maven2/org/apache/struts/struts-taglib/1.3.8/struts-taglib-1.3.8.jar
[INFO] Downloaded: https://repo.maven.apache.org/maven2/dom4j/dom4j/1.1/dom4j-1.1.jar (447 KB at 818.7 KB/sec)
[INFO] Downloading: https://repo.maven.apache.org/maven2/org/apache/struts/struts-tiles/1.3.8/struts-tiles-1.3.8.jar
[INFO] Downloaded: https://repo.maven.apache.org/maven2/xerces/xercesImpl/2.9.1/xercesImpl-2.9.1.jar (1201 KB at 2194.4 KB/sec)
[INFO] Downloading: https://repo.maven.apache.org/maven2/commons-collections/commons-collections/3.2.1/commons-collections-3.2.1.jar
[INFO] Downloaded: https://repo.maven.apache.org/maven2/org/apache/struts/struts-taglib/1.3.8/struts-taglib-1.3.8.jar (246 KB at 437.8 KB/sec)
[INFO] Downloading: https://repo.maven.apache.org/maven2/org/apache/maven/maven-plugin-descriptor/2.2.1/maven-plugin-descriptor-2.2.1.jar
[INFO] Downloaded: https://repo.maven.apache.org/maven2/org/apache/struts/struts-core/1.3.8/struts-core-1.3.8.jar (322 KB at 570.5 KB/sec)
[INFO] Downloading: https://repo.maven.apache.org/maven2/org/apache/maven/reporting/maven-reporting-impl/2.3/maven-reporting-impl-2.3.jar
[INFO] Downloaded: https://repo.maven.apache.org/maven2/antlr/antlr/2.7.2/antlr-2.7.2.jar (350 KB at 596.0 KB/sec)
[INFO] Downloading: https://repo.maven.apache.org/maven2/org/apache/maven/shared/maven-shared-utils/0.6/maven-shared-utils-0.6.jar
[INFO] Downloaded: https://repo.maven.apache.org/maven2/org/apache/maven/reporting/maven-reporting-impl/2.3/maven-reporting-impl-2.3.jar (18 KB at 29.9 KB/sec)
[INFO] Downloading: https://repo.maven.apache.org/maven2/commons-validator/commons-validator/1.3.1/commons-validator-1.3.1.jar
[INFO] Downloaded: https://repo.maven.apache.org/maven2/org/apache/maven/maven-plugin-descriptor/2.2.1/maven-plugin-descriptor-2.2.1.jar (39 KB at 63.1 KB/sec)
[INFO] Downloading: https://repo.maven.apache.org/maven2/org/apache/maven/reporting/maven-reporting-api/3.0/maven-reporting-api-3.0.jar
[INFO] Downloaded: https://repo.maven.apache.org/maven2/org/apache/struts/struts-tiles/1.3.8/struts-tiles-1.3.8.jar (117 KB at 190.6 KB/sec)
[INFO] Downloading: https://repo.maven.apache.org/maven2/org/codehaus/plexus/plexus-utils/3.0.20/plexus-utils-3.0.20.jar
[INFO] Downloaded: https://repo.maven.apache.org/maven2/commons-validator/commons-validator/1.3.1/commons-validator-1.3.1.jar (136 KB at 208.1 KB/sec)
[INFO] Downloading: https://repo.maven.apache.org/maven2/org/codehaus/plexus/plexus-velocity/1.1.8/plexus-velocity-1.1.8.jar
[INFO] Downloaded: https://repo.maven.apache.org/maven2/org/apache/maven/shared/maven-shared-utils/0.6/maven-shared-utils-0.6.jar (161 KB at 244.7 KB/sec)
[INFO] Downloading: https://repo.maven.apache.org/maven2/org/apache/velocity/velocity/1.7/velocity-1.7.jar
[INFO] Downloaded: https://repo.maven.apache.org/maven2/org/apache/maven/reporting/maven-reporting-api/3.0/maven-reporting-api-3.0.jar (11 KB at 15.9 KB/sec)
[INFO] Downloading: https://repo.maven.apache.org/maven2/commons-lang/commons-lang/2.4/commons-lang-2.4.jar
[INFO] Downloaded: https://repo.maven.apache.org/maven2/org/codehaus/plexus/plexus-velocity/1.1.8/plexus-velocity-1.1.8.jar (8 KB at 11.4 KB/sec)
[INFO] Downloaded: https://repo.maven.apache.org/maven2/org/codehaus/plexus/plexus-utils/3.0.20/plexus-utils-3.0.20.jar (238 KB at 333.9 KB/sec)
[INFO] Downloaded: https://repo.maven.apache.org/maven2/commons-lang/commons-lang/2.4/commons-lang-2.4.jar (256 KB at 351.2 KB/sec)
[INFO] Downloaded: https://repo.maven.apache.org/maven2/commons-collections/commons-collections/3.2.1/commons-collections-3.2.1.jar (562 KB at 770.8 KB/sec)
[INFO] Downloaded: https://repo.maven.apache.org/maven2/org/apache/velocity/velocity/1.7/velocity-1.7.jar (439 KB at 599.7 KB/sec)
[INFO] Using 'UTF-8' encoding to read mojo metadata.
[INFO] Mojo extractor with id: java-javadoc found 0 mojo descriptors.
[INFO] Mojo extractor with id: java-annotations found 0 mojo descriptors.
[INFO] 
[INFO] --- maven-resources-plugin:3.0.2:resources (default-resources) @ header-maven-plugin ---
[INFO] Downloading: https://repo.maven.apache.org/maven2/org/codehaus/plexus/plexus-component-annotations/1.6/plexus-component-annotations-1.6.pom
[INFO] Downloaded: https://repo.maven.apache.org/maven2/org/codehaus/plexus/plexus-component-annotations/1.6/plexus-component-annotations-1.6.pom (748 B at 29.2 KB/sec)
[INFO] Downloading: https://repo.maven.apache.org/maven2/org/codehaus/plexus/plexus-containers/1.6/plexus-containers-1.6.pom
[INFO] Downloaded: https://repo.maven.apache.org/maven2/org/codehaus/plexus/plexus-containers/1.6/plexus-containers-1.6.pom (4 KB at 159.9 KB/sec)
[INFO] Downloading: https://repo.maven.apache.org/maven2/org/codehaus/plexus/plexus/3.3.2/plexus-3.3.2.pom
[INFO] Downloaded: https://repo.maven.apache.org/maven2/org/codehaus/plexus/plexus/3.3.2/plexus-3.3.2.pom (22 KB at 808.6 KB/sec)
[INFO] Downloading: https://repo.maven.apache.org/maven2/org/apache/maven/maven-core/3.0/maven-core-3.0.pom
[INFO] Downloaded: https://repo.maven.apache.org/maven2/org/apache/maven/maven-core/3.0/maven-core-3.0.pom (7 KB at 239.8 KB/sec)
[INFO] Downloading: https://repo.maven.apache.org/maven2/org/apache/maven/maven-settings/3.0/maven-settings-3.0.pom
[INFO] Downloaded: https://repo.maven.apache.org/maven2/org/apache/maven/maven-settings/3.0/maven-settings-3.0.pom (2 KB at 102.1 KB/sec)
[INFO] Downloading: https://repo.maven.apache.org/maven2/org/apache/maven/maven-settings-builder/3.0/maven-settings-builder-3.0.pom
[INFO] Downloaded: https://repo.maven.apache.org/maven2/org/apache/maven/maven-settings-builder/3.0/maven-settings-builder-3.0.pom (3 KB at 74.8 KB/sec)
[INFO] Downloading: https://repo.maven.apache.org/maven2/org/codehaus/plexus/plexus-interpolation/1.14/plexus-interpolation-1.14.pom
[INFO] Downloaded: https://repo.maven.apache.org/maven2/org/codehaus/plexus/plexus-interpolation/1.14/plexus-interpolation-1.14.pom (910 B at 30.6 KB/sec)
[INFO] Downloading: https://repo.maven.apache.org/maven2/org/codehaus/plexus/plexus-components/1.1.18/plexus-components-1.1.18.pom
[INFO] Downloaded: https://repo.maven.apache.org/maven2/org/codehaus/plexus/plexus-components/1.1.18/plexus-components-1.1.18.pom (6 KB at 261.5 KB/sec)
[INFO] Downloading: https://repo.maven.apache.org/maven2/org/sonatype/plexus/plexus-sec-dispatcher/1.3/plexus-sec-dispatcher-1.3.pom
[INFO] Downloaded: https://repo.maven.apache.org/maven2/org/sonatype/plexus/plexus-sec-dispatcher/1.3/plexus-sec-dispatcher-1.3.pom (3 KB at 111.2 KB/sec)
[INFO] Downloading: https://repo.maven.apache.org/maven2/org/sonatype/spice/spice-parent/12/spice-parent-12.pom
[INFO] Downloaded: https://repo.maven.apache.org/maven2/org/sonatype/spice/spice-parent/12/spice-parent-12.pom (7 KB at 201.2 KB/sec)
[INFO] Downloading: https://repo.maven.apache.org/maven2/org/sonatype/forge/forge-parent/4/forge-parent-4.pom
[INFO] Downloaded: https://repo.maven.apache.org/maven2/org/sonatype/forge/forge-parent/4/forge-parent-4.pom (9 KB at 282.8 KB/sec)
[INFO] Downloading: https://repo.maven.apache.org/maven2/org/codehaus/plexus/plexus-utils/1.5.5/plexus-utils-1.5.5.pom
[INFO] Downloaded: https://repo.maven.apache.org/maven2/org/codehaus/plexus/plexus-utils/1.5.5/plexus-utils-1.5.5.pom (6 KB at 147.8 KB/sec)
[INFO] Downloading: https://repo.maven.apache.org/maven2/org/sonatype/plexus/plexus-cipher/1.4/plexus-cipher-1.4.pom
[INFO] Downloaded: https://repo.maven.apache.org/maven2/org/sonatype/plexus/plexus-cipher/1.4/plexus-cipher-1.4.pom (3 KB at 77.6 KB/sec)
[INFO] Downloading: https://repo.maven.apache.org/maven2/org/apache/maven/maven-repository-metadata/3.0/maven-repository-metadata-3.0.pom
[INFO] Downloaded: https://repo.maven.apache.org/maven2/org/apache/maven/maven-repository-metadata/3.0/maven-repository-metadata-3.0.pom (2 KB at 50.9 KB/sec)
[INFO] Downloading: https://repo.maven.apache.org/maven2/org/apache/maven/maven-model-builder/3.0/maven-model-builder-3.0.pom
[INFO] Downloaded: https://repo.maven.apache.org/maven2/org/apache/maven/maven-model-builder/3.0/maven-model-builder-3.0.pom (3 KB at 52.2 KB/sec)
[INFO] Downloading: https://repo.maven.apache.org/maven2/org/apache/maven/maven-aether-provider/3.0/maven-aether-provider-3.0.pom
[INFO] Downloaded: https://repo.maven.apache.org/maven2/org/apache/maven/maven-aether-provider/3.0/maven-aether-provider-3.0.pom (3 KB at 109.6 KB/sec)
[INFO] Downloading: https://repo.maven.apache.org/maven2/org/sonatype/aether/aether-api/1.7/aether-api-1.7.pom
[INFO] Downloaded: https://repo.maven.apache.org/maven2/org/sonatype/aether/aether-api/1.7/aether-api-1.7.pom (2 KB at 56.3 KB/sec)
[INFO] Downloading: https://repo.maven.apache.org/maven2/org/sonatype/aether/aether-parent/1.7/aether-parent-1.7.pom
[INFO] Downloaded: https://repo.maven.apache.org/maven2/org/sonatype/aether/aether-parent/1.7/aether-parent-1.7.pom (8 KB at 328.0 KB/sec)
[INFO] Downloading: https://repo.maven.apache.org/maven2/org/sonatype/aether/aether-util/1.7/aether-util-1.7.pom
[INFO] Downloaded: https://repo.maven.apache.org/maven2/org/sonatype/aether/aether-util/1.7/aether-util-1.7.pom (3 KB at 87.6 KB/sec)
[INFO] Downloading: https://repo.maven.apache.org/maven2/org/sonatype/aether/aether-impl/1.7/aether-impl-1.7.pom
[INFO] Downloaded: https://repo.maven.apache.org/maven2/org/sonatype/aether/aether-impl/1.7/aether-impl-1.7.pom (4 KB at 109.3 KB/sec)
[INFO] Downloading: https://repo.maven.apache.org/maven2/org/sonatype/aether/aether-spi/1.7/aether-spi-1.7.pom
[INFO] Downloaded: https://repo.maven.apache.org/maven2/org/sonatype/aether/aether-spi/1.7/aether-spi-1.7.pom (2 KB at 77.3 KB/sec)
[INFO] Downloading: https://repo.maven.apache.org/maven2/org/apache/maven/shared/maven-filtering/3.1.1/maven-filtering-3.1.1.pom
[INFO] Downloaded: https://repo.maven.apache.org/maven2/org/apache/maven/shared/maven-filtering/3.1.1/maven-filtering-3.1.1.pom (6 KB at 231.2 KB/sec)
[INFO] Downloading: https://repo.maven.apache.org/maven2/org/apache/maven/shared/maven-shared-components/30/maven-shared-components-30.pom
[INFO] Downloaded: https://repo.maven.apache.org/maven2/org/apache/maven/shared/maven-shared-components/30/maven-shared-components-30.pom (5 KB at 149.2 KB/sec)
[INFO] Downloading: https://repo.maven.apache.org/maven2/org/apache/maven/shared/maven-shared-utils/3.0.0/maven-shared-utils-3.0.0.pom
[INFO] Downloaded: https://repo.maven.apache.org/maven2/org/apache/maven/shared/maven-shared-utils/3.0.0/maven-shared-utils-3.0.0.pom (6 KB at 209.7 KB/sec)
[INFO] Downloading: https://repo.maven.apache.org/maven2/org/apache/maven/shared/maven-shared-components/21/maven-shared-components-21.pom
[INFO] Downloaded: https://repo.maven.apache.org/maven2/org/apache/maven/shared/maven-shared-components/21/maven-shared-components-21.pom (5 KB at 237.5 KB/sec)
[INFO] Downloading: https://repo.maven.apache.org/maven2/org/apache/maven/maven-parent/25/maven-parent-25.pom
[INFO] Downloaded: https://repo.maven.apache.org/maven2/org/apache/maven/maven-parent/25/maven-parent-25.pom (37 KB at 1075.4 KB/sec)
[INFO] Downloading: https://repo.maven.apache.org/maven2/org/apache/apache/15/apache-15.pom
[INFO] Downloaded: https://repo.maven.apache.org/maven2/org/apache/apache/15/apache-15.pom (15 KB at 646.9 KB/sec)
[INFO] Downloading: https://repo.maven.apache.org/maven2/commons-io/commons-io/2.4/commons-io-2.4.pom
[INFO] Downloaded: https://repo.maven.apache.org/maven2/commons-io/commons-io/2.4/commons-io-2.4.pom (10 KB at 320.2 KB/sec)
[INFO] Downloading: https://repo.maven.apache.org/maven2/org/apache/commons/commons-parent/25/commons-parent-25.pom
[INFO] Downloaded: https://repo.maven.apache.org/maven2/org/apache/commons/commons-parent/25/commons-parent-25.pom (48 KB at 2246.3 KB/sec)
[INFO] Downloading: https://repo.maven.apache.org/maven2/org/codehaus/plexus/plexus-interpolation/1.22/plexus-interpolation-1.22.pom
[INFO] Downloaded: https://repo.maven.apache.org/maven2/org/codehaus/plexus/plexus-interpolation/1.22/plexus-interpolation-1.22.pom (2 KB at 48.5 KB/sec)
[INFO] Downloading: https://repo.maven.apache.org/maven2/org/codehaus/plexus/plexus-components/1.3.1/plexus-components-1.3.1.pom
[INFO] Downloaded: https://repo.maven.apache.org/maven2/org/codehaus/plexus/plexus-components/1.3.1/plexus-components-1.3.1.pom (3 KB at 96.5 KB/sec)
[INFO] Downloading: https://repo.maven.apache.org/maven2/org/sonatype/plexus/plexus-build-api/0.0.7/plexus-build-api-0.0.7.pom
[INFO] Downloaded: https://repo.maven.apache.org/maven2/org/sonatype/plexus/plexus-build-api/0.0.7/plexus-build-api-0.0.7.pom (4 KB at 142.2 KB/sec)
[INFO] Downloading: https://repo.maven.apache.org/maven2/org/sonatype/spice/spice-parent/15/spice-parent-15.pom
[INFO] Downloaded: https://repo.maven.apache.org/maven2/org/sonatype/spice/spice-parent/15/spice-parent-15.pom (9 KB at 326.5 KB/sec)
[INFO] Downloading: https://repo.maven.apache.org/maven2/org/sonatype/forge/forge-parent/5/forge-parent-5.pom
[INFO] Downloaded: https://repo.maven.apache.org/maven2/org/sonatype/forge/forge-parent/5/forge-parent-5.pom (9 KB at 314.1 KB/sec)
[INFO] Downloading: https://repo.maven.apache.org/maven2/org/codehaus/plexus/plexus-utils/1.5.8/plexus-utils-1.5.8.pom
[INFO] Downloaded: https://repo.maven.apache.org/maven2/org/codehaus/plexus/plexus-utils/1.5.8/plexus-utils-1.5.8.pom (8 KB at 212.8 KB/sec)
[INFO] Downloading: https://repo.maven.apache.org/maven2/commons-io/commons-io/2.5/commons-io-2.5.pom
[INFO] Downloaded: https://repo.maven.apache.org/maven2/commons-io/commons-io/2.5/commons-io-2.5.pom (13 KB at 324.5 KB/sec)
[INFO] Downloading: https://repo.maven.apache.org/maven2/org/apache/commons/commons-parent/39/commons-parent-39.pom
[INFO] Downloaded: https://repo.maven.apache.org/maven2/org/apache/commons/commons-parent/39/commons-parent-39.pom (61 KB at 960.7 KB/sec)
[INFO] Downloading: https://repo.maven.apache.org/maven2/org/codehaus/plexus/plexus-interpolation/1.24/plexus-interpolation-1.24.pom
[INFO] Downloaded: https://repo.maven.apache.org/maven2/org/codehaus/plexus/plexus-interpolation/1.24/plexus-interpolation-1.24.pom (3 KB at 85.4 KB/sec)
[INFO] Downloading: https://repo.maven.apache.org/maven2/org/apache/maven/maven-artifact/3.0/maven-artifact-3.0.jar
[INFO] Downloading: https://repo.maven.apache.org/maven2/org/apache/maven/maven-core/3.0/maven-core-3.0.jar
[INFO] Downloading: https://repo.maven.apache.org/maven2/org/apache/maven/maven-settings/3.0/maven-settings-3.0.jar
[INFO] Downloading: https://repo.maven.apache.org/maven2/org/apache/maven/maven-settings-builder/3.0/maven-settings-builder-3.0.jar
[INFO] Downloading: https://repo.maven.apache.org/maven2/org/apache/maven/maven-repository-metadata/3.0/maven-repository-metadata-3.0.jar
[INFO] Downloaded: https://repo.maven.apache.org/maven2/org/apache/maven/maven-settings-builder/3.0/maven-settings-builder-3.0.jar (37 KB at 576.5 KB/sec)
[INFO] Downloading: https://repo.maven.apache.org/maven2/org/apache/maven/maven-model-builder/3.0/maven-model-builder-3.0.jar
[INFO] Downloaded: https://repo.maven.apache.org/maven2/org/apache/maven/maven-settings/3.0/maven-settings-3.0.jar (46 KB at 584.3 KB/sec)
[INFO] Downloading: https://repo.maven.apache.org/maven2/org/apache/maven/maven-aether-provider/3.0/maven-aether-provider-3.0.jar
[INFO] Downloaded: https://repo.maven.apache.org/maven2/org/apache/maven/maven-artifact/3.0/maven-artifact-3.0.jar (51 KB at 501.9 KB/sec)
[INFO] Downloading: https://repo.maven.apache.org/maven2/org/sonatype/aether/aether-impl/1.7/aether-impl-1.7.jar
[INFO] Downloaded: https://repo.maven.apache.org/maven2/org/apache/maven/maven-aether-provider/3.0/maven-aether-provider-3.0.jar (50 KB at 666.5 KB/sec)
[INFO] Downloading: https://repo.maven.apache.org/maven2/org/sonatype/aether/aether-spi/1.7/aether-spi-1.7.jar
[INFO] Downloaded: https://repo.maven.apache.org/maven2/org/sonatype/aether/aether-spi/1.7/aether-spi-1.7.jar (14 KB at 122.5 KB/sec)
[INFO] Downloading: https://repo.maven.apache.org/maven2/org/sonatype/aether/aether-api/1.7/aether-api-1.7.jar
[INFO] Downloaded: https://repo.maven.apache.org/maven2/org/apache/maven/maven-model-builder/3.0/maven-model-builder-3.0.jar (145 KB at 1256.6 KB/sec)
[INFO] Downloading: https://repo.maven.apache.org/maven2/org/sonatype/aether/aether-util/1.7/aether-util-1.7.jar
[INFO] Downloaded: https://repo.maven.apache.org/maven2/org/sonatype/aether/aether-impl/1.7/aether-impl-1.7.jar (104 KB at 879.5 KB/sec)
[INFO] Downloading: https://repo.maven.apache.org/maven2/org/codehaus/plexus/plexus-component-annotations/1.6/plexus-component-annotations-1.6.jar
[INFO] Downloaded: https://repo.maven.apache.org/maven2/org/apache/maven/maven-repository-metadata/3.0/maven-repository-metadata-3.0.jar (30 KB at 179.1 KB/sec)
[INFO] Downloading: https://repo.maven.apache.org/maven2/org/sonatype/plexus/plexus-sec-dispatcher/1.3/plexus-sec-dispatcher-1.3.jar
[INFO] Downloaded: https://repo.maven.apache.org/maven2/org/sonatype/aether/aether-api/1.7/aether-api-1.7.jar (73 KB at 452.7 KB/sec)
[INFO] Downloading: https://repo.maven.apache.org/maven2/org/sonatype/plexus/plexus-cipher/1.4/plexus-cipher-1.4.jar
[INFO] Downloaded: https://repo.maven.apache.org/maven2/org/apache/maven/maven-core/3.0/maven-core-3.0.jar (515 KB at 2486.4 KB/sec)
[INFO] Downloading: https://repo.maven.apache.org/maven2/org/apache/maven/maven-model/3.0/maven-model-3.0.jar
[INFO] Downloaded: https://repo.maven.apache.org/maven2/org/codehaus/plexus/plexus-component-annotations/1.6/plexus-component-annotations-1.6.jar (5 KB at 24.1 KB/sec)
[INFO] Downloading: https://repo.maven.apache.org/maven2/org/apache/maven/shared/maven-filtering/3.1.1/maven-filtering-3.1.1.jar
[INFO] Downloaded: https://repo.maven.apache.org/maven2/org/sonatype/aether/aether-util/1.7/aether-util-1.7.jar (106 KB at 605.9 KB/sec)
[INFO] Downloading: https://repo.maven.apache.org/maven2/org/apache/maven/shared/maven-shared-utils/3.0.0/maven-shared-utils-3.0.0.jar
[INFO] Downloaded: https://repo.maven.apache.org/maven2/org/sonatype/plexus/plexus-cipher/1.4/plexus-cipher-1.4.jar (14 KB at 72.8 KB/sec)
[INFO] Downloading: https://repo.maven.apache.org/maven2/org/sonatype/plexus/plexus-build-api/0.0.7/plexus-build-api-0.0.7.jar
[INFO] Downloaded: https://repo.maven.apache.org/maven2/org/sonatype/plexus/plexus-sec-dispatcher/1.3/plexus-sec-dispatcher-1.3.jar (28 KB at 150.7 KB/sec)
[INFO] Downloading: https://repo.maven.apache.org/maven2/commons-io/commons-io/2.5/commons-io-2.5.jar
[INFO] Downloaded: https://repo.maven.apache.org/maven2/org/apache/maven/shared/maven-filtering/3.1.1/maven-filtering-3.1.1.jar (50 KB at 240.9 KB/sec)
[INFO] Downloading: https://repo.maven.apache.org/maven2/org/codehaus/plexus/plexus-interpolation/1.24/plexus-interpolation-1.24.jar
[INFO] Downloaded: https://repo.maven.apache.org/maven2/org/sonatype/plexus/plexus-build-api/0.0.7/plexus-build-api-0.0.7.jar (9 KB at 39.3 KB/sec)
[INFO] Downloaded: https://repo.maven.apache.org/maven2/org/apache/maven/shared/maven-shared-utils/3.0.0/maven-shared-utils-3.0.0.jar (152 KB at 659.7 KB/sec)
[INFO] Downloaded: https://repo.maven.apache.org/maven2/org/apache/maven/maven-model/3.0/maven-model-3.0.jar (161 KB at 684.4 KB/sec)
[INFO] Downloaded: https://repo.maven.apache.org/maven2/org/codehaus/plexus/plexus-interpolation/1.24/plexus-interpolation-1.24.jar (78 KB at 317.0 KB/sec)
[INFO] Downloaded: https://repo.maven.apache.org/maven2/commons-io/commons-io/2.5/commons-io-2.5.jar (204 KB at 808.8 KB/sec)
[INFO] Using 'UTF-8' encoding to copy filtered resources.
[INFO] skip non existing resourceDirectory /tmp/build/header-maven-plugin/src/main/resources
[INFO] 
[INFO] --- maven-resources-plugin:3.0.2:copy-resources (asciidoc-copy-resources) @ header-maven-plugin ---
[INFO] Using 'UTF-8' encoding to copy filtered resources.
[INFO] 
[INFO] --- maven-compiler-plugin:3.6.1:compile (default-compile) @ header-maven-plugin ---
[INFO] Downloading: https://repo.maven.apache.org/maven2/org/apache/maven/shared/maven-shared-utils/3.1.0/maven-shared-utils-3.1.0.pom
[INFO] Downloaded: https://repo.maven.apache.org/maven2/org/apache/maven/shared/maven-shared-utils/3.1.0/maven-shared-utils-3.1.0.pom (5 KB at 324.2 KB/sec)
[INFO] Downloading: https://repo.maven.apache.org/maven2/org/apache/maven/shared/maven-shared-incremental/1.1/maven-shared-incremental-1.1.pom
[INFO] Downloaded: https://repo.maven.apache.org/maven2/org/apache/maven/shared/maven-shared-incremental/1.1/maven-shared-incremental-1.1.pom (5 KB at 257.3 KB/sec)
[INFO] Downloading: https://repo.maven.apache.org/maven2/org/apache/maven/maven-core/2.2.1/maven-core-2.2.1.pom
[INFO] Downloaded: https://repo.maven.apache.org/maven2/org/apache/maven/maven-core/2.2.1/maven-core-2.2.1.pom (12 KB at 757.4 KB/sec)
[INFO] Downloading: https://repo.maven.apache.org/maven2/org/apache/maven/maven-plugin-parameter-documenter/2.2.1/maven-plugin-parameter-documenter-2.2.1.pom
[INFO] Downloaded: https://repo.maven.apache.org/maven2/org/apache/maven/maven-plugin-parameter-documenter/2.2.1/maven-plugin-parameter-documenter-2.2.1.pom (2 KB at 106.2 KB/sec)
[INFO] Downloading: https://repo.maven.apache.org/maven2/org/slf4j/slf4j-jdk14/1.5.6/slf4j-jdk14-1.5.6.pom
[INFO] Downloaded: https://repo.maven.apache.org/maven2/org/slf4j/slf4j-jdk14/1.5.6/slf4j-jdk14-1.5.6.pom (2 KB at 59.8 KB/sec)
[INFO] Downloading: https://repo.maven.apache.org/maven2/org/slf4j/slf4j-parent/1.5.6/slf4j-parent-1.5.6.pom
[INFO] Downloaded: https://repo.maven.apache.org/maven2/org/slf4j/slf4j-parent/1.5.6/slf4j-parent-1.5.6.pom (8 KB at 552.5 KB/sec)
[INFO] Downloading: https://repo.maven.apache.org/maven2/org/slf4j/slf4j-api/1.5.6/slf4j-api-1.5.6.pom
[INFO] Downloaded: https://repo.maven.apache.org/maven2/org/slf4j/slf4j-api/1.5.6/slf4j-api-1.5.6.pom (3 KB at 224.2 KB/sec)
[INFO] Downloading: https://repo.maven.apache.org/maven2/org/slf4j/jcl-over-slf4j/1.5.6/jcl-over-slf4j-1.5.6.pom
[INFO] Downloaded: https://repo.maven.apache.org/maven2/org/slf4j/jcl-over-slf4j/1.5.6/jcl-over-slf4j-1.5.6.pom (3 KB at 151.3 KB/sec)
[INFO] Downloading: https://repo.maven.apache.org/maven2/org/apache/maven/maven-error-diagnostics/2.2.1/maven-error-diagnostics-2.2.1.pom
[INFO] Downloaded: https://repo.maven.apache.org/maven2/org/apache/maven/maven-error-diagnostics/2.2.1/maven-error-diagnostics-2.2.1.pom (2 KB at 111.2 KB/sec)
[INFO] Downloading: https://repo.maven.apache.org/maven2/org/apache/maven/maven-monitor/2.2.1/maven-monitor-2.2.1.pom
[INFO] Downloaded: https://repo.maven.apache.org/maven2/org/apache/maven/maven-monitor/2.2.1/maven-monitor-2.2.1.pom (2 KB at 81.8 KB/sec)
[INFO] Downloading: https://repo.maven.apache.org/maven2/org/apache/maven/shared/maven-shared-utils/0.1/maven-shared-utils-0.1.pom
[INFO] Downloaded: https://repo.maven.apache.org/maven2/org/apache/maven/shared/maven-shared-utils/0.1/maven-shared-utils-0.1.pom (4 KB at 219.6 KB/sec)
[INFO] Downloading: https://repo.maven.apache.org/maven2/org/apache/maven/shared/maven-shared-components/18/maven-shared-components-18.pom
[INFO] Downloaded: https://repo.maven.apache.org/maven2/org/apache/maven/shared/maven-shared-components/18/maven-shared-components-18.pom (5 KB at 370.6 KB/sec)
[INFO] Downloading: https://repo.maven.apache.org/maven2/org/ow2/asm/asm/6.0_ALPHA/asm-6.0_ALPHA.pom
[INFO] Downloaded: https://repo.maven.apache.org/maven2/org/ow2/asm/asm/6.0_ALPHA/asm-6.0_ALPHA.pom (2 KB at 29.6 KB/sec)
[INFO] Downloading: https://repo.maven.apache.org/maven2/org/ow2/asm/asm-parent/6.0_ALPHA/asm-parent-6.0_ALPHA.pom
[INFO] Downloaded: https://repo.maven.apache.org/maven2/org/ow2/asm/asm-parent/6.0_ALPHA/asm-parent-6.0_ALPHA.pom (6 KB at 179.0 KB/sec)
[INFO] Downloading: https://repo.maven.apache.org/maven2/com/thoughtworks/qdox/qdox/2.0-M5/qdox-2.0-M5.pom
[INFO] Downloaded: https://repo.maven.apache.org/maven2/com/thoughtworks/qdox/qdox/2.0-M5/qdox-2.0-M5.pom (16 KB at 724.9 KB/sec)
[INFO] Downloading: https://repo.maven.apache.org/maven2/org/sonatype/oss/oss-parent/9/oss-parent-9.pom
[INFO] Downloaded: https://repo.maven.apache.org/maven2/org/sonatype/oss/oss-parent/9/oss-parent-9.pom (7 KB at 291.6 KB/sec)
[INFO] Downloading: https://repo.maven.apache.org/maven2/org/codehaus/plexus/plexus-compiler-api/2.8.1/plexus-compiler-api-2.8.1.pom
[INFO] Downloaded: https://repo.maven.apache.org/maven2/org/codehaus/plexus/plexus-compiler-api/2.8.1/plexus-compiler-api-2.8.1.pom (893 B at 30.1 KB/sec)
[INFO] Downloading: https://repo.maven.apache.org/maven2/org/codehaus/plexus/plexus-compiler/2.8.1/plexus-compiler-2.8.1.pom
[INFO] Downloaded: https://repo.maven.apache.org/maven2/org/codehaus/plexus/plexus-compiler/2.8.1/plexus-compiler-2.8.1.pom (5 KB at 244.4 KB/sec)
[INFO] Downloading: https://repo.maven.apache.org/maven2/org/codehaus/plexus/plexus-components/4.0/plexus-components-4.0.pom
[INFO] Downloaded: https://repo.maven.apache.org/maven2/org/codehaus/plexus/plexus-components/4.0/plexus-components-4.0.pom (3 KB at 112.8 KB/sec)
[INFO] Downloading: https://repo.maven.apache.org/maven2/org/codehaus/plexus/plexus-utils/3.0.22/plexus-utils-3.0.22.pom
[INFO] Downloaded: https://repo.maven.apache.org/maven2/org/codehaus/plexus/plexus-utils/3.0.22/plexus-utils-3.0.22.pom (4 KB at 95.9 KB/sec)
[INFO] Downloading: https://repo.maven.apache.org/maven2/org/codehaus/plexus/plexus-compiler-manager/2.8.1/plexus-compiler-manager-2.8.1.pom
[INFO] Downloaded: https://repo.maven.apache.org/maven2/org/codehaus/plexus/plexus-compiler-manager/2.8.1/plexus-compiler-manager-2.8.1.pom (713 B at 17.0 KB/sec)
[INFO] Downloading: https://repo.maven.apache.org/maven2/org/codehaus/plexus/plexus-compiler-javac/2.8.1/plexus-compiler-javac-2.8.1.pom
[INFO] Downloaded: https://repo.maven.apache.org/maven2/org/codehaus/plexus/plexus-compiler-javac/2.8.1/plexus-compiler-javac-2.8.1.pom (794 B at 18.5 KB/sec)
[INFO] Downloading: https://repo.maven.apache.org/maven2/org/codehaus/plexus/plexus-compilers/2.8.1/plexus-compilers-2.8.1.pom
[INFO] Downloaded: https://repo.maven.apache.org/maven2/org/codehaus/plexus/plexus-compilers/2.8.1/plexus-compilers-2.8.1.pom (2 KB at 58.8 KB/sec)
[INFO] Downloading: https://repo.maven.apache.org/maven2/org/codehaus/plexus/plexus-utils/2.0.4/plexus-utils-2.0.4.jar
[INFO] Downloading: https://repo.maven.apache.org/maven2/org/codehaus/plexus/plexus-interpolation/1.14/plexus-interpolation-1.14.jar
[INFO] Downloading: https://repo.maven.apache.org/maven2/org/apache/maven/shared/maven-shared-utils/3.1.0/maven-shared-utils-3.1.0.jar
[INFO] Downloading: https://repo.maven.apache.org/maven2/org/apache/maven/shared/maven-shared-incremental/1.1/maven-shared-incremental-1.1.jar
[INFO] Downloading: https://repo.maven.apache.org/maven2/org/ow2/asm/asm/6.0_ALPHA/asm-6.0_ALPHA.jar
[INFO] Downloaded: https://repo.maven.apache.org/maven2/org/apache/maven/shared/maven-shared-incremental/1.1/maven-shared-incremental-1.1.jar (14 KB at 130.9 KB/sec)
[INFO] Downloading: https://repo.maven.apache.org/maven2/com/thoughtworks/qdox/qdox/2.0-M5/qdox-2.0-M5.jar
[INFO] Downloaded: https://repo.maven.apache.org/maven2/org/codehaus/plexus/plexus-interpolation/1.14/plexus-interpolation-1.14.jar (60 KB at 458.8 KB/sec)
[INFO] Downloading: https://repo.maven.apache.org/maven2/org/codehaus/plexus/plexus-compiler-api/2.8.1/plexus-compiler-api-2.8.1.jar
[INFO] Downloaded: https://repo.maven.apache.org/maven2/org/ow2/asm/asm/6.0_ALPHA/asm-6.0_ALPHA.jar (55 KB at 573.8 KB/sec)
[INFO] Downloading: https://repo.maven.apache.org/maven2/org/codehaus/plexus/plexus-compiler-manager/2.8.1/plexus-compiler-manager-2.8.1.jar
[INFO] Downloaded: https://repo.maven.apache.org/maven2/org/codehaus/plexus/plexus-compiler-api/2.8.1/plexus-compiler-api-2.8.1.jar (26 KB at 249.7 KB/sec)
[INFO] Downloading: https://repo.maven.apache.org/maven2/org/codehaus/plexus/plexus-compiler-javac/2.8.1/plexus-compiler-javac-2.8.1.jar
[INFO] Downloaded: https://repo.maven.apache.org/maven2/org/codehaus/plexus/plexus-utils/2.0.4/plexus-utils-2.0.4.jar (217 KB at 1261.2 KB/sec)
[INFO] Downloaded: https://repo.maven.apache.org/maven2/org/codehaus/plexus/plexus-compiler-javac/2.8.1/plexus-compiler-javac-2.8.1.jar (20 KB at 157.0 KB/sec)
[INFO] Downloaded: https://repo.maven.apache.org/maven2/org/apache/maven/shared/maven-shared-utils/3.1.0/maven-shared-utils-3.1.0.jar (160 KB at 980.7 KB/sec)
[INFO] Downloaded: https://repo.maven.apache.org/maven2/com/thoughtworks/qdox/qdox/2.0-M5/qdox-2.0-M5.jar (307 KB at 1719.6 KB/sec)
[INFO] Downloaded: https://repo.maven.apache.org/maven2/org/codehaus/plexus/plexus-compiler-manager/2.8.1/plexus-compiler-manager-2.8.1.jar (5 KB at 16.8 KB/sec)
[INFO] Changes detected - recompiling the module!
[INFO] Compiling 2 source files to /tmp/build/header-maven-plugin/target/classes
[INFO] 
[INFO] --- maven-plugin-plugin:3.4:descriptor (default-descriptor) @ header-maven-plugin ---
[INFO] Using 'UTF-8' encoding to read mojo metadata.
[INFO] Mojo extractor with id: java-javadoc found 0 mojo descriptors.
[INFO] Mojo extractor with id: java-annotations found 2 mojo descriptors.
[INFO] 
[INFO] --- maven-plugin-plugin:3.4:descriptor (mojo-descriptor) @ header-maven-plugin ---
[INFO] Using 'UTF-8' encoding to read mojo metadata.
[INFO] Mojo extractor with id: java-javadoc found 0 mojo descriptors.
[INFO] Mojo extractor with id: java-annotations found 2 mojo descriptors.
[INFO] 
[INFO] --- maven-resources-plugin:3.0.2:testResources (default-testResources) @ header-maven-plugin ---
[INFO] Using 'UTF-8' encoding to copy filtered resources.
[INFO] skip non existing resourceDirectory /tmp/build/header-maven-plugin/src/test/resources
[INFO] 
[INFO] --- maven-compiler-plugin:3.6.1:testCompile (default-testCompile) @ header-maven-plugin ---
[INFO] No sources to compile
[INFO] 
[INFO] --- maven-surefire-plugin:2.12.4:test (default-test) @ header-maven-plugin ---
[INFO] Downloading: https://repo.maven.apache.org/maven2/org/apache/maven/maven-plugin-api/2.0.9/maven-plugin-api-2.0.9.pom
[INFO] Downloaded: https://repo.maven.apache.org/maven2/org/apache/maven/maven-plugin-api/2.0.9/maven-plugin-api-2.0.9.pom (2 KB at 52.1 KB/sec)
[INFO] Downloading: https://repo.maven.apache.org/maven2/org/apache/maven/maven/2.0.9/maven-2.0.9.pom
[INFO] Downloaded: https://repo.maven.apache.org/maven2/org/apache/maven/maven/2.0.9/maven-2.0.9.pom (19 KB at 923.2 KB/sec)
[INFO] Downloading: https://repo.maven.apache.org/maven2/org/apache/maven/maven-parent/8/maven-parent-8.pom
[INFO] Downloaded: https://repo.maven.apache.org/maven2/org/apache/maven/maven-parent/8/maven-parent-8.pom (24 KB at 906.4 KB/sec)
[INFO] Downloading: https://repo.maven.apache.org/maven2/org/apache/maven/surefire/surefire-booter/2.12.4/surefire-booter-2.12.4.pom
[INFO] Downloaded: https://repo.maven.apache.org/maven2/org/apache/maven/surefire/surefire-booter/2.12.4/surefire-booter-2.12.4.pom (3 KB at 98.7 KB/sec)
[INFO] Downloading: https://repo.maven.apache.org/maven2/org/apache/maven/surefire/surefire-api/2.12.4/surefire-api-2.12.4.pom
[INFO] Downloaded: https://repo.maven.apache.org/maven2/org/apache/maven/surefire/surefire-api/2.12.4/surefire-api-2.12.4.pom (3 KB at 59.3 KB/sec)
[INFO] Downloading: https://repo.maven.apache.org/maven2/org/apache/maven/surefire/maven-surefire-common/2.12.4/maven-surefire-common-2.12.4.pom
[INFO] Downloaded: https://repo.maven.apache.org/maven2/org/apache/maven/surefire/maven-surefire-common/2.12.4/maven-surefire-common-2.12.4.pom (6 KB at 225.0 KB/sec)
[INFO] Downloading: https://repo.maven.apache.org/maven2/org/apache/maven/maven-artifact/2.0.9/maven-artifact-2.0.9.pom
[INFO] Downloaded: https://repo.maven.apache.org/maven2/org/apache/maven/maven-artifact/2.0.9/maven-artifact-2.0.9.pom (2 KB at 51.0 KB/sec)
[INFO] Downloading: https://repo.maven.apache.org/maven2/org/codehaus/plexus/plexus-utils/3.0.8/plexus-utils-3.0.8.pom
[INFO] Downloaded: https://repo.maven.apache.org/maven2/org/codehaus/plexus/plexus-utils/3.0.8/plexus-utils-3.0.8.pom (4 KB at 133.4 KB/sec)
[INFO] Downloading: https://repo.maven.apache.org/maven2/org/codehaus/plexus/plexus/3.2/plexus-3.2.pom
[INFO] Downloaded: https://repo.maven.apache.org/maven2/org/codehaus/plexus/plexus/3.2/plexus-3.2.pom (19 KB at 832.1 KB/sec)
[INFO] Downloading: https://repo.maven.apache.org/maven2/org/apache/maven/maven-project/2.0.9/maven-project-2.0.9.pom
[INFO] Downloaded: https://repo.maven.apache.org/maven2/org/apache/maven/maven-project/2.0.9/maven-project-2.0.9.pom (3 KB at 115.1 KB/sec)
[INFO] Downloading: https://repo.maven.apache.org/maven2/org/apache/maven/maven-settings/2.0.9/maven-settings-2.0.9.pom
[INFO] Downloaded: https://repo.maven.apache.org/maven2/org/apache/maven/maven-settings/2.0.9/maven-settings-2.0.9.pom (3 KB at 69.3 KB/sec)
[INFO] Downloading: https://repo.maven.apache.org/maven2/org/apache/maven/maven-model/2.0.9/maven-model-2.0.9.pom
[INFO] Downloaded: https://repo.maven.apache.org/maven2/org/apache/maven/maven-model/2.0.9/maven-model-2.0.9.pom (4 KB at 219.0 KB/sec)
[INFO] Downloading: https://repo.maven.apache.org/maven2/org/apache/maven/maven-profile/2.0.9/maven-profile-2.0.9.pom
[INFO] Downloaded: https://repo.maven.apache.org/maven2/org/apache/maven/maven-profile/2.0.9/maven-profile-2.0.9.pom (3 KB at 105.4 KB/sec)
[INFO] Downloading: https://repo.maven.apache.org/maven2/org/apache/maven/maven-artifact-manager/2.0.9/maven-artifact-manager-2.0.9.pom
[INFO] Downloaded: https://repo.maven.apache.org/maven2/org/apache/maven/maven-artifact-manager/2.0.9/maven-artifact-manager-2.0.9.pom (3 KB at 202.8 KB/sec)
[INFO] Downloading: https://repo.maven.apache.org/maven2/org/apache/maven/maven-repository-metadata/2.0.9/maven-repository-metadata-2.0.9.pom
[INFO] Downloaded: https://repo.maven.apache.org/maven2/org/apache/maven/maven-repository-metadata/2.0.9/maven-repository-metadata-2.0.9.pom (2 KB at 97.7 KB/sec)
[INFO] Downloading: https://repo.maven.apache.org/maven2/org/apache/maven/maven-plugin-registry/2.0.9/maven-plugin-registry-2.0.9.pom
[INFO] Downloaded: https://repo.maven.apache.org/maven2/org/apache/maven/maven-plugin-registry/2.0.9/maven-plugin-registry-2.0.9.pom (2 KB at 192.5 KB/sec)
[INFO] Downloading: https://repo.maven.apache.org/maven2/org/apache/maven/maven-core/2.0.9/maven-core-2.0.9.pom
[INFO] Downloaded: https://repo.maven.apache.org/maven2/org/apache/maven/maven-core/2.0.9/maven-core-2.0.9.pom (8 KB at 380.1 KB/sec)
[INFO] Downloading: https://repo.maven.apache.org/maven2/org/apache/maven/maven-plugin-parameter-documenter/2.0.9/maven-plugin-parameter-documenter-2.0.9.pom
[INFO] Downloaded: https://repo.maven.apache.org/maven2/org/apache/maven/maven-plugin-parameter-documenter/2.0.9/maven-plugin-parameter-documenter-2.0.9.pom (2 KB at 61.9 KB/sec)
[INFO] Downloading: https://repo.maven.apache.org/maven2/org/apache/maven/reporting/maven-reporting-api/2.0.9/maven-reporting-api-2.0.9.pom
[INFO] Downloaded: https://repo.maven.apache.org/maven2/org/apache/maven/reporting/maven-reporting-api/2.0.9/maven-reporting-api-2.0.9.pom (2 KB at 50.3 KB/sec)
[INFO] Downloading: https://repo.maven.apache.org/maven2/org/apache/maven/reporting/maven-reporting/2.0.9/maven-reporting-2.0.9.pom
[INFO] Downloaded: https://repo.maven.apache.org/maven2/org/apache/maven/reporting/maven-reporting/2.0.9/maven-reporting-2.0.9.pom (2 KB at 75.9 KB/sec)
[INFO] Downloading: https://repo.maven.apache.org/maven2/org/apache/maven/maven-error-diagnostics/2.0.9/maven-error-diagnostics-2.0.9.pom
[INFO] Downloaded: https://repo.maven.apache.org/maven2/org/apache/maven/maven-error-diagnostics/2.0.9/maven-error-diagnostics-2.0.9.pom (2 KB at 63.1 KB/sec)
[INFO] Downloading: https://repo.maven.apache.org/maven2/org/apache/maven/maven-plugin-descriptor/2.0.9/maven-plugin-descriptor-2.0.9.pom
[INFO] Downloaded: https://repo.maven.apache.org/maven2/org/apache/maven/maven-plugin-descriptor/2.0.9/maven-plugin-descriptor-2.0.9.pom (3 KB at 106.7 KB/sec)
[INFO] Downloading: https://repo.maven.apache.org/maven2/org/apache/maven/maven-monitor/2.0.9/maven-monitor-2.0.9.pom
[INFO] Downloaded: https://repo.maven.apache.org/maven2/org/apache/maven/maven-monitor/2.0.9/maven-monitor-2.0.9.pom (2 KB at 41.8 KB/sec)
[INFO] Downloading: https://repo.maven.apache.org/maven2/classworlds/classworlds/1.1/classworlds-1.1.pom
[INFO] Downloaded: https://repo.maven.apache.org/maven2/classworlds/classworlds/1.1/classworlds-1.1.pom (4 KB at 231.9 KB/sec)
[INFO] Downloading: https://repo.maven.apache.org/maven2/org/apache/maven/maven-toolchain/2.0.9/maven-toolchain-2.0.9.pom
[INFO] Downloaded: https://repo.maven.apache.org/maven2/org/apache/maven/maven-toolchain/2.0.9/maven-toolchain-2.0.9.pom (4 KB at 242.5 KB/sec)
[INFO] Downloading: https://repo.maven.apache.org/maven2/org/apache/commons/commons-lang3/3.1/commons-lang3-3.1.pom
[INFO] Downloaded: https://repo.maven.apache.org/maven2/org/apache/commons/commons-lang3/3.1/commons-lang3-3.1.pom (17 KB at 1088.0 KB/sec)
[INFO] Downloading: https://repo.maven.apache.org/maven2/org/apache/maven/shared/maven-common-artifact-filters/1.3/maven-common-artifact-filters-1.3.pom
[INFO] Downloaded: https://repo.maven.apache.org/maven2/org/apache/maven/shared/maven-common-artifact-filters/1.3/maven-common-artifact-filters-1.3.pom (4 KB at 59.3 KB/sec)
[INFO] Downloading: https://repo.maven.apache.org/maven2/org/apache/maven/shared/maven-shared-components/12/maven-shared-components-12.pom
[INFO] Downloaded: https://repo.maven.apache.org/maven2/org/apache/maven/shared/maven-shared-components/12/maven-shared-components-12.pom (10 KB at 828.9 KB/sec)
[INFO] Downloading: https://repo.maven.apache.org/maven2/org/apache/maven/maven-parent/13/maven-parent-13.pom
[INFO] Downloaded: https://repo.maven.apache.org/maven2/org/apache/maven/maven-parent/13/maven-parent-13.pom (23 KB at 2009.4 KB/sec)
[INFO] Downloading: https://repo.maven.apache.org/maven2/org/codehaus/plexus/plexus-container-default/1.0-alpha-9/plexus-container-default-1.0-alpha-9.pom
[INFO] Downloaded: https://repo.maven.apache.org/maven2/org/codehaus/plexus/plexus-container-default/1.0-alpha-9/plexus-container-default-1.0-alpha-9.pom (2 KB at 28.1 KB/sec)
[INFO] Downloading: https://repo.maven.apache.org/maven2/org/apache/maven/maven-plugin-api/2.0.9/maven-plugin-api-2.0.9.jar
[INFO] Downloading: https://repo.maven.apache.org/maven2/org/apache/maven/surefire/surefire-booter/2.12.4/surefire-booter-2.12.4.jar
[INFO] Downloading: https://repo.maven.apache.org/maven2/org/apache/maven/surefire/surefire-api/2.12.4/surefire-api-2.12.4.jar
[INFO] Downloading: https://repo.maven.apache.org/maven2/org/apache/maven/surefire/maven-surefire-common/2.12.4/maven-surefire-common-2.12.4.jar
[INFO] Downloading: https://repo.maven.apache.org/maven2/org/apache/commons/commons-lang3/3.1/commons-lang3-3.1.jar
[INFO] Downloaded: https://repo.maven.apache.org/maven2/org/apache/maven/maven-plugin-api/2.0.9/maven-plugin-api-2.0.9.jar (13 KB at 151.7 KB/sec)
[INFO] Downloading: https://repo.maven.apache.org/maven2/org/apache/maven/shared/maven-common-artifact-filters/1.3/maven-common-artifact-filters-1.3.jar
[INFO] Downloaded: https://repo.maven.apache.org/maven2/org/apache/maven/surefire/surefire-booter/2.12.4/surefire-booter-2.12.4.jar (34 KB at 521.1 KB/sec)
[INFO] Downloading: https://repo.maven.apache.org/maven2/org/codehaus/plexus/plexus-utils/3.0.8/plexus-utils-3.0.8.jar
[INFO] Downloaded: https://repo.maven.apache.org/maven2/org/apache/maven/surefire/surefire-api/2.12.4/surefire-api-2.12.4.jar (115 KB at 1794.2 KB/sec)
[INFO] Downloading: https://repo.maven.apache.org/maven2/org/apache/maven/maven-artifact/2.0.9/maven-artifact-2.0.9.jar
[INFO] Downloaded: https://repo.maven.apache.org/maven2/org/apache/maven/shared/maven-common-artifact-filters/1.3/maven-common-artifact-filters-1.3.jar (31 KB at 297.4 KB/sec)
[INFO] Downloading: https://repo.maven.apache.org/maven2/org/apache/maven/maven-project/2.0.9/maven-project-2.0.9.jar
[INFO] Downloaded: https://repo.maven.apache.org/maven2/org/apache/maven/maven-artifact/2.0.9/maven-artifact-2.0.9.jar (87 KB at 789.3 KB/sec)
[INFO] Downloading: https://repo.maven.apache.org/maven2/org/apache/maven/maven-settings/2.0.9/maven-settings-2.0.9.jar
[INFO] Downloaded: https://repo.maven.apache.org/maven2/org/codehaus/plexus/plexus-utils/3.0.8/plexus-utils-3.0.8.jar (227 KB at 1902.4 KB/sec)
[INFO] Downloading: https://repo.maven.apache.org/maven2/org/apache/maven/maven-profile/2.0.9/maven-profile-2.0.9.jar
[INFO] Downloaded: https://repo.maven.apache.org/maven2/org/apache/maven/surefire/maven-surefire-common/2.12.4/maven-surefire-common-2.12.4.jar (257 KB at 1972.9 KB/sec)
[INFO] Downloading: https://repo.maven.apache.org/maven2/org/apache/maven/maven-model/2.0.9/maven-model-2.0.9.jar
[INFO] Downloaded: https://repo.maven.apache.org/maven2/org/apache/commons/commons-lang3/3.1/commons-lang3-3.1.jar (309 KB at 2336.4 KB/sec)
[INFO] Downloading: https://repo.maven.apache.org/maven2/org/apache/maven/maven-artifact-manager/2.0.9/maven-artifact-manager-2.0.9.jar
[INFO] Downloaded: https://repo.maven.apache.org/maven2/org/apache/maven/maven-settings/2.0.9/maven-settings-2.0.9.jar (48 KB at 333.1 KB/sec)
[INFO] Downloading: https://repo.maven.apache.org/maven2/org/apache/maven/maven-plugin-registry/2.0.9/maven-plugin-registry-2.0.9.jar
[INFO] Downloaded: https://repo.maven.apache.org/maven2/org/apache/maven/maven-profile/2.0.9/maven-profile-2.0.9.jar (35 KB at 231.7 KB/sec)
[INFO] Downloading: https://repo.maven.apache.org/maven2/org/apache/maven/maven-core/2.0.9/maven-core-2.0.9.jar
[INFO] Downloaded: https://repo.maven.apache.org/maven2/org/apache/maven/maven-artifact-manager/2.0.9/maven-artifact-manager-2.0.9.jar (57 KB at 362.0 KB/sec)
[INFO] Downloading: https://repo.maven.apache.org/maven2/org/apache/maven/maven-plugin-parameter-documenter/2.0.9/maven-plugin-parameter-documenter-2.0.9.jar
[INFO] Downloaded: https://repo.maven.apache.org/maven2/org/apache/maven/maven-model/2.0.9/maven-model-2.0.9.jar (86 KB at 513.7 KB/sec)
[INFO] Downloading: https://repo.maven.apache.org/maven2/org/apache/maven/reporting/maven-reporting-api/2.0.9/maven-reporting-api-2.0.9.jar
[INFO] Downloaded: https://repo.maven.apache.org/maven2/org/apache/maven/maven-plugin-registry/2.0.9/maven-plugin-registry-2.0.9.jar (29 KB at 166.0 KB/sec)
[INFO] Downloading: https://repo.maven.apache.org/maven2/org/apache/maven/maven-repository-metadata/2.0.9/maven-repository-metadata-2.0.9.jar
[INFO] Downloaded: https://repo.maven.apache.org/maven2/org/apache/maven/maven-project/2.0.9/maven-project-2.0.9.jar (119 KB at 679.6 KB/sec)
[INFO] Downloading: https://repo.maven.apache.org/maven2/org/apache/maven/maven-error-diagnostics/2.0.9/maven-error-diagnostics-2.0.9.jar
[INFO] Downloaded: https://repo.maven.apache.org/maven2/org/apache/maven/maven-plugin-parameter-documenter/2.0.9/maven-plugin-parameter-documenter-2.0.9.jar (21 KB at 113.9 KB/sec)
[INFO] Downloading: https://repo.maven.apache.org/maven2/org/apache/maven/maven-plugin-descriptor/2.0.9/maven-plugin-descriptor-2.0.9.jar
[INFO] Downloaded: https://repo.maven.apache.org/maven2/org/apache/maven/reporting/maven-reporting-api/2.0.9/maven-reporting-api-2.0.9.jar (10 KB at 53.5 KB/sec)
[INFO] Downloading: https://repo.maven.apache.org/maven2/org/apache/maven/maven-monitor/2.0.9/maven-monitor-2.0.9.jar
[INFO] Downloaded: https://repo.maven.apache.org/maven2/org/apache/maven/maven-core/2.0.9/maven-core-2.0.9.jar (156 KB at 749.5 KB/sec)
[INFO] Downloading: https://repo.maven.apache.org/maven2/classworlds/classworlds/1.1/classworlds-1.1.jar
[INFO] Downloaded: https://repo.maven.apache.org/maven2/org/apache/maven/maven-error-diagnostics/2.0.9/maven-error-diagnostics-2.0.9.jar (14 KB at 63.2 KB/sec)
[INFO] Downloading: https://repo.maven.apache.org/maven2/org/apache/maven/maven-toolchain/2.0.9/maven-toolchain-2.0.9.jar
[INFO] Downloaded: https://repo.maven.apache.org/maven2/org/apache/maven/maven-plugin-descriptor/2.0.9/maven-plugin-descriptor-2.0.9.jar (37 KB at 163.7 KB/sec)
[INFO] Downloaded: https://repo.maven.apache.org/maven2/classworlds/classworlds/1.1/classworlds-1.1.jar (37 KB at 160.7 KB/sec)
[INFO] Downloaded: https://repo.maven.apache.org/maven2/org/apache/maven/maven-repository-metadata/2.0.9/maven-repository-metadata-2.0.9.jar (24 KB at 104.3 KB/sec)
[INFO] Downloaded: https://repo.maven.apache.org/maven2/org/apache/maven/maven-monitor/2.0.9/maven-monitor-2.0.9.jar (11 KB at 42.7 KB/sec)
[INFO] Downloaded: https://repo.maven.apache.org/maven2/org/apache/maven/maven-toolchain/2.0.9/maven-toolchain-2.0.9.jar (38 KB at 137.9 KB/sec)
[INFO] No tests to run.
[INFO] 
[INFO] --- maven-jar-plugin:3.0.2:jar (default-jar) @ header-maven-plugin ---
[INFO] Downloading: https://repo.maven.apache.org/maven2/org/apache/maven/maven-archiver/3.1.1/maven-archiver-3.1.1.pom
[INFO] Downloaded: https://repo.maven.apache.org/maven2/org/apache/maven/maven-archiver/3.1.1/maven-archiver-3.1.1.pom (5 KB at 81.6 KB/sec)
[INFO] Downloading: https://repo.maven.apache.org/maven2/org/apache/maven/shared/maven-shared-utils/3.0.1/maven-shared-utils-3.0.1.pom
[INFO] Downloaded: https://repo.maven.apache.org/maven2/org/apache/maven/shared/maven-shared-utils/3.0.1/maven-shared-utils-3.0.1.pom (5 KB at 149.2 KB/sec)
[INFO] Downloading: https://repo.maven.apache.org/maven2/org/codehaus/plexus/plexus-archiver/3.3/plexus-archiver-3.3.pom
[INFO] Downloaded: https://repo.maven.apache.org/maven2/org/codehaus/plexus/plexus-archiver/3.3/plexus-archiver-3.3.pom (6 KB at 157.6 KB/sec)
[INFO] Downloading: https://repo.maven.apache.org/maven2/org/codehaus/plexus/plexus-io/2.7.1/plexus-io-2.7.1.pom
[INFO] Downloaded: https://repo.maven.apache.org/maven2/org/codehaus/plexus/plexus-io/2.7.1/plexus-io-2.7.1.pom (5 KB at 240.1 KB/sec)
[INFO] Downloading: https://repo.maven.apache.org/maven2/commons-io/commons-io/2.2/commons-io-2.2.pom
[INFO] Downloaded: https://repo.maven.apache.org/maven2/commons-io/commons-io/2.2/commons-io-2.2.pom (11 KB at 431.0 KB/sec)
[INFO] Downloading: https://repo.maven.apache.org/maven2/org/apache/commons/commons-parent/24/commons-parent-24.pom
[INFO] Downloaded: https://repo.maven.apache.org/maven2/org/apache/commons/commons-parent/24/commons-parent-24.pom (47 KB at 1214.7 KB/sec)
[INFO] Downloading: https://repo.maven.apache.org/maven2/org/apache/commons/commons-compress/1.11/commons-compress-1.11.pom
[INFO] Downloaded: https://repo.maven.apache.org/maven2/org/apache/commons/commons-compress/1.11/commons-compress-1.11.pom (13 KB at 613.2 KB/sec)
[INFO] Downloading: https://repo.maven.apache.org/maven2/org/iq80/snappy/snappy/0.4/snappy-0.4.pom
[INFO] Downloaded: https://repo.maven.apache.org/maven2/org/iq80/snappy/snappy/0.4/snappy-0.4.pom (15 KB at 489.5 KB/sec)
[INFO] Downloading: https://repo.maven.apache.org/maven2/org/tukaani/xz/1.5/xz-1.5.pom
[INFO] Downloaded: https://repo.maven.apache.org/maven2/org/tukaani/xz/1.5/xz-1.5.pom (2 KB at 66.4 KB/sec)
[INFO] Downloading: https://repo.maven.apache.org/maven2/org/codehaus/plexus/plexus-archiver/3.4/plexus-archiver-3.4.pom
[INFO] Downloaded: https://repo.maven.apache.org/maven2/org/codehaus/plexus/plexus-archiver/3.4/plexus-archiver-3.4.pom (6 KB at 289.0 KB/sec)
[INFO] Downloading: https://repo.maven.apache.org/maven2/org/apache/maven/maven-archiver/3.1.1/maven-archiver-3.1.1.jar
[INFO] Downloading: https://repo.maven.apache.org/maven2/org/apache/maven/shared/maven-shared-utils/3.0.1/maven-shared-utils-3.0.1.jar
[INFO] Downloading: https://repo.maven.apache.org/maven2/org/codehaus/plexus/plexus-archiver/3.4/plexus-archiver-3.4.jar
[INFO] Downloading: https://repo.maven.apache.org/maven2/org/codehaus/plexus/plexus-io/2.7.1/plexus-io-2.7.1.jar
[INFO] Downloading: https://repo.maven.apache.org/maven2/org/apache/commons/commons-compress/1.11/commons-compress-1.11.jar
[INFO] Downloaded: https://repo.maven.apache.org/maven2/org/apache/maven/maven-archiver/3.1.1/maven-archiver-3.1.1.jar (24 KB at 177.7 KB/sec)
[INFO] Downloading: https://repo.maven.apache.org/maven2/org/iq80/snappy/snappy/0.4/snappy-0.4.jar
[INFO] Downloaded: https://repo.maven.apache.org/maven2/org/codehaus/plexus/plexus-io/2.7.1/plexus-io-2.7.1.jar (84 KB at 821.7 KB/sec)
[INFO] Downloading: https://repo.maven.apache.org/maven2/org/tukaani/xz/1.5/xz-1.5.jar
[INFO] Downloaded: https://repo.maven.apache.org/maven2/org/apache/maven/shared/maven-shared-utils/3.0.1/maven-shared-utils-3.0.1.jar (151 KB at 1054.7 KB/sec)
[INFO] Downloaded: https://repo.maven.apache.org/maven2/org/codehaus/plexus/plexus-archiver/3.4/plexus-archiver-3.4.jar (183 KB at 1106.6 KB/sec)
[INFO] Downloaded: https://repo.maven.apache.org/maven2/org/iq80/snappy/snappy/0.4/snappy-0.4.jar (57 KB at 413.1 KB/sec)
[INFO] Downloaded: https://repo.maven.apache.org/maven2/org/tukaani/xz/1.5/xz-1.5.jar (98 KB at 704.5 KB/sec)
[INFO] Downloaded: https://repo.maven.apache.org/maven2/org/apache/commons/commons-compress/1.11/commons-compress-1.11.jar (416 KB at 2296.5 KB/sec)
[INFO] Building jar: /tmp/build/header-maven-plugin/target/header-maven-plugin-1.0.0-SNAPSHOT.jar
[INFO] 
[INFO] --- maven-plugin-plugin:3.4:addPluginArtifactMetadata (default-addPluginArtifactMetadata) @ header-maven-plugin ---
[INFO] 
[INFO] --- maven-install-plugin:2.5.2:install (default-install) @ header-maven-plugin ---
[INFO] Installing /tmp/build/header-maven-plugin/target/header-maven-plugin-1.0.0-SNAPSHOT.jar to /home/maven/.m2/repository/org/keycloak/documentation/header-maven-plugin/1.0.0-SNAPSHOT/header-maven-plugin-1.0.0-SNAPSHOT.jar
[INFO] Installing /tmp/build/header-maven-plugin/pom.xml to /home/maven/.m2/repository/org/keycloak/documentation/header-maven-plugin/1.0.0-SNAPSHOT/header-maven-plugin-1.0.0-SNAPSHOT.pom
[INFO]                                                                         
[INFO] ------------------------------------------------------------------------
[INFO] Building API Documentation 1.0.0-SNAPSHOT
[INFO] ------------------------------------------------------------------------
[INFO] Downloading: https://repo.maven.apache.org/maven2/org/asciidoctor/asciidoctor-maven-plugin/1.5.5/asciidoctor-maven-plugin-1.5.5.pom
[INFO] Downloaded: https://repo.maven.apache.org/maven2/org/asciidoctor/asciidoctor-maven-plugin/1.5.5/asciidoctor-maven-plugin-1.5.5.pom (18 KB at 129.3 KB/sec)
[INFO] Downloading: https://repo.maven.apache.org/maven2/org/sonatype/oss/oss-parent/7/oss-parent-7.pom
[INFO] Downloaded: https://repo.maven.apache.org/maven2/org/sonatype/oss/oss-parent/7/oss-parent-7.pom (5 KB at 224.3 KB/sec)
[INFO] Downloading: https://repo.maven.apache.org/maven2/org/asciidoctor/asciidoctor-maven-plugin/1.5.5/asciidoctor-maven-plugin-1.5.5.jar
[INFO] Downloaded: https://repo.maven.apache.org/maven2/org/asciidoctor/asciidoctor-maven-plugin/1.5.5/asciidoctor-maven-plugin-1.5.5.jar (54 KB at 605.5 KB/sec)
[INFO] Downloading: https://repo.maven.apache.org/maven2/org/apache/maven/plugins/maven-antrun-plugin/1.8/maven-antrun-plugin-1.8.pom
[INFO] Downloaded: https://repo.maven.apache.org/maven2/org/apache/maven/plugins/maven-antrun-plugin/1.8/maven-antrun-plugin-1.8.pom (4 KB at 115.6 KB/sec)
[INFO] Downloading: https://repo.maven.apache.org/maven2/org/apache/maven/plugins/maven-plugins/27/maven-plugins-27.pom
[INFO] Downloaded: https://repo.maven.apache.org/maven2/org/apache/maven/plugins/maven-plugins/27/maven-plugins-27.pom (12 KB at 584.1 KB/sec)
[INFO] Downloading: https://repo.maven.apache.org/maven2/org/apache/maven/plugins/maven-antrun-plugin/1.8/maven-antrun-plugin-1.8.jar
[INFO] Downloaded: https://repo.maven.apache.org/maven2/org/apache/maven/plugins/maven-antrun-plugin/1.8/maven-antrun-plugin-1.8.jar (36 KB at 1212.4 KB/sec)
[INFO] 
[INFO] --- header-maven-plugin:1.0.0-SNAPSHOT:header (add-file-headers) @ api-documentation ---
[INFO] 
[INFO] --- asciidoctor-maven-plugin:1.5.5:process-asciidoc (asciidoc-to-html) @ api-documentation ---
[INFO] Downloading: https://repo.maven.apache.org/maven2/org/jruby/jruby-complete/1.7.26/jruby-complete-1.7.26.pom
[INFO] Downloaded: https://repo.maven.apache.org/maven2/org/jruby/jruby-complete/1.7.26/jruby-complete-1.7.26.pom (9 KB at 477.3 KB/sec)
[INFO] Downloading: https://repo.maven.apache.org/maven2/org/jruby/jruby-artifacts/1.7.26/jruby-artifacts-1.7.26.pom
[INFO] Downloaded: https://repo.maven.apache.org/maven2/org/jruby/jruby-artifacts/1.7.26/jruby-artifacts-1.7.26.pom (4 KB at 161.8 KB/sec)
[INFO] Downloading: https://repo.maven.apache.org/maven2/org/jruby/jruby-parent/1.7.26/jruby-parent-1.7.26.pom
[INFO] Downloaded: https://repo.maven.apache.org/maven2/org/jruby/jruby-parent/1.7.26/jruby-parent-1.7.26.pom (24 KB at 1054.8 KB/sec)
[INFO] Downloading: https://repo.maven.apache.org/maven2/org/apache/maven/maven-plugin-api/2.0/maven-plugin-api-2.0.pom
[INFO] Downloaded: https://repo.maven.apache.org/maven2/org/apache/maven/maven-plugin-api/2.0/maven-plugin-api-2.0.pom (601 B at 20.2 KB/sec)
[INFO] Downloading: https://repo.maven.apache.org/maven2/org/apache/maven/maven/2.0/maven-2.0.pom
[INFO] Downloaded: https://repo.maven.apache.org/maven2/org/apache/maven/maven/2.0/maven-2.0.pom (9 KB at 503.7 KB/sec)
[INFO] Downloading: https://repo.maven.apache.org/maven2/org/apache/maven/shared/maven-filtering/3.1.0/maven-filtering-3.1.0.pom
[INFO] Downloaded: https://repo.maven.apache.org/maven2/org/apache/maven/shared/maven-filtering/3.1.0/maven-filtering-3.1.0.pom (6 KB at 156.4 KB/sec)
[INFO] Downloading: https://repo.maven.apache.org/maven2/org/apache/maven/shared/maven-shared-components/22/maven-shared-components-22.pom
[INFO] Downloaded: https://repo.maven.apache.org/maven2/org/apache/maven/shared/maven-shared-components/22/maven-shared-components-22.pom (5 KB at 166.5 KB/sec)
[INFO] Downloading: https://repo.maven.apache.org/maven2/org/apache/maven/maven-parent/27/maven-parent-27.pom
[INFO] Downloaded: https://repo.maven.apache.org/maven2/org/apache/maven/maven-parent/27/maven-parent-27.pom (40 KB at 924.5 KB/sec)
[INFO] Downloading: https://repo.maven.apache.org/maven2/org/apache/apache/17/apache-17.pom
[INFO] Downloaded: https://repo.maven.apache.org/maven2/org/apache/apache/17/apache-17.pom (16 KB at 980.0 KB/sec)
[INFO] Downloading: https://repo.maven.apache.org/maven2/org/codehaus/plexus/plexus-interpolation/1.21/plexus-interpolation-1.21.pom
[INFO] Downloaded: https://repo.maven.apache.org/maven2/org/codehaus/plexus/plexus-interpolation/1.21/plexus-interpolation-1.21.pom (2 KB at 107.4 KB/sec)
[INFO] Downloading: https://repo.maven.apache.org/maven2/org/codehaus/plexus/plexus-utils/3.0.23/plexus-utils-3.0.23.pom
[INFO] Downloaded: https://repo.maven.apache.org/maven2/org/codehaus/plexus/plexus-utils/3.0.23/plexus-utils-3.0.23.pom (5 KB at 335.9 KB/sec)
[INFO] Downloading: https://repo.maven.apache.org/maven2/org/asciidoctor/asciidoctorj/1.5.5/asciidoctorj-1.5.5.pom
[INFO] Downloaded: https://repo.maven.apache.org/maven2/org/asciidoctor/asciidoctorj/1.5.5/asciidoctorj-1.5.5.pom (3 KB at 57.1 KB/sec)
[INFO] Downloading: https://repo.maven.apache.org/maven2/com/beust/jcommander/1.35/jcommander-1.35.pom
[INFO] Downloaded: https://repo.maven.apache.org/maven2/com/beust/jcommander/1.35/jcommander-1.35.pom (8 KB at 336.0 KB/sec)
[INFO] Downloading: https://repo.maven.apache.org/maven2/org/sonatype/oss/oss-parent/3/oss-parent-3.pom
[INFO] Downloaded: https://repo.maven.apache.org/maven2/org/sonatype/oss/oss-parent/3/oss-parent-3.pom (4 KB at 163.6 KB/sec)
[INFO] Downloading: https://repo.maven.apache.org/maven2/io/netty/netty-codec-http/4.0.38.Final/netty-codec-http-4.0.38.Final.pom
[INFO] Downloaded: https://repo.maven.apache.org/maven2/io/netty/netty-codec-http/4.0.38.Final/netty-codec-http-4.0.38.Final.pom (2 KB at 82.7 KB/sec)
[INFO] Downloading: https://repo.maven.apache.org/maven2/io/netty/netty-parent/4.0.38.Final/netty-parent-4.0.38.Final.pom
[INFO] Downloaded: https://repo.maven.apache.org/maven2/io/netty/netty-parent/4.0.38.Final/netty-parent-4.0.38.Final.pom (44 KB at 1826.5 KB/sec)
[INFO] Downloading: https://repo.maven.apache.org/maven2/io/netty/netty-codec/4.0.38.Final/netty-codec-4.0.38.Final.pom
[INFO] Downloaded: https://repo.maven.apache.org/maven2/io/netty/netty-codec/4.0.38.Final/netty-codec-4.0.38.Final.pom (3 KB at 115.1 KB/sec)
[INFO] Downloading: https://repo.maven.apache.org/maven2/io/netty/netty-transport/4.0.38.Final/netty-transport-4.0.38.Final.pom
[INFO] Downloaded: https://repo.maven.apache.org/maven2/io/netty/netty-transport/4.0.38.Final/netty-transport-4.0.38.Final.pom (2 KB at 54.1 KB/sec)
[INFO] Downloading: https://repo.maven.apache.org/maven2/io/netty/netty-buffer/4.0.38.Final/netty-buffer-4.0.38.Final.pom
[INFO] Downloaded: https://repo.maven.apache.org/maven2/io/netty/netty-buffer/4.0.38.Final/netty-buffer-4.0.38.Final.pom (2 KB at 58.5 KB/sec)
[INFO] Downloading: https://repo.maven.apache.org/maven2/io/netty/netty-common/4.0.38.Final/netty-common-4.0.38.Final.pom
[INFO] Downloaded: https://repo.maven.apache.org/maven2/io/netty/netty-common/4.0.38.Final/netty-common-4.0.38.Final.pom (7 KB at 157.1 KB/sec)
[INFO] Downloading: https://repo.maven.apache.org/maven2/io/netty/netty-handler/4.0.38.Final/netty-handler-4.0.38.Final.pom
[INFO] Downloaded: https://repo.maven.apache.org/maven2/io/netty/netty-handler/4.0.38.Final/netty-handler-4.0.38.Final.pom (3 KB at 146.4 KB/sec)
[INFO] Downloading: https://repo.maven.apache.org/maven2/org/apache/maven/doxia/doxia-core/1.6/doxia-core-1.6.pom
[INFO] Downloaded: https://repo.maven.apache.org/maven2/org/apache/maven/doxia/doxia-core/1.6/doxia-core-1.6.pom (5 KB at 178.5 KB/sec)
[INFO] Downloading: https://repo.maven.apache.org/maven2/org/apache/maven/doxia/doxia/1.6/doxia-1.6.pom
[INFO] Downloaded: https://repo.maven.apache.org/maven2/org/apache/maven/doxia/doxia/1.6/doxia-1.6.pom (19 KB at 1426.1 KB/sec)
[INFO] Downloading: https://repo.maven.apache.org/maven2/org/apache/maven/doxia/doxia-sink-api/1.6/doxia-sink-api-1.6.pom
[INFO] Downloaded: https://repo.maven.apache.org/maven2/org/apache/maven/doxia/doxia-sink-api/1.6/doxia-sink-api-1.6.pom (2 KB at 74.8 KB/sec)
[INFO] Downloading: https://repo.maven.apache.org/maven2/org/apache/maven/doxia/doxia-logging-api/1.6/doxia-logging-api-1.6.pom
[INFO] Downloaded: https://repo.maven.apache.org/maven2/org/apache/maven/doxia/doxia-logging-api/1.6/doxia-logging-api-1.6.pom (2 KB at 83.3 KB/sec)
[INFO] Downloading: https://repo.maven.apache.org/maven2/org/codehaus/plexus/plexus-utils/1.4.5/plexus-utils-1.4.5.pom
[INFO] Downloaded: https://repo.maven.apache.org/maven2/org/codehaus/plexus/plexus-utils/1.4.5/plexus-utils-1.4.5.pom (3 KB at 110.6 KB/sec)
[INFO] Downloading: https://repo.maven.apache.org/maven2/xmlunit/xmlunit/1.5/xmlunit-1.5.pom
[INFO] Downloaded: https://repo.maven.apache.org/maven2/xmlunit/xmlunit/1.5/xmlunit-1.5.pom (3 KB at 156.8 KB/sec)
[INFO] Downloading: https://repo.maven.apache.org/maven2/org/apache/maven/doxia/doxia-module-xhtml/1.6/doxia-module-xhtml-1.6.pom
[INFO] Downloaded: https://repo.maven.apache.org/maven2/org/apache/maven/doxia/doxia-module-xhtml/1.6/doxia-module-xhtml-1.6.pom (2 KB at 79.6 KB/sec)
[INFO] Downloading: https://repo.maven.apache.org/maven2/org/apache/maven/doxia/doxia-modules/1.6/doxia-modules-1.6.pom
[INFO] Downloaded: https://repo.maven.apache.org/maven2/org/apache/maven/doxia/doxia-modules/1.6/doxia-modules-1.6.pom (3 KB at 256.1 KB/sec)
[INFO] Downloading: https://repo.maven.apache.org/maven2/org/jruby/jruby-complete/1.7.26/jruby-complete-1.7.26.jar
[INFO] Downloading: https://repo.maven.apache.org/maven2/org/apache/maven/maven-plugin-api/2.0/maven-plugin-api-2.0.jar
[INFO] Downloading: https://repo.maven.apache.org/maven2/org/apache/maven/shared/maven-filtering/3.1.0/maven-filtering-3.1.0.jar
[INFO] Downloading: https://repo.maven.apache.org/maven2/org/codehaus/plexus/plexus-interpolation/1.22/plexus-interpolation-1.22.jar
[INFO] Downloading: https://repo.maven.apache.org/maven2/org/codehaus/plexus/plexus-utils/3.0.23/plexus-utils-3.0.23.jar
[INFO] Downloaded: https://repo.maven.apache.org/maven2/org/apache/maven/maven-plugin-api/2.0/maven-plugin-api-2.0.jar (10 KB at 291.0 KB/sec)
[INFO] Downloading: https://repo.maven.apache.org/maven2/org/asciidoctor/asciidoctorj/1.5.5/asciidoctorj-1.5.5.jar
[INFO] Downloaded: https://repo.maven.apache.org/maven2/org/apache/maven/shared/maven-filtering/3.1.0/maven-filtering-3.1.0.jar (50 KB at 1303.2 KB/sec)
[INFO] Downloading: https://repo.maven.apache.org/maven2/com/beust/jcommander/1.35/jcommander-1.35.jar
[INFO] Downloaded: https://repo.maven.apache.org/maven2/org/codehaus/plexus/plexus-interpolation/1.22/plexus-interpolation-1.22.jar (76 KB at 1745.7 KB/sec)
[INFO] Downloading: https://repo.maven.apache.org/maven2/io/netty/netty-codec-http/4.0.38.Final/netty-codec-http-4.0.38.Final.jar
[INFO] Downloaded: https://repo.maven.apache.org/maven2/com/beust/jcommander/1.35/jcommander-1.35.jar (60 KB at 832.8 KB/sec)
[INFO] Downloading: https://repo.maven.apache.org/maven2/io/netty/netty-codec/4.0.38.Final/netty-codec-4.0.38.Final.jar
[INFO] Downloaded: https://repo.maven.apache.org/maven2/org/codehaus/plexus/plexus-utils/3.0.23/plexus-utils-3.0.23.jar (241 KB at 1975.1 KB/sec)
[INFO] Downloading: https://repo.maven.apache.org/maven2/io/netty/netty-transport/4.0.38.Final/netty-transport-4.0.38.Final.jar
[INFO] Downloaded: https://repo.maven.apache.org/maven2/io/netty/netty-codec/4.0.38.Final/netty-codec-4.0.38.Final.jar (146 KB at 1179.0 KB/sec)
[INFO] Downloading: https://repo.maven.apache.org/maven2/io/netty/netty-handler/4.0.38.Final/netty-handler-4.0.38.Final.jar
[INFO] Downloaded: https://repo.maven.apache.org/maven2/io/netty/netty-handler/4.0.38.Final/netty-handler-4.0.38.Final.jar (287 KB at 1156.9 KB/sec)
[INFO] Downloading: https://repo.maven.apache.org/maven2/io/netty/netty-buffer/4.0.38.Final/netty-buffer-4.0.38.Final.jar
[INFO] Downloaded: https://repo.maven.apache.org/maven2/io/netty/netty-codec-http/4.0.38.Final/netty-codec-http-4.0.38.Final.jar (443 KB at 1782.8 KB/sec)
[INFO] Downloading: https://repo.maven.apache.org/maven2/io/netty/netty-common/4.0.38.Final/netty-common-4.0.38.Final.jar
[INFO] Downloaded: https://repo.maven.apache.org/maven2/io/netty/netty-transport/4.0.38.Final/netty-transport-4.0.38.Final.jar (359 KB at 1252.4 KB/sec)
[INFO] Downloading: https://repo.maven.apache.org/maven2/org/apache/maven/doxia/doxia-core/1.6/doxia-core-1.6.jar
[INFO] Downloaded: https://repo.maven.apache.org/maven2/org/asciidoctor/asciidoctorj/1.5.5/asciidoctorj-1.5.5.jar (701 KB at 2441.9 KB/sec)
[INFO] Downloading: https://repo.maven.apache.org/maven2/org/apache/maven/doxia/doxia-sink-api/1.6/doxia-sink-api-1.6.jar
[INFO] Downloaded: https://repo.maven.apache.org/maven2/org/apache/maven/doxia/doxia-sink-api/1.6/doxia-sink-api-1.6.jar (11 KB at 34.5 KB/sec)
[INFO] Downloading: https://repo.maven.apache.org/maven2/org/apache/maven/doxia/doxia-logging-api/1.6/doxia-logging-api-1.6.jar
[INFO] Downloaded: https://repo.maven.apache.org/maven2/io/netty/netty-buffer/4.0.38.Final/netty-buffer-4.0.38.Final.jar (216 KB at 657.4 KB/sec)
[INFO] Downloading: https://repo.maven.apache.org/maven2/commons-logging/commons-logging/1.1.1/commons-logging-1.1.1.jar
[INFO] Downloaded: https://repo.maven.apache.org/maven2/org/apache/maven/doxia/doxia-logging-api/1.6/doxia-logging-api-1.6.jar (12 KB at 33.5 KB/sec)
[INFO] Downloading: https://repo.maven.apache.org/maven2/xmlunit/xmlunit/1.5/xmlunit-1.5.jar
[INFO] Downloaded: https://repo.maven.apache.org/maven2/org/apache/maven/doxia/doxia-core/1.6/doxia-core-1.6.jar (159 KB at 476.8 KB/sec)
[INFO] Downloading: https://repo.maven.apache.org/maven2/commons-io/commons-io/2.4/commons-io-2.4.jar
[INFO] Downloaded: https://repo.maven.apache.org/maven2/commons-logging/commons-logging/1.1.1/commons-logging-1.1.1.jar (60 KB at 163.3 KB/sec)
[INFO] Downloading: https://repo.maven.apache.org/maven2/org/apache/maven/doxia/doxia-module-xhtml/1.6/doxia-module-xhtml-1.6.jar
[INFO] Downloaded: https://repo.maven.apache.org/maven2/xmlunit/xmlunit/1.5/xmlunit-1.5.jar (96 KB at 256.4 KB/sec)
[INFO] Downloaded: https://repo.maven.apache.org/maven2/commons-io/commons-io/2.4/commons-io-2.4.jar (181 KB at 467.2 KB/sec)
[INFO] Downloaded: https://repo.maven.apache.org/maven2/io/netty/netty-common/4.0.38.Final/netty-common-4.0.38.Final.jar (499 KB at 1259.7 KB/sec)
[INFO] Downloaded: https://repo.maven.apache.org/maven2/org/apache/maven/doxia/doxia-module-xhtml/1.6/doxia-module-xhtml-1.6.jar (16 KB at 39.5 KB/sec)
[INFO] Downloaded: https://repo.maven.apache.org/maven2/org/jruby/jruby-complete/1.7.26/jruby-complete-1.7.26.jar (23796 KB at 12841.7 KB/sec)
[INFO] Using 'ANSI_X3.4-1968' encoding to copy filtered resources.
[INFO] ignoreDelta true
[INFO] Copying 0 resource
[INFO] Rendered /tmp/build/api_documentation/target/sources/index.adoc
[INFO] 
[INFO] --- maven-antrun-plugin:1.8:run (echo-output) @ api-documentation ---
[INFO] Downloading: https://repo.maven.apache.org/maven2/org/apache/ant/ant/1.9.4/ant-1.9.4.pom
[INFO] Downloaded: https://repo.maven.apache.org/maven2/org/apache/ant/ant/1.9.4/ant-1.9.4.pom (10 KB at 408.7 KB/sec)
[INFO] Downloading: https://repo.maven.apache.org/maven2/org/apache/ant/ant-parent/1.9.4/ant-parent-1.9.4.pom
[INFO] Downloaded: https://repo.maven.apache.org/maven2/org/apache/ant/ant-parent/1.9.4/ant-parent-1.9.4.pom (6 KB at 364.8 KB/sec)
[INFO] Downloading: https://repo.maven.apache.org/maven2/org/apache/ant/ant-launcher/1.9.4/ant-launcher-1.9.4.pom
[INFO] Downloaded: https://repo.maven.apache.org/maven2/org/apache/ant/ant-launcher/1.9.4/ant-launcher-1.9.4.pom (3 KB at 81.4 KB/sec)
[INFO] Downloading: https://repo.maven.apache.org/maven2/org/apache/ant/ant/1.9.4/ant-1.9.4.jar
[INFO] Downloading: https://repo.maven.apache.org/maven2/org/apache/ant/ant-launcher/1.9.4/ant-launcher-1.9.4.jar
[INFO] Downloaded: https://repo.maven.apache.org/maven2/org/apache/ant/ant-launcher/1.9.4/ant-launcher-1.9.4.jar (18 KB at 233.1 KB/sec)
[INFO] Downloaded: https://repo.maven.apache.org/maven2/org/apache/ant/ant/1.9.4/ant-1.9.4.jar (1972 KB at 7170.7 KB/sec)
[INFO] Executing tasks

main:
     [echo] OUTPUT: file:///tmp/build/api_documentation/target/generated-docs/index.html ${projectLatestBuild}
[INFO] Executed tasks
[INFO] 
[INFO] --- maven-install-plugin:2.5.2:install (default-install) @ api-documentation ---
[INFO] Installing /tmp/build/api_documentation/pom.xml to /home/maven/.m2/repository/org/keycloak/documentation/api-documentation/1.0.0-SNAPSHOT/api-documentation-1.0.0-SNAPSHOT.pom
[INFO]                                                                         
[INFO] ------------------------------------------------------------------------
[INFO] Building Authorization Services 1.0.0-SNAPSHOT
[INFO] ------------------------------------------------------------------------
[INFO] 
[INFO] --- header-maven-plugin:1.0.0-SNAPSHOT:header (add-file-headers) @ authorization-services ---
[INFO] 
[INFO] --- asciidoctor-maven-plugin:1.5.5:process-asciidoc (asciidoc-to-html) @ authorization-services ---
[INFO] Using 'ANSI_X3.4-1968' encoding to copy filtered resources.
[INFO] ignoreDelta true
[INFO] Copying 50 resources
[INFO] Copying file images/resource-mgmt-process.png
[INFO] Copying file images/policy-mgmt-process.png
[INFO] Copying file images/keycloak_logo.png
[INFO] Copying file images/authz-arch-overview.png
[INFO] Copying file images/authz-calls.png
[INFO] Copying file images/policy/create-client.png
[INFO] Copying file images/pep-pattern-diagram.png
[INFO] Copying file images/rs-r-scopes.png
[INFO] Copying file keycloak-images/resource/create.png
[INFO] Copying file keycloak-images/resource/view.png
[INFO] Copying file keycloak-images/permission/create-resource.png
[INFO] Copying file keycloak-images/permission/view.png
[INFO] Copying file keycloak-images/permission/create-scope.png
[INFO] Copying file keycloak-images/permission/typed-resource-perm-example.png
[INFO] Copying file keycloak-images/service/account-my-resource.png
[INFO] Copying file keycloak-images/service/account-my-resource-detail.png
[INFO] Copying file keycloak-images/service/rs-uma-authorization-role.png
[INFO] Copying file keycloak-images/service/rs-uma-protection-role.png
[INFO] Copying file keycloak-images/policy/create-group.png
[INFO] Copying file keycloak-images/policy/create-user.png
[INFO] Copying file keycloak-images/policy/create-time.png
[INFO] Copying file keycloak-images/policy/create-role.png
[INFO] Copying file keycloak-images/policy/create-drools.png
[INFO] Copying file keycloak-images/policy/view.png
[INFO] Copying file keycloak-images/policy/create-group-extend-children.png
[INFO] Copying file keycloak-images/policy/create-js.png
[INFO] Copying file keycloak-images/policy/create-aggregated.png
[INFO] Copying file keycloak-images/getting-started/kc-start-page.png
[INFO] Copying file keycloak-images/getting-started/hello-world/enable-authz.png
[INFO] Copying file keycloak-images/getting-started/hello-world/main-page.png
[INFO] Copying file keycloak-images/getting-started/hello-world/create-user.png
[INFO] Copying file keycloak-images/getting-started/hello-world/authz-settings.png
[INFO] Copying file keycloak-images/getting-started/hello-world/login-page.png
[INFO] Copying file keycloak-images/getting-started/hello-world/adapter-config.png
[INFO] Copying file keycloak-images/getting-started/hello-world/reset-user-pwd.png
[INFO] Copying file keycloak-images/getting-started/hello-world/access-denied-page.png
[INFO] Copying file keycloak-images/getting-started/hello-world/create-realm.png
[INFO] Copying file keycloak-images/getting-started/hello-world/create-scope.png
[INFO] Copying file keycloak-images/getting-started/hello-world/create-client.png
[INFO] Copying file keycloak-images/resource-server/default-permission.png
[INFO] Copying file keycloak-images/resource-server/create.png
[INFO] Copying file keycloak-images/resource-server/authz-settings.png
[INFO] Copying file keycloak-images/resource-server/default-policy.png
[INFO] Copying file keycloak-images/resource-server/client-enable-authz.png
[INFO] Copying file keycloak-images/resource-server/client-list.png
[INFO] Copying file keycloak-images/resource-server/client-create.png
[INFO] Copying file keycloak-images/resource-server/authz-export.png
[INFO] Copying file keycloak-images/resource-server/default-resource.png
[INFO] Copying file keycloak-images/resource-server/manage.png
[INFO] Copying file keycloak-images/policy-evaluation-tool/policy-evaluation-tool.png
[INFO] Rendered /tmp/build/authorization_services/target/sources/index.adoc
[INFO] 
[INFO] --- maven-antrun-plugin:1.8:run (echo-output) @ authorization-services ---
[INFO] Executing tasks

main:
     [echo] OUTPUT: file:///tmp/build/authorization_services/target/generated-docs/index.html ${projectLatestBuild}
[INFO] Executed tasks
[INFO] 
[INFO] --- maven-install-plugin:2.5.2:install (default-install) @ authorization-services ---
[INFO] Installing /tmp/build/authorization_services/pom.xml to /home/maven/.m2/repository/org/keycloak/documentation/authorization-services/1.0.0-SNAPSHOT/authorization-services-1.0.0-SNAPSHOT.pom
[INFO]                                                                         
[INFO] ------------------------------------------------------------------------
[INFO] Building Getting Started 1.0.0-SNAPSHOT
[INFO] ------------------------------------------------------------------------
[INFO] 
[INFO] --- header-maven-plugin:1.0.0-SNAPSHOT:header (add-file-headers) @ getting-started ---
[INFO] 
[INFO] --- asciidoctor-maven-plugin:1.5.5:process-asciidoc (asciidoc-to-html) @ getting-started ---
[INFO] Using 'ANSI_X3.4-1968' encoding to copy filtered resources.
[INFO] ignoreDelta true
[INFO] Copying 18 resources
[INFO] Copying file images/add-client.png
[INFO] Copying file images/account-console.png
[INFO] Copying file images/welcome.png
[INFO] Copying file images/admin-login.png
[INFO] Copying file images/admin-console.png
[INFO] Copying file images/vanilla.png
[INFO] Copying file images/keycloak_logo.png
[INFO] Copying file images/client-install-selected.png
[INFO] Copying file images/success.png
[INFO] Copying file images/keycloak-json.png
[INFO] Copying file images/user-credentials.png
[INFO] Copying file images/demo-realm.png
[INFO] Copying file images/update-password.png
[INFO] Copying file images/add-user.png
[INFO] Copying file images/demo-login.png
[INFO] Copying file images/master_realm.png
[INFO] Copying file images/clients.png
[INFO] Copying file images/add-demo-realm.png
[INFO] Rendered /tmp/build/getting_started/target/sources/index.adoc
[INFO] 
[INFO] --- maven-antrun-plugin:1.8:run (echo-output) @ getting-started ---
[INFO] Executing tasks

main:
     [echo] OUTPUT: file:///tmp/build/getting_started/target/generated-docs/index.html ${projectLatestBuild}
[INFO] Executed tasks
[INFO] 
[INFO] --- maven-install-plugin:2.5.2:install (default-install) @ getting-started ---
[INFO] Installing /tmp/build/getting_started/pom.xml to /home/maven/.m2/repository/org/keycloak/documentation/getting-started/1.0.0-SNAPSHOT/getting-started-1.0.0-SNAPSHOT.pom
[INFO]                                                                         
[INFO] ------------------------------------------------------------------------
[INFO] Building Securing Applications and Services 1.0.0-SNAPSHOT
[INFO] ------------------------------------------------------------------------
[INFO] 
[INFO] --- header-maven-plugin:1.0.0-SNAPSHOT:header (add-file-headers) @ securing-apps ---
[INFO] 
[INFO] --- asciidoctor-maven-plugin:1.5.5:process-asciidoc (asciidoc-to-html) @ securing-apps ---
[INFO] Using 'ANSI_X3.4-1968' encoding to copy filtered resources.
[INFO] ignoreDelta true
[INFO] Copying 17 resources
[INFO] Copying file images/keycloak_logo.png
[INFO] Copying file keycloak-images/exchange-users-permission-setup.png
[INFO] Copying file keycloak-images/exchange-users-client-policy.png
[INFO] Copying file keycloak-images/exchange-idp-apply-policy.png
[INFO] Copying file keycloak-images/exchange-users-apply-policy.png
[INFO] Copying file keycloak-images/exchange-idp-permission-unset.png
[INFO] Copying file keycloak-images/exchange-users-permission-set.png
[INFO] Copying file keycloak-images/exchange-target-client-policy.png
[INFO] Copying file keycloak-images/exchange-target-client-permission-set.png
[INFO] Copying file keycloak-images/mod-auth-mellon-config-download.png
[INFO] Copying file keycloak-images/exchange-users-permission-unset.png
[INFO] Copying file keycloak-images/exchange-idp-client-policy.png
[INFO] Copying file keycloak-images/exchange-target-client-permission-setup.png
[INFO] Copying file keycloak-images/exchange-target-client-exchange-apply-policy.png
[INFO] Copying file keycloak-images/exchange-idp-permission-set.png
[INFO] Copying file keycloak-images/exchange-target-client-permission-unset.png
[INFO] Copying file keycloak-images/exchange-idp-permission-setup.png
[INFO] Rendered /tmp/build/securing_apps/target/sources/index.adoc
[INFO] 
[INFO] --- maven-antrun-plugin:1.8:run (echo-output) @ securing-apps ---
[INFO] Executing tasks

main:
     [echo] OUTPUT: file:///tmp/build/securing_apps/target/generated-docs/index.html ${projectLatestBuild}
[INFO] Executed tasks
[INFO] 
[INFO] --- maven-install-plugin:2.5.2:install (default-install) @ securing-apps ---
[INFO] Installing /tmp/build/securing_apps/pom.xml to /home/maven/.m2/repository/org/keycloak/documentation/securing-apps/1.0.0-SNAPSHOT/securing-apps-1.0.0-SNAPSHOT.pom
[INFO]                                                                         
[INFO] ------------------------------------------------------------------------
[INFO] Building Server Administration 1.0.0-SNAPSHOT
[INFO] ------------------------------------------------------------------------
[INFO] 
[INFO] --- header-maven-plugin:1.0.0-SNAPSHOT:header (add-file-headers) @ server-admin ---
[INFO] 
[INFO] --- asciidoctor-maven-plugin:1.5.5:process-asciidoc (asciidoc-to-html) @ server-admin ---
[INFO] Using 'ANSI_X3.4-1968' encoding to copy filtered resources.
[INFO] ignoreDelta true
[INFO] Copying 195 resources
[INFO] Copying file images/facebook-app-settings.png
[INFO] Copying file images/linked-in-developer-network.png
[INFO] Copying file images/webauthn-browser-flow-required.png
[INFO] Copying file images/x509-browser-flow.png
[INFO] Copying file images/linked-in-app-settings.png
[INFO] Copying file images/openshift-add-identity-provider.png
[INFO] Copying file images/email-simple-example.png
[INFO] Copying file images/x509-execution.png
[INFO] Copying file images/domain-mode.png
[INFO] Copying file images/paypal-developer-applications.png
[INFO] Copying file images/google-dashboard.png
[INFO] Copying file images/webauthn-browser-flow-conditional-with-OTP.png
[INFO] Copying file images/x509-browser-flow-bindings.png
[INFO] Copying file images/facebook-create-app-id.png
[INFO] Copying file images/stack-overflow-app-register.png
[INFO] Copying file images/microsoft-app-register.png
[INFO] Copying file images/x509-directgrant-flow.png
[INFO] Copying file images/webauthn-browser-flow-conditional.png
[INFO] Copying file images/instagram-create-instagram-app-id.png
[INFO] Copying file images/identity_broker_flow.png
[INFO] Copying file images/instagram-create-app-id.png
[INFO] Copying file images/openshift-4-add-identity-provider.png
[INFO] Copying file images/keycloak_logo.png
[INFO] Copying file images/facebook-add-new-app.png
[INFO] Copying file images/x509-directgrant-execution.png
[INFO] Copying file images/x509-directgrant-flow-bindings.png
[INFO] Copying file images/user-credentials-set-password.png
[INFO] Copying file images/Passwordless-browser-login.png
[INFO] Copying file images/twitter-details.png
[INFO] Copying file images/Passwordless-browser-login-common.png
[INFO] Copying file images/google-developer-console.png
[INFO] Copying file images/instagram-add-product.png
[INFO] Copying file images/add-provider-select.png
[INFO] Copying file images/microsoft-app-settings.png
[INFO] Copying file images/instagram-add-new-app.png
[INFO] Copying file images/google-create-oauth-id.png
[INFO] Copying file images/facebook-app-settings-website.png
[INFO] Copying file images/github-developer-applications.png
[INFO] Copying file images/bitbucket-developer-applications.png
[INFO] Copying file images/twitter-app-create.png
[INFO] Copying file images/google-create-credentials.png
[INFO] Copying file images/instagram-app-settings.png
[INFO] Copying file images/bitbucket-register-app.png
[INFO] Copying file images/update-server-config-select.png
[INFO] Copying file images/add-provider-dialog.png
[INFO] Copying file images/google-oauth-consent-screen.png
[INFO] Copying file images/github-register-app.png
[INFO] Copying file images/kerberos-trust-basic.png
[INFO] Copying file images/github-app-page.png
[INFO] Copying file images/instagram-add-platform.png
[INFO] Copying file images/x509-configuration.png
[INFO] Copying file images/twitter-keys.png
[INFO] Copying file images/stack-overflow-app-settings.png
[INFO] Copying file images/update-server-config-dialog.png
[INFO] Copying file images/google-client-credentials.png
[INFO] Copying file images/webauthn-passwordless-flow.png
[INFO] Copying file images/twitter-app-register.png
[INFO] Copying file images/linked-in-create-app.png
[INFO] Copying file images/gitlab-developer-applications.png
[INFO] Copying file images/gitlab-app-page.png
[INFO] Copying file images/paypal-register-app.png
[INFO] Copying file images/bitbucket-app-page.png
[INFO] Copying file keycloak-images/keycloak-sssd-freeipa-integration-overview.png
[INFO] Copying file keycloak-images/sessions.png
[INFO] Copying file keycloak-images/effective-role-mappings.png
[INFO] Copying file keycloak-images/fine-grain-sales-application-roles.png
[INFO] Copying file keycloak-images/user-sessions.png
[INFO] Copying file keycloak-images/identity-providers.png
[INFO] Copying file keycloak-images/user-required-action.png
[INFO] Copying file keycloak-images/fine-grain-add-view-leads.png
[INFO] Copying file keycloak-images/audience_mapper.png
[INFO] Copying file keycloak-images/fine-grain-client.png
[INFO] Copying file keycloak-images/fine-grain-map-roles-permission.png
[INFO] Copying file keycloak-images/default-groups.png
[INFO] Copying file keycloak-images/roles.png
[INFO] Copying file keycloak-images/New-flow.png
[INFO] Copying file keycloak-images/tokens-tab.png
[INFO] Copying file keycloak-images/identity-provider-mapper.png
[INFO] Copying file keycloak-images/full-client-scope.png
[INFO] Copying file keycloak-images/gitlab-add-identity-provider.png
[INFO] Copying file keycloak-images/revocation.png
[INFO] Copying file keycloak-images/account-service-profile.png
[INFO] Copying file keycloak-images/fine-grain-client-permissions-tab-off.png
[INFO] Copying file keycloak-images/Create-authentication-execution.png
[INFO] Copying file keycloak-images/client-scopes-evaluate.png
[INFO] Copying file keycloak-images/brute-force.png
[INFO] Copying file keycloak-images/mapper-config.png
[INFO] Copying file keycloak-images/admin-events-representation.png
[INFO] Copying file keycloak-images/security-headers.png
[INFO] Copying file keycloak-images/add-mapper.png
[INFO] Copying file keycloak-images/admin-console.png
[INFO] Copying file keycloak-images/client-scopes-list.png
[INFO] Copying file keycloak-images/login-page.png
[INFO] Copying file keycloak-images/kerberos-provider.png
[INFO] Copying file keycloak-images/google-add-identity-provider.png
[INFO] Copying file keycloak-images/themes-tab.png
[INFO] Copying file keycloak-images/generate-client-keys.png
[INFO] Copying file keycloak-images/microsoft-add-identity-provider.png
[INFO] Copying file keycloak-images/registration-form.png
[INFO] Copying file keycloak-images/client-credentials.png
[INFO] Copying file keycloak-images/account-service-federated-identity.png
[INFO] Copying file keycloak-images/initial-welcome-page.png
[INFO] Copying file keycloak-images/fine-grain-client-manage-permissions.png
[INFO] Copying file keycloak-images/remember-me.png
[INFO] Copying file keycloak-images/client-scopes-default.png
[INFO] Copying file keycloak-images/Create-top-level-flow.png
[INFO] Copying file keycloak-images/account-service-sessions.png
[INFO] Copying file keycloak-images/fine-grain-assign-query-clients.png
[INFO] Copying file keycloak-images/default-required-actions.png
[INFO] Copying file keycloak-images/oidc-add-identity-provider.png
[INFO] Copying file keycloak-images/role.png
[INFO] Copying file keycloak-images/fine-grain-add-view-users.png
[INFO] Copying file keycloak-images/fine-grain-group-permissions-tab-on.png
[INFO] Copying file keycloak-images/add-client-saml.png
[INFO] Copying file keycloak-images/fine-grain-client-assign-user-policy.png
[INFO] Copying file keycloak-images/forgot-password-link.png
[INFO] Copying file keycloak-images/bitbucket-add-identity-provider.png
[INFO] Copying file keycloak-images/client-installation.png
[INFO] Copying file keycloak-images/group-membership.png
[INFO] Copying file keycloak-images/login-events-config.png
[INFO] Copying file keycloak-images/add-realm-menu.png
[INFO] Copying file keycloak-images/reset-credentials-flow.png
[INFO] Copying file keycloak-images/composite-role.png
[INFO] Copying file keycloak-images/otp-policy.png
[INFO] Copying file keycloak-images/failed-password-policy.png
[INFO] Copying file keycloak-images/groups.png
[INFO] Copying file keycloak-images/add-client-oidc.png
[INFO] Copying file keycloak-images/mappers-oidc.png
[INFO] Copying file keycloak-images/account-service-password.png
[INFO] Copying file keycloak-images/registration-link.png
[INFO] Copying file keycloak-images/fine-grain-view-leads-permissions.png
[INFO] Copying file keycloak-images/login-events.png
[INFO] Copying file keycloak-images/create-realm.png
[INFO] Copying file keycloak-images/github-add-identity-provider.png
[INFO] Copying file keycloak-images/browser-flow.png
[INFO] Copying file keycloak-images/user-credentials.png
[INFO] Copying file keycloak-images/ldap-kerberos.png
[INFO] Copying file keycloak-images/admin-events-settings.png
[INFO] Copying file keycloak-images/forgot-password-page.png
[INFO] Copying file keycloak-images/user-role-mappings.png
[INFO] Copying file keycloak-images/add-user-script.png
[INFO] Copying file keycloak-images/login-tab.png
[INFO] Copying file keycloak-images/account-service-apps.png
[INFO] Copying file keycloak-images/linked-in-add-identity-provider.png
[INFO] Copying file keycloak-images/fine-grain-sales-admin-login.png
[INFO] Copying file keycloak-images/client-settings-saml.png
[INFO] Copying file keycloak-images/cache-tab.png
[INFO] Copying file keycloak-images/user-details.png
[INFO] Copying file keycloak-images/delete-user.png
[INFO] Copying file keycloak-images/user-attributes.png
[INFO] Copying file keycloak-images/fine-grain-client-user-policy.png
[INFO] Copying file keycloak-images/client-scope.png
[INFO] Copying file keycloak-images/add-user.png
[INFO] Copying file keycloak-images/credentials.png
[INFO] Copying file keycloak-images/password-policy.png
[INFO] Copying file keycloak-images/login-events-filter.png
[INFO] Copying file keycloak-images/instagram-add-identity-provider.png
[INFO] Copying file keycloak-images/fine-grain-client-permissions-tab-on.png
[INFO] Copying file keycloak-images/user-federation.png
[INFO] Copying file keycloak-images/client-credentials-jwt.png
[INFO] Copying file keycloak-images/admin-events-filter.png
[INFO] Copying file keycloak-images/twitter-add-identity-provider.png
[INFO] Copying file keycloak-images/client-scopes-phone.png
[INFO] Copying file keycloak-images/identity-provider-login-page.png
[INFO] Copying file keycloak-images/recaptcha-config.png
[INFO] Copying file keycloak-images/user-search.png
[INFO] Copying file keycloak-images/delete-account-client-role.png
[INFO] Copying file keycloak-images/import-client-cert.png
[INFO] Copying file keycloak-images/kerberos-browser-flow.png
[INFO] Copying file keycloak-images/stack-overflow-add-identity-provider.png
[INFO] Copying file keycloak-images/admin-events.png
[INFO] Copying file keycloak-images/application-sessions.png
[INFO] Copying file keycloak-images/paypal-add-identity-provider.png
[INFO] Copying file keycloak-images/delete-account-page.png
[INFO] Copying file keycloak-images/users.png
[INFO] Copying file keycloak-images/identity-provider-mappers.png
[INFO] Copying file keycloak-images/add-identity-provider.png
[INFO] Copying file keycloak-images/login-events-settings.png
[INFO] Copying file keycloak-images/registration-flow.png
[INFO] Copying file keycloak-images/keys-tab.png
[INFO] Copying file keycloak-images/client-settings-oidc.png
[INFO] Copying file keycloak-images/facebook-add-identity-provider.png
[INFO] Copying file keycloak-images/delete-account-landing-screen.png
[INFO] Copying file keycloak-images/saml-add-identity-provider.png
[INFO] Copying file keycloak-images/email-tab.png
[INFO] Copying file keycloak-images/account-service-authenticator.png
[INFO] Copying file keycloak-images/x509-client-auth.png
[INFO] Copying file keycloak-images/group.png
[INFO] Copying file keycloak-images/default-roles.png
[INFO] Copying file keycloak-images/clients.png
[INFO] Copying file keycloak-images/fine-grain-view-leads-role-tab.png
[INFO] Copying file keycloak-images/delete-account-confirm.png
[INFO] Copying file keycloak-images/enable-delete-account-action.png
[INFO] Copying file keycloak-images/fine-grain-users-permissions.png
[INFO] Copying file keycloak-images/user-groups.png
[INFO] Rendered /tmp/build/server_admin/target/sources/index.adoc
[INFO] 
[INFO] --- maven-antrun-plugin:1.8:run (echo-output) @ server-admin ---
[INFO] Executing tasks

main:
     [echo] OUTPUT: file:///tmp/build/server_admin/target/generated-docs/index.html ${projectLatestBuild}
[INFO] Executed tasks
[INFO] 
[INFO] --- maven-install-plugin:2.5.2:install (default-install) @ server-admin ---
[INFO] Installing /tmp/build/server_admin/pom.xml to /home/maven/.m2/repository/org/keycloak/documentation/server-admin/1.0.0-SNAPSHOT/server-admin-1.0.0-SNAPSHOT.pom
[INFO]                                                                         
[INFO] ------------------------------------------------------------------------
[INFO] Building Server Developer 1.0.0-SNAPSHOT
[INFO] ------------------------------------------------------------------------
[INFO] 
[INFO] --- header-maven-plugin:1.0.0-SNAPSHOT:header (add-file-headers) @ server-development ---
[INFO] 
[INFO] --- asciidoctor-maven-plugin:1.5.5:process-asciidoc (asciidoc-to-html) @ server-development ---
[INFO] Using 'ANSI_X3.4-1968' encoding to copy filtered resources.
[INFO] ignoreDelta true
[INFO] Copying 6 resources
[INFO] Copying file images/keycloak_logo.png
[INFO] Copying file images/login-sunrise.png
[INFO] Copying file keycloak-images/storage-provider-with-config.png
[INFO] Copying file keycloak-images/storage-provider-created.png
[INFO] Copying file keycloak-images/empty-user-federation-page.png
[INFO] Copying file keycloak-images/user-federation-page.png
[INFO] Rendered /tmp/build/server_development/target/sources/index.adoc
[INFO] 
[INFO] --- maven-antrun-plugin:1.8:run (echo-output) @ server-development ---
[INFO] Executing tasks

main:
     [echo] OUTPUT: file:///tmp/build/server_development/target/generated-docs/index.html ${projectLatestBuild}
[INFO] Executed tasks
[INFO] 
[INFO] --- maven-install-plugin:2.5.2:install (default-install) @ server-development ---
[INFO] Installing /tmp/build/server_development/pom.xml to /home/maven/.m2/repository/org/keycloak/documentation/server-development/1.0.0-SNAPSHOT/server-development-1.0.0-SNAPSHOT.pom
[INFO]                                                                         
[INFO] ------------------------------------------------------------------------
[INFO] Building Server Installation and Configuration 1.0.0-SNAPSHOT
[INFO] ------------------------------------------------------------------------
[INFO] 
[INFO] --- header-maven-plugin:1.0.0-SNAPSHOT:header (add-file-headers) @ server-installation ---
[INFO] 
[INFO] --- asciidoctor-maven-plugin:1.5.5:process-asciidoc (asciidoc-to-html) @ server-installation ---
[INFO] Using 'ANSI_X3.4-1968' encoding to copy filtered resources.
[INFO] ignoreDelta true
[INFO] Copying 43 resources
[INFO] Copying file images/keycloak_installed_cr.png
[INFO] Copying file images/route-ocp.png
[INFO] Copying file images/login-empty.png
[INFO] Copying file images/email-simple-example.png
[INFO] Copying file images/domain-mode.png
[INFO] Copying file images/realms.png
[INFO] Copying file images/identity_broker_flow.png
[INFO] Copying file images/keycloak_logo.png
[INFO] Copying file images/installed-namespace.png
[INFO] Copying file images/login-complete.png
[INFO] Copying file images/add-provider-select.png
[INFO] Copying file images/user_list.png
[INFO] Copying file images/new_install_cr.png
[INFO] Copying file images/update-server-config-select.png
[INFO] Copying file images/add-provider-dialog.png
[INFO] Copying file images/secrets-ocp.png
[INFO] Copying file images/cr-code.png
[INFO] Copying file images/update-server-config-dialog.png
[INFO] Copying file images/clients.png
[INFO] Copying file images/cli-gui.png
[INFO] Copying file images/test-realm-cr.png
[INFO] Copying file images/domain.png
[INFO] Copying file keycloak-images/domain-server-dir.png
[INFO] Copying file keycloak-images/welcome.png
[INFO] Copying file keycloak-images/operator-components.png
[INFO] Copying file keycloak-images/operator-application-monitoring-routes.png
[INFO] Copying file keycloak-images/host-files.png
[INFO] Copying file keycloak-images/admin-console.png
[INFO] Copying file keycloak-images/domain-boot-files.png
[INFO] Copying file keycloak-images/operator-prometheus-alerts.png
[INFO] Copying file keycloak-images/operator-openshift-operatorhub.png
[INFO] Copying file keycloak-images/db-module.png
[INFO] Copying file keycloak-images/standalone-json-config-file.png
[INFO] Copying file keycloak-images/standalone-boot-files.png
[INFO] Copying file keycloak-images/operator-operatorhub-install.png
[INFO] Copying file keycloak-images/load_balancer.png
[INFO] Copying file keycloak-images/operator-graphana-dashboard.png
[INFO] Copying file keycloak-images/standalone-ha-config-file.png
[INFO] Copying file keycloak-images/standalone-config-file.png
[INFO] Copying file keycloak-images/cross-dc-architecture.png
[INFO] Copying file keycloak-images/domain-json-config.png
[INFO] Copying file keycloak-images/domain-file.png
[INFO] Copying file keycloak-images/operator-olm-installation.png
[INFO] Rendered /tmp/build/server_installation/target/sources/index.adoc
[INFO] 
[INFO] --- maven-antrun-plugin:1.8:run (echo-output) @ server-installation ---
[INFO] Executing tasks

main:
     [echo] OUTPUT: file:///tmp/build/server_installation/target/generated-docs/index.html ${projectLatestBuild}
[INFO] Executed tasks
[INFO] 
[INFO] --- maven-install-plugin:2.5.2:install (default-install) @ server-installation ---
[INFO] Installing /tmp/build/server_installation/pom.xml to /home/maven/.m2/repository/org/keycloak/documentation/server-installation/1.0.0-SNAPSHOT/server-installation-1.0.0-SNAPSHOT.pom
[INFO]                                                                         
[INFO] ------------------------------------------------------------------------
[INFO] Building Release Notes 1.0.0-SNAPSHOT
[INFO] ------------------------------------------------------------------------
[INFO] 
[INFO] --- asciidoctor-maven-plugin:1.5.5:process-asciidoc (asciidoc-to-html) @ release-notes ---
[INFO] Using 'ANSI_X3.4-1968' encoding to copy filtered resources.
[INFO] ignoreDelta true
[INFO] Copying 0 resource
[INFO] Rendered /tmp/build/release_notes/index.adoc
[INFO] 
[INFO] --- maven-antrun-plugin:1.8:run (echo-output) @ release-notes ---
[INFO] Executing tasks

main:
     [echo] OUTPUT: file:///tmp/build/release_notes/target/generated-docs/index.html ${projectLatestBuild}
[INFO] Executed tasks
[INFO] 
[INFO] --- maven-install-plugin:2.5.2:install (default-install) @ release-notes ---
[INFO] Installing /tmp/build/release_notes/pom.xml to /home/maven/.m2/repository/org/keycloak/documentation/release-notes/1.0.0-SNAPSHOT/release-notes-1.0.0-SNAPSHOT.pom
[INFO]                                                                         
[INFO] ------------------------------------------------------------------------
[INFO] Building Upgrading Guide 1.0.0-SNAPSHOT
[INFO] ------------------------------------------------------------------------
[INFO] 
[INFO] --- header-maven-plugin:1.0.0-SNAPSHOT:header (add-file-headers) @ upgrading ---
[INFO] 
[INFO] --- asciidoctor-maven-plugin:1.5.5:process-asciidoc (asciidoc-to-html) @ upgrading ---
[INFO] Using 'ANSI_X3.4-1968' encoding to copy filtered resources.
[INFO] ignoreDelta true
[INFO] Copying 7 resources
[INFO] Copying file images/patching-domain-tab.png
[INFO] Copying file images/patching-rollback-table.png
[INFO] Copying file images/theme-migration-meld-info-2.png
[INFO] Copying file images/patching-select-patch.png
[INFO] Copying file images/patching-standalone-tab.png
[INFO] Copying file images/patching-rollback-options.png
[INFO] Copying file images/theme-migration-meld-info-1.png
[INFO] Rendered /tmp/build/upgrading/target/sources/index.adoc
[INFO] 
[INFO] --- maven-antrun-plugin:1.8:run (echo-output) @ upgrading ---
[INFO] Executing tasks

main:
     [echo] OUTPUT: file:///tmp/build/upgrading/target/generated-docs/index.html ${projectLatestBuild}
[INFO] Executed tasks
[INFO] 
[INFO] --- maven-install-plugin:2.5.2:install (default-install) @ upgrading ---
[INFO] Installing /tmp/build/upgrading/pom.xml to /home/maven/.m2/repository/org/keycloak/documentation/upgrading/1.0.0-SNAPSHOT/upgrading-1.0.0-SNAPSHOT.pom
[INFO]                                                                         
[INFO] ------------------------------------------------------------------------
[INFO] Building Aggregation 1.0.0-SNAPSHOT
[INFO] ------------------------------------------------------------------------
[INFO] 
[INFO] --- maven-antrun-plugin:1.8:run (echo-output) @ aggregation ---
[INFO] Executing tasks

main:
     [echo] OUTPUT: file:///tmp/build/aggregation/target/generated-docs/index.html ${projectLatestBuild}
[INFO] Executed tasks
[INFO] 
[INFO] --- maven-resources-plugin:3.0.2:copy-resources (asciidoc-copy-resources) @ aggregation ---
[INFO] Using 'UTF-8' encoding to copy filtered resources.
[INFO] 
[INFO] --- maven-resources-plugin:3.0.2:copy-resources (copy-api_documentation) @ aggregation ---
[INFO] Using 'UTF-8' encoding to copy filtered resources.
[INFO] Copying 1 resource
[INFO] 
[INFO] --- maven-resources-plugin:3.0.2:copy-resources (copy-authorization_services) @ aggregation ---
[INFO] Using 'UTF-8' encoding to copy filtered resources.
[INFO] Copying 51 resources
[INFO] 
[INFO] --- maven-resources-plugin:3.0.2:copy-resources (copy-getting_started) @ aggregation ---
[INFO] Using 'UTF-8' encoding to copy filtered resources.
[INFO] Copying 19 resources
[INFO] 
[INFO] --- maven-resources-plugin:3.0.2:copy-resources (copy-securing_apps) @ aggregation ---
[INFO] Using 'UTF-8' encoding to copy filtered resources.
[INFO] Copying 18 resources
[INFO] 
[INFO] --- maven-resources-plugin:3.0.2:copy-resources (copy-server_admin) @ aggregation ---
[INFO] Using 'UTF-8' encoding to copy filtered resources.
[INFO] Copying 196 resources
[INFO] 
[INFO] --- maven-resources-plugin:3.0.2:copy-resources (copy-server_development) @ aggregation ---
[INFO] Using 'UTF-8' encoding to copy filtered resources.
[INFO] Copying 7 resources
[INFO] 
[INFO] --- maven-resources-plugin:3.0.2:copy-resources (copy-server_installation) @ aggregation ---
[INFO] Using 'UTF-8' encoding to copy filtered resources.
[INFO] Copying 44 resources
[INFO] 
[INFO] --- maven-resources-plugin:3.0.2:copy-resources (copy-release_notes) @ aggregation ---
[INFO] Using 'UTF-8' encoding to copy filtered resources.
[INFO] Copying 1 resource
[INFO] 
[INFO] --- maven-resources-plugin:3.0.2:copy-resources (copy-upgrading) @ aggregation ---
[INFO] Using 'UTF-8' encoding to copy filtered resources.
[INFO] Copying 8 resources
[INFO] 
[INFO] --- maven-resources-plugin:3.0.2:copy-resources (copy-index) @ aggregation ---
[INFO] Using 'UTF-8' encoding to copy filtered resources.
[INFO] Copying 2 resources
[INFO] 
[INFO] --- maven-antrun-plugin:1.8:run (echo-output-aggregation) @ aggregation ---
[INFO] Executing tasks

main:
     [echo] OUTPUT (no-frames): file:///tmp/build/target/index.html
[INFO] Executed tasks
[INFO] 
[INFO] --- maven-install-plugin:2.5.2:install (default-install) @ aggregation ---
[INFO] Installing /tmp/build/aggregation/pom.xml to /home/maven/.m2/repository/org/keycloak/documentation/aggregation/1.0.0-SNAPSHOT/aggregation-1.0.0-SNAPSHOT.pom
[INFO]                                                                         
[INFO] ------------------------------------------------------------------------
[INFO] Building Tests 1.0.0-SNAPSHOT
[INFO] ------------------------------------------------------------------------
[INFO] Downloading: https://repo.maven.apache.org/maven2/junit/junit/4.12/junit-4.12.pom
[INFO] Downloaded: https://repo.maven.apache.org/maven2/junit/junit/4.12/junit-4.12.pom (24 KB at 1284.6 KB/sec)
[INFO] Downloading: https://repo.maven.apache.org/maven2/org/hamcrest/hamcrest-core/1.3/hamcrest-core-1.3.pom
[INFO] Downloaded: https://repo.maven.apache.org/maven2/org/hamcrest/hamcrest-core/1.3/hamcrest-core-1.3.pom (766 B at 39.4 KB/sec)
[INFO] Downloading: https://repo.maven.apache.org/maven2/org/hamcrest/hamcrest-parent/1.3/hamcrest-parent-1.3.pom
[INFO] Downloaded: https://repo.maven.apache.org/maven2/org/hamcrest/hamcrest-parent/1.3/hamcrest-parent-1.3.pom (2 KB at 240.7 KB/sec)
[INFO] Downloading: https://repo.maven.apache.org/maven2/org/apache/logging/log4j/log4j-api/2.13.0/log4j-api-2.13.0.pom
[INFO] Downloaded: https://repo.maven.apache.org/maven2/org/apache/logging/log4j/log4j-api/2.13.0/log4j-api-2.13.0.pom (13 KB at 916.6 KB/sec)
[INFO] Downloading: https://repo.maven.apache.org/maven2/org/apache/logging/log4j/log4j/2.13.0/log4j-2.13.0.pom
[INFO] Downloaded: https://repo.maven.apache.org/maven2/org/apache/logging/log4j/log4j/2.13.0/log4j-2.13.0.pom (64 KB at 1827.1 KB/sec)
[INFO] Downloading: https://repo.maven.apache.org/maven2/org/apache/apache/21/apache-21.pom
[INFO] Downloaded: https://repo.maven.apache.org/maven2/org/apache/apache/21/apache-21.pom (17 KB at 759.4 KB/sec)
[INFO] Downloading: https://repo.maven.apache.org/maven2/org/apache/logging/log4j/log4j-core/2.13.2/log4j-core-2.13.2.pom
[INFO] Downloaded: https://repo.maven.apache.org/maven2/org/apache/logging/log4j/log4j-core/2.13.2/log4j-core-2.13.2.pom (23 KB at 1188.2 KB/sec)
[INFO] Downloading: https://repo.maven.apache.org/maven2/org/apache/logging/log4j/log4j/2.13.2/log4j-2.13.2.pom
[INFO] Downloaded: https://repo.maven.apache.org/maven2/org/apache/logging/log4j/log4j/2.13.2/log4j-2.13.2.pom (63 KB at 2482.1 KB/sec)
[INFO] Downloading: https://repo.maven.apache.org/maven2/org/apache/logging/log4j/log4j-api/2.13.2/log4j-api-2.13.2.pom
[INFO] Downloaded: https://repo.maven.apache.org/maven2/org/apache/logging/log4j/log4j-api/2.13.2/log4j-api-2.13.2.pom (13 KB at 320.8 KB/sec)
[INFO] Downloading: https://repo.maven.apache.org/maven2/org/asciidoctor/asciidoctorj/2.1.0/asciidoctorj-2.1.0.pom
[INFO] Downloaded: https://repo.maven.apache.org/maven2/org/asciidoctor/asciidoctorj/2.1.0/asciidoctorj-2.1.0.pom (3 KB at 125.5 KB/sec)
[INFO] Downloading: https://repo.maven.apache.org/maven2/org/asciidoctor/asciidoctorj-api/2.1.0/asciidoctorj-api-2.1.0.pom
[INFO] Downloaded: https://repo.maven.apache.org/maven2/org/asciidoctor/asciidoctorj-api/2.1.0/asciidoctorj-api-2.1.0.pom (2 KB at 100.2 KB/sec)
[INFO] Downloading: https://repo.maven.apache.org/maven2/org/jruby/jruby/9.2.7.0/jruby-9.2.7.0.pom
[INFO] Downloaded: https://repo.maven.apache.org/maven2/org/jruby/jruby/9.2.7.0/jruby-9.2.7.0.pom (7 KB at 394.4 KB/sec)
[INFO] Downloading: https://repo.maven.apache.org/maven2/org/jruby/jruby-artifacts/9.2.7.0/jruby-artifacts-9.2.7.0.pom
[INFO] Downloaded: https://repo.maven.apache.org/maven2/org/jruby/jruby-artifacts/9.2.7.0/jruby-artifacts-9.2.7.0.pom (4 KB at 184.1 KB/sec)
[INFO] Downloading: https://repo.maven.apache.org/maven2/org/jruby/jruby-parent/9.2.7.0/jruby-parent-9.2.7.0.pom
[INFO] Downloaded: https://repo.maven.apache.org/maven2/org/jruby/jruby-parent/9.2.7.0/jruby-parent-9.2.7.0.pom (25 KB at 1173.2 KB/sec)
[INFO] Downloading: https://repo.maven.apache.org/maven2/org/jruby/jruby-core/9.2.7.0/jruby-core-9.2.7.0.pom
[INFO] Downloaded: https://repo.maven.apache.org/maven2/org/jruby/jruby-core/9.2.7.0/jruby-core-9.2.7.0.pom (43 KB at 1517.3 KB/sec)
[INFO] Downloading: https://repo.maven.apache.org/maven2/com/github/jnr/jnr-netdb/1.1.6/jnr-netdb-1.1.6.pom
[INFO] Downloaded: https://repo.maven.apache.org/maven2/com/github/jnr/jnr-netdb/1.1.6/jnr-netdb-1.1.6.pom (2 KB at 90.1 KB/sec)
[INFO] Downloading: https://repo.maven.apache.org/maven2/com/github/jnr/jnr-enxio/0.19/jnr-enxio-0.19.pom
[INFO] Downloaded: https://repo.maven.apache.org/maven2/com/github/jnr/jnr-enxio/0.19/jnr-enxio-0.19.pom (5 KB at 253.0 KB/sec)
[INFO] Downloading: https://repo.maven.apache.org/maven2/com/github/jnr/jnr-constants/0.9.11/jnr-constants-0.9.11.pom
[INFO] Downloaded: https://repo.maven.apache.org/maven2/com/github/jnr/jnr-constants/0.9.11/jnr-constants-0.9.11.pom (4 KB at 131.5 KB/sec)
[INFO] Downloading: https://repo.maven.apache.org/maven2/com/github/jnr/jnr-unixsocket/0.20/jnr-unixsocket-0.20.pom
[INFO] Downloaded: https://repo.maven.apache.org/maven2/com/github/jnr/jnr-unixsocket/0.20/jnr-unixsocket-0.20.pom (10 KB at 521.0 KB/sec)
[INFO] Downloading: https://repo.maven.apache.org/maven2/com/github/jnr/jnr-enxio/0.18/jnr-enxio-0.18.pom
[INFO] Downloaded: https://repo.maven.apache.org/maven2/com/github/jnr/jnr-enxio/0.18/jnr-enxio-0.18.pom (5 KB at 202.4 KB/sec)
[INFO] Downloading: https://repo.maven.apache.org/maven2/com/github/jnr/jnr-posix/3.0.46/jnr-posix-3.0.46.pom
[INFO] Downloaded: https://repo.maven.apache.org/maven2/com/github/jnr/jnr-posix/3.0.46/jnr-posix-3.0.46.pom (7 KB at 247.8 KB/sec)
[INFO] Downloading: https://repo.maven.apache.org/maven2/com/github/jnr/jnr-constants/0.9.9/jnr-constants-0.9.9.pom
[INFO] Downloaded: https://repo.maven.apache.org/maven2/com/github/jnr/jnr-constants/0.9.9/jnr-constants-0.9.9.pom (4 KB at 94.6 KB/sec)
[INFO] Downloading: https://repo.maven.apache.org/maven2/com/github/jnr/jnr-posix/3.0.49/jnr-posix-3.0.49.pom
[INFO] Downloaded: https://repo.maven.apache.org/maven2/com/github/jnr/jnr-posix/3.0.49/jnr-posix-3.0.49.pom (7 KB at 268.6 KB/sec)
[INFO] Downloading: https://repo.maven.apache.org/maven2/com/github/jnr/jnr-constants/0.9.12/jnr-constants-0.9.12.pom
[INFO] Downloaded: https://repo.maven.apache.org/maven2/com/github/jnr/jnr-constants/0.9.12/jnr-constants-0.9.12.pom (4 KB at 193.8 KB/sec)
[INFO] Downloading: https://repo.maven.apache.org/maven2/com/github/jnr/jffi/1.2.18/jffi-1.2.18.pom
[INFO] Downloaded: https://repo.maven.apache.org/maven2/com/github/jnr/jffi/1.2.18/jffi-1.2.18.pom (10 KB at 474.0 KB/sec)
[INFO] Downloading: https://repo.maven.apache.org/maven2/org/jruby/joni/joni/2.1.26/joni-2.1.26.pom
[INFO] Downloaded: https://repo.maven.apache.org/maven2/org/jruby/joni/joni/2.1.26/joni-2.1.26.pom (8 KB at 233.5 KB/sec)
[INFO] Downloading: https://repo.maven.apache.org/maven2/org/jruby/jcodings/jcodings/1.0.43/jcodings-1.0.43.pom
[INFO] Downloaded: https://repo.maven.apache.org/maven2/org/jruby/jcodings/jcodings/1.0.43/jcodings-1.0.43.pom (6 KB at 227.6 KB/sec)
[INFO] Downloading: https://repo.maven.apache.org/maven2/org/jruby/dirgra/0.3/dirgra-0.3.pom
[INFO] Downloaded: https://repo.maven.apache.org/maven2/org/jruby/dirgra/0.3/dirgra-0.3.pom (3 KB at 124.4 KB/sec)
[INFO] Downloading: https://repo.maven.apache.org/maven2/com/headius/invokebinder/1.11/invokebinder-1.11.pom
[INFO] Downloaded: https://repo.maven.apache.org/maven2/com/headius/invokebinder/1.11/invokebinder-1.11.pom (5 KB at 250.4 KB/sec)
[INFO] Downloading: https://repo.maven.apache.org/maven2/com/headius/options/1.4/options-1.4.pom
[INFO] Downloaded: https://repo.maven.apache.org/maven2/com/headius/options/1.4/options-1.4.pom (2 KB at 72.9 KB/sec)
[INFO] Downloading: https://repo.maven.apache.org/maven2/com/jcraft/jzlib/1.1.3/jzlib-1.1.3.pom
[INFO] Downloaded: https://repo.maven.apache.org/maven2/com/jcraft/jzlib/1.1.3/jzlib-1.1.3.pom (4 KB at 160.0 KB/sec)
[INFO] Downloading: https://repo.maven.apache.org/maven2/org/sonatype/oss/oss-parent/6/oss-parent-6.pom
[INFO] Downloaded: https://repo.maven.apache.org/maven2/org/sonatype/oss/oss-parent/6/oss-parent-6.pom (5 KB at 205.1 KB/sec)
[INFO] Downloading: https://repo.maven.apache.org/maven2/com/martiansoftware/nailgun-server/0.9.1/nailgun-server-0.9.1.pom
[INFO] Downloaded: https://repo.maven.apache.org/maven2/com/martiansoftware/nailgun-server/0.9.1/nailgun-server-0.9.1.pom (2 KB at 92.9 KB/sec)
[INFO] Downloading: https://repo.maven.apache.org/maven2/com/martiansoftware/nailgun-all/0.9.1/nailgun-all-0.9.1.pom
[INFO] Downloaded: https://repo.maven.apache.org/maven2/com/martiansoftware/nailgun-all/0.9.1/nailgun-all-0.9.1.pom (5 KB at 232.2 KB/sec)
[INFO] Downloading: https://repo.maven.apache.org/maven2/joda-time/joda-time/2.9.9/joda-time-2.9.9.pom
[INFO] Downloaded: https://repo.maven.apache.org/maven2/joda-time/joda-time/2.9.9/joda-time-2.9.9.pom (34 KB at 1610.3 KB/sec)
[INFO] Downloading: https://repo.maven.apache.org/maven2/com/headius/backport9/1.2/backport9-1.2.pom
[INFO] Downloaded: https://repo.maven.apache.org/maven2/com/headius/backport9/1.2/backport9-1.2.pom (2 KB at 55.1 KB/sec)
[INFO] Downloading: https://repo.maven.apache.org/maven2/org/jruby/jruby-stdlib/9.2.7.0/jruby-stdlib-9.2.7.0.pom
[INFO] Downloaded: https://repo.maven.apache.org/maven2/org/jruby/jruby-stdlib/9.2.7.0/jruby-stdlib-9.2.7.0.pom (18 KB at 996.9 KB/sec)
[INFO] Downloading: https://repo.maven.apache.org/maven2/org/apache/httpcomponents/client5/httpclient5/5.0.1/httpclient5-5.0.1.pom
[INFO] Downloaded: https://repo.maven.apache.org/maven2/org/apache/httpcomponents/client5/httpclient5/5.0.1/httpclient5-5.0.1.pom (8 KB at 259.9 KB/sec)
[INFO] Downloading: https://repo.maven.apache.org/maven2/org/apache/httpcomponents/client5/httpclient5-parent/5.0.1/httpclient5-parent-5.0.1.pom
[INFO] Downloaded: https://repo.maven.apache.org/maven2/org/apache/httpcomponents/client5/httpclient5-parent/5.0.1/httpclient5-parent-5.0.1.pom (14 KB at 574.9 KB/sec)
[INFO] Downloading: https://repo.maven.apache.org/maven2/org/apache/httpcomponents/httpcomponents-parent/11/httpcomponents-parent-11.pom
[INFO] Downloaded: https://repo.maven.apache.org/maven2/org/apache/httpcomponents/httpcomponents-parent/11/httpcomponents-parent-11.pom (34 KB at 1355.3 KB/sec)
[INFO] Downloading: https://repo.maven.apache.org/maven2/org/apache/httpcomponents/core5/httpcore5/5.0.1/httpcore5-5.0.1.pom
[INFO] Downloaded: https://repo.maven.apache.org/maven2/org/apache/httpcomponents/core5/httpcore5/5.0.1/httpcore5-5.0.1.pom (6 KB at 169.0 KB/sec)
[INFO] Downloading: https://repo.maven.apache.org/maven2/org/apache/httpcomponents/core5/httpcore5-parent/5.0.1/httpcore5-parent-5.0.1.pom
[INFO] Downloaded: https://repo.maven.apache.org/maven2/org/apache/httpcomponents/core5/httpcore5-parent/5.0.1/httpcore5-parent-5.0.1.pom (11 KB at 375.8 KB/sec)
[INFO] Downloading: https://repo.maven.apache.org/maven2/org/apache/httpcomponents/core5/httpcore5-h2/5.0.1/httpcore5-h2-5.0.1.pom
[INFO] Downloaded: https://repo.maven.apache.org/maven2/org/apache/httpcomponents/core5/httpcore5-h2/5.0.1/httpcore5-h2-5.0.1.pom (6 KB at 238.3 KB/sec)
[INFO] Downloading: https://repo.maven.apache.org/maven2/org/slf4j/slf4j-api/1.7.25/slf4j-api-1.7.25.pom
[INFO] Downloaded: https://repo.maven.apache.org/maven2/org/slf4j/slf4j-api/1.7.25/slf4j-api-1.7.25.pom (4 KB at 208.0 KB/sec)
[INFO] Downloading: https://repo.maven.apache.org/maven2/org/slf4j/slf4j-parent/1.7.25/slf4j-parent-1.7.25.pom
[INFO] Downloaded: https://repo.maven.apache.org/maven2/org/slf4j/slf4j-parent/1.7.25/slf4j-parent-1.7.25.pom (14 KB at 507.4 KB/sec)
[INFO] Downloading: https://repo.maven.apache.org/maven2/commons-codec/commons-codec/1.13/commons-codec-1.13.pom
[INFO] Downloaded: https://repo.maven.apache.org/maven2/commons-codec/commons-codec/1.13/commons-codec-1.13.pom (14 KB at 663.8 KB/sec)
[INFO] Downloading: https://repo.maven.apache.org/maven2/org/apache/commons/commons-parent/48/commons-parent-48.pom
[INFO] Downloaded: https://repo.maven.apache.org/maven2/org/apache/commons/commons-parent/48/commons-parent-48.pom (71 KB at 5411.2 KB/sec)
[INFO] Downloading: https://repo.maven.apache.org/maven2/junit/junit/4.12/junit-4.12.jar
[INFO] Downloading: https://repo.maven.apache.org/maven2/org/hamcrest/hamcrest-core/1.3/hamcrest-core-1.3.jar
[INFO] Downloading: https://repo.maven.apache.org/maven2/org/apache/logging/log4j/log4j-api/2.13.0/log4j-api-2.13.0.jar
[INFO] Downloading: https://repo.maven.apache.org/maven2/org/apache/logging/log4j/log4j-core/2.13.2/log4j-core-2.13.2.jar
[INFO] Downloading: https://repo.maven.apache.org/maven2/org/asciidoctor/asciidoctorj/2.1.0/asciidoctorj-2.1.0.jar
[INFO] Downloaded: https://repo.maven.apache.org/maven2/org/hamcrest/hamcrest-core/1.3/hamcrest-core-1.3.jar (44 KB at 1256.2 KB/sec)
[INFO] Downloading: https://repo.maven.apache.org/maven2/org/asciidoctor/asciidoctorj-api/2.1.0/asciidoctorj-api-2.1.0.jar
[INFO] Downloaded: https://repo.maven.apache.org/maven2/org/asciidoctor/asciidoctorj-api/2.1.0/asciidoctorj-api-2.1.0.jar (56 KB at 438.1 KB/sec)
[INFO] Downloading: https://repo.maven.apache.org/maven2/org/jruby/jruby/9.2.7.0/jruby-9.2.7.0.jar
[INFO] Downloaded: https://repo.maven.apache.org/maven2/org/apache/logging/log4j/log4j-api/2.13.0/log4j-api-2.13.0.jar (280 KB at 2184.0 KB/sec)
[INFO] Downloading: https://repo.maven.apache.org/maven2/org/jruby/jruby-core/9.2.7.0/jruby-core-9.2.7.0.jar
[INFO] Downloaded: https://repo.maven.apache.org/maven2/org/jruby/jruby/9.2.7.0/jruby-9.2.7.0.jar (42 KB at 284.6 KB/sec)
[INFO] Downloading: https://repo.maven.apache.org/maven2/com/github/jnr/jnr-netdb/1.1.6/jnr-netdb-1.1.6.jar
[INFO] Downloaded: https://repo.maven.apache.org/maven2/junit/junit/4.12/junit-4.12.jar (308 KB at 1971.5 KB/sec)
[INFO] Downloading: https://repo.maven.apache.org/maven2/com/github/jnr/jnr-enxio/0.19/jnr-enxio-0.19.jar
[INFO] Downloaded: https://repo.maven.apache.org/maven2/com/github/jnr/jnr-enxio/0.19/jnr-enxio-0.19.jar (30 KB at 174.4 KB/sec)
[INFO] Downloading: https://repo.maven.apache.org/maven2/com/github/jnr/jnr-unixsocket/0.20/jnr-unixsocket-0.20.jar
[INFO] Downloaded: https://repo.maven.apache.org/maven2/com/github/jnr/jnr-netdb/1.1.6/jnr-netdb-1.1.6.jar (61 KB at 358.3 KB/sec)
[INFO] Downloading: https://repo.maven.apache.org/maven2/com/github/jnr/jnr-posix/3.0.49/jnr-posix-3.0.49.jar
[INFO] Downloaded: https://repo.maven.apache.org/maven2/com/github/jnr/jnr-unixsocket/0.20/jnr-unixsocket-0.20.jar (44 KB at 201.9 KB/sec)
[INFO] Downloading: https://repo.maven.apache.org/maven2/com/github/jnr/jnr-constants/0.9.12/jnr-constants-0.9.12.jar
[INFO] Downloaded: https://repo.maven.apache.org/maven2/com/github/jnr/jnr-posix/3.0.49/jnr-posix-3.0.49.jar (236 KB at 912.5 KB/sec)
[INFO] Downloading: https://repo.maven.apache.org/maven2/com/github/jnr/jffi/1.2.18/jffi-1.2.18.jar
[INFO] Downloaded: https://repo.maven.apache.org/maven2/com/github/jnr/jffi/1.2.18/jffi-1.2.18.jar (148 KB at 464.0 KB/sec)
[INFO] Downloading: https://repo.maven.apache.org/maven2/com/github/jnr/jffi/1.2.18/jffi-1.2.18-native.jar
[INFO] Downloaded: https://repo.maven.apache.org/maven2/com/github/jnr/jnr-constants/0.9.12/jnr-constants-0.9.12.jar (538 KB at 1399.0 KB/sec)
[INFO] Downloading: https://repo.maven.apache.org/maven2/org/jruby/joni/joni/2.1.26/joni-2.1.26.jar
[INFO] Downloaded: https://repo.maven.apache.org/maven2/org/jruby/joni/joni/2.1.26/joni-2.1.26.jar (217 KB at 469.3 KB/sec)
[INFO] Downloading: https://repo.maven.apache.org/maven2/org/jruby/jcodings/jcodings/1.0.43/jcodings-1.0.43.jar
[INFO] Downloaded: https://repo.maven.apache.org/maven2/org/asciidoctor/asciidoctorj/2.1.0/asciidoctorj-2.1.0.jar (1555 KB at 3301.2 KB/sec)
[INFO] Downloading: https://repo.maven.apache.org/maven2/org/jruby/dirgra/0.3/dirgra-0.3.jar
[INFO] Downloaded: https://repo.maven.apache.org/maven2/org/jruby/dirgra/0.3/dirgra-0.3.jar (17 KB at 32.6 KB/sec)
[INFO] Downloading: https://repo.maven.apache.org/maven2/com/headius/invokebinder/1.11/invokebinder-1.11.jar
[INFO] Downloaded: https://repo.maven.apache.org/maven2/com/github/jnr/jffi/1.2.18/jffi-1.2.18-native.jar (706 KB at 1431.5 KB/sec)
[INFO] Downloading: https://repo.maven.apache.org/maven2/com/headius/options/1.4/options-1.4.jar
[INFO] Downloaded: https://repo.maven.apache.org/maven2/com/headius/options/1.4/options-1.4.jar (14 KB at 26.9 KB/sec)
[INFO] Downloading: https://repo.maven.apache.org/maven2/com/jcraft/jzlib/1.1.3/jzlib-1.1.3.jar
[INFO] Downloaded: https://repo.maven.apache.org/maven2/com/headius/invokebinder/1.11/invokebinder-1.11.jar (49 KB at 93.1 KB/sec)
[INFO] Downloading: https://repo.maven.apache.org/maven2/com/martiansoftware/nailgun-server/0.9.1/nailgun-server-0.9.1.jar
[INFO] Downloaded: https://repo.maven.apache.org/maven2/com/jcraft/jzlib/1.1.3/jzlib-1.1.3.jar (71 KB at 131.1 KB/sec)
[INFO] Downloading: https://repo.maven.apache.org/maven2/joda-time/joda-time/2.9.9/joda-time-2.9.9.jar
[INFO] Downloaded: https://repo.maven.apache.org/maven2/com/martiansoftware/nailgun-server/0.9.1/nailgun-server-0.9.1.jar (33 KB at 59.5 KB/sec)
[INFO] Downloading: https://repo.maven.apache.org/maven2/com/headius/backport9/1.2/backport9-1.2.jar
[INFO] Downloaded: https://repo.maven.apache.org/maven2/org/apache/logging/log4j/log4j-core/2.13.2/log4j-core-2.13.2.jar (1674 KB at 3065.9 KB/sec)
[INFO] Downloading: https://repo.maven.apache.org/maven2/org/jruby/jruby-stdlib/9.2.7.0/jruby-stdlib-9.2.7.0.jar
[INFO] Downloaded: https://repo.maven.apache.org/maven2/com/headius/backport9/1.2/backport9-1.2.jar (13 KB at 22.3 KB/sec)
[INFO] Downloading: https://repo.maven.apache.org/maven2/org/apache/httpcomponents/client5/httpclient5/5.0.1/httpclient5-5.0.1.jar
[INFO] Downloaded: https://repo.maven.apache.org/maven2/joda-time/joda-time/2.9.9/joda-time-2.9.9.jar (620 KB at 808.3 KB/sec)
[INFO] Downloading: https://repo.maven.apache.org/maven2/org/apache/httpcomponents/core5/httpcore5/5.0.1/httpcore5-5.0.1.jar
[INFO] Downloaded: https://repo.maven.apache.org/maven2/org/apache/httpcomponents/client5/httpclient5/5.0.1/httpclient5-5.0.1.jar (761 KB at 954.5 KB/sec)
[INFO] Downloading: https://repo.maven.apache.org/maven2/org/apache/httpcomponents/core5/httpcore5-h2/5.0.1/httpcore5-h2-5.0.1.jar
[INFO] Downloaded: https://repo.maven.apache.org/maven2/org/apache/httpcomponents/core5/httpcore5-h2/5.0.1/httpcore5-h2-5.0.1.jar (224 KB at 248.1 KB/sec)
[INFO] Downloading: https://repo.maven.apache.org/maven2/org/slf4j/slf4j-api/1.7.25/slf4j-api-1.7.25.jar
[INFO] Downloaded: https://repo.maven.apache.org/maven2/org/slf4j/slf4j-api/1.7.25/slf4j-api-1.7.25.jar (41 KB at 44.1 KB/sec)
[INFO] Downloading: https://repo.maven.apache.org/maven2/commons-codec/commons-codec/1.13/commons-codec-1.13.jar
[INFO] Downloaded: https://repo.maven.apache.org/maven2/org/jruby/jcodings/jcodings/1.0.43/jcodings-1.0.43.jar (1644 KB at 1683.4 KB/sec)
[INFO] Downloaded: https://repo.maven.apache.org/maven2/commons-codec/commons-codec/1.13/commons-codec-1.13.jar (337 KB at 335.9 KB/sec)
[INFO] Downloaded: https://repo.maven.apache.org/maven2/org/apache/httpcomponents/core5/httpcore5/5.0.1/httpcore5-5.0.1.jar (802 KB at 794.0 KB/sec)
[INFO] Downloaded: https://repo.maven.apache.org/maven2/org/jruby/jruby-core/9.2.7.0/jruby-core-9.2.7.0.jar (9929 KB at 5214.5 KB/sec)
[INFO] Downloaded: https://repo.maven.apache.org/maven2/org/jruby/jruby-stdlib/9.2.7.0/jruby-stdlib-9.2.7.0.jar (12212 KB at 5942.2 KB/sec)
[INFO] 
[INFO] --- maven-resources-plugin:3.0.2:resources (default-resources) @ tests ---
[INFO] Using 'UTF-8' encoding to copy filtered resources.
[INFO] skip non existing resourceDirectory /tmp/build/tests/src/main/resources
[INFO] 
[INFO] --- maven-resources-plugin:3.0.2:copy-resources (asciidoc-copy-resources) @ tests ---
[INFO] Using 'UTF-8' encoding to copy filtered resources.
[INFO] 
[INFO] --- maven-compiler-plugin:3.6.1:compile (default-compile) @ tests ---
[INFO] No sources to compile
[INFO] 
[INFO] --- maven-resources-plugin:3.0.2:testResources (default-testResources) @ tests ---
[INFO] Using 'UTF-8' encoding to copy filtered resources.
[INFO] Copying 6 resources
[INFO] 
[INFO] --- maven-compiler-plugin:3.6.1:testCompile (default-testCompile) @ tests ---
[INFO] Changes detected - recompiling the module!
[INFO] Compiling 16 source files to /tmp/build/tests/target/test-classes
[INFO] 
[INFO] --- maven-surefire-plugin:2.12.4:test (default-test) @ tests ---
[INFO] Surefire report directory: /tmp/build/tests/target/surefire-reports
[INFO] Downloading: https://repo.maven.apache.org/maven2/org/apache/maven/surefire/surefire-junit4/2.12.4/surefire-junit4-2.12.4.pom
[INFO] Downloaded: https://repo.maven.apache.org/maven2/org/apache/maven/surefire/surefire-junit4/2.12.4/surefire-junit4-2.12.4.pom (3 KB at 94.1 KB/sec)
[INFO] Downloading: https://repo.maven.apache.org/maven2/org/apache/maven/surefire/surefire-providers/2.12.4/surefire-providers-2.12.4.pom
[INFO] Downloaded: https://repo.maven.apache.org/maven2/org/apache/maven/surefire/surefire-providers/2.12.4/surefire-providers-2.12.4.pom (3 KB at 109.2 KB/sec)
[INFO] Downloading: https://repo.maven.apache.org/maven2/org/apache/maven/surefire/surefire-junit4/2.12.4/surefire-junit4-2.12.4.jar
[INFO] Downloaded: https://repo.maven.apache.org/maven2/org/apache/maven/surefire/surefire-junit4/2.12.4/surefire-junit4-2.12.4.jar (37 KB at 1717.0 KB/sec)

-------------------------------------------------------
 T E S T S
-------------------------------------------------------
Running org.keycloak.documentation.test.SecuringAppsTest
SLF4J: Failed to load class "org.slf4j.impl.StaticLoggerBinder".
SLF4J: Defaulting to no-operation (NOP) logger implementation
SLF4J: See http://www.slf4j.org/codes.html#StaticLoggerBinder for further details.
Tests run: 5, Failures: 1, Errors: 0, Skipped: 0, Time elapsed: 157.776 sec <<< FAILURE!
checkExternalLinks(org.keycloak.documentation.test.SecuringAppsTest)  Time elapsed: 145.437 sec  <<< FAILURE!
* https://github.com/distribution/distribution/blob/master/cmd/registry/config-example.yml (invalid redirect to https://github.com/distribution/distribution/blob/main/cmd/registry/config-example.yml)

Running org.keycloak.documentation.test.AuthorizationServicesTest
Tests run: 5, Failures: 0, Errors: 0, Skipped: 0, Time elapsed: 1.924 sec
Running org.keycloak.documentation.test.GettingStartedTest
Tests run: 5, Failures: 0, Errors: 0, Skipped: 0, Time elapsed: 0.313 sec
Running org.keycloak.documentation.test.ServerDeveloperTest
Tests run: 5, Failures: 0, Errors: 0, Skipped: 0, Time elapsed: 1.701 sec
Running org.keycloak.documentation.test.ReleaseNotesTest
Tests run: 5, Failures: 0, Errors: 0, Skipped: 0, Time elapsed: 157.784 sec
Running org.keycloak.documentation.test.ServerAdminTest
Tests run: 5, Failures: 0, Errors: 0, Skipped: 0, Time elapsed: 277.44 sec
Running org.keycloak.documentation.test.OpenShiftTest
Tests run: 1, Failures: 0, Errors: 0, Skipped: 1, Time elapsed: 0.052 sec
Running org.keycloak.documentation.test.ServerInstallationTest
Tests run: 5, Failures: 0, Errors: 0, Skipped: 0, Time elapsed: 131.59 sec
Running org.keycloak.documentation.test.UpgradingTest
Tests run: 5, Failures: 0, Errors: 0, Skipped: 0, Time elapsed: 128.029 sec

Results :

Failed tests:   checkExternalLinks(org.keycloak.documentation.test.SecuringAppsTest): Invalid links

Tests run: 41, Failures: 1, Errors: 0, Skipped: 1

[INFO] ------------------------------------------------------------------------
[INFO] Reactor Summary:
[INFO] 
[INFO] Keycloak Documentation Parent ...................... SUCCESS [  4.065 s]
[INFO] github-maven-plugin ................................ SUCCESS [ 18.201 s]
[INFO] API Documentation .................................. SUCCESS [ 11.453 s]
[INFO] Authorization Services ............................. SUCCESS [  5.404 s]
[INFO] Getting Started .................................... SUCCESS [  1.857 s]
[INFO] Securing Applications and Services ................. SUCCESS [  5.108 s]
[INFO] Server Administration .............................. SUCCESS [  5.045 s]
[INFO] Server Developer ................................... SUCCESS [  2.351 s]
[INFO] Server Installation and Configuration .............. SUCCESS [  3.246 s]
[INFO] Release Notes ...................................... SUCCESS [  1.132 s]
[INFO] Upgrading Guide .................................... SUCCESS [  1.910 s]
[INFO] Aggregation ........................................ SUCCESS [  0.866 s]
[INFO] Tests .............................................. FAILURE [14:23 min]
[INFO] ------------------------------------------------------------------------
[INFO] BUILD FAILURE
[INFO] ------------------------------------------------------------------------
[INFO] Total time: 15:24 min
[INFO] Finished at: 2021-01-28T08:02:32+00:00
[INFO] Final Memory: 117M/239M
[INFO] ------------------------------------------------------------------------
[ERROR] Failed to execute goal org.apache.maven.plugins:maven-surefire-plugin:2.12.4:test (default-test) on project tests: There are test failures.
[ERROR] 
[ERROR] Please refer to /tmp/build/tests/target/surefire-reports for the individual test results.
[ERROR] -> [Help 1]
[ERROR] 
[ERROR] To see the full stack trace of the errors, re-run Maven with the -e switch.
[ERROR] Re-run Maven using the -X switch to enable full debug logging.
[ERROR] 
[ERROR] For more information about the errors and possible solutions, please read the following articles:
[ERROR] [Help 1] http://cwiki.apache.org/confluence/display/MAVEN/MojoFailureException
[ERROR] 
[ERROR] After correcting the problems, you can resume the build with the command
[ERROR]   mvn <goals> -rf :tests
